
Gurobi 7.0.1 (win64, Python) logging started 11/23/16 22:32:10

Changed value of parameter MIPGap to 0.01
   Prev: 0.0001  Min: 0.0  Max: 1e+100  Default: 0.0001
Changed value of parameter TimeLimit to 1800.0
   Prev: 1e+100  Min: 0.0  Max: 1e+100  Default: 1e+100
Changed value of parameter Method to 2
   Prev: -1  Min: -1  Max: 4  Default: -1
Changed value of parameter MIPFocus to 1
   Prev: 0  Min: 0  Max: 3  Default: 0
Optimize a model with 5365 rows, 13469 columns and 46898 nonzeros
Variable types: 300 continuous, 13169 integer (13169 binary)
Coefficient statistics:
  Matrix range     [1e+00, 4e+01]
  Objective range  [1e+00, 1e+00]
  Bounds range     [1e+00, 8e+01]
  RHS range        [0e+00, 0e+00]
Found heuristic solution: objective 0
Presolve removed 1013 rows and 1313 columns
Presolve time: 0.06s
Presolved: 4352 rows, 12156 columns, 44572 nonzeros
Variable types: 0 continuous, 12156 integer (12156 binary)
Presolve removed 1013 rows and 0 columns
Presolved: 3339 rows, 12156 columns, 40520 nonzeros

Root barrier log...

Ordering time: 0.00s

Barrier statistics:
 AA' NZ     : 3.016e+04
 Factor NZ  : 5.105e+04 (roughly 7 MBytes of memory)
 Factor Ops : 3.545e+06 (less than 1 second per iteration)
 Threads    : 1

                  Objective                Residual
Iter       Primal          Dual         Primal    Dual     Compl     Time
   0  -4.14389316e+03 -1.09804900e+04  1.32e+02 1.11e-16  3.04e+00     0s
   1  -1.35383153e+03 -7.56646950e+03  2.04e+01 7.22e-16  5.89e-01     0s
   2  -9.11220964e+02 -3.11560999e+03  4.07e+00 1.55e-15  1.30e-01     0s
   3  -7.98411464e+02 -1.11327990e+03  5.15e-02 1.33e-15  1.30e-02     0s
   4  -8.14251158e+02 -9.04211031e+02  1.66e-02 6.66e-16  3.71e-03     0s
   5  -8.21661174e+02 -8.69368434e+02  1.05e-02 5.17e-16  1.97e-03     0s
   6  -8.25289176e+02 -8.53982571e+02  8.14e-03 4.99e-16  1.19e-03     0s
   7  -8.30026249e+02 -8.43724003e+02  5.28e-03 5.70e-16  5.71e-04     0s
   8  -8.35218145e+02 -8.41215142e+02  2.28e-03 4.78e-16  2.50e-04     0s
   9  -8.36223500e+02 -8.39821450e+02  1.74e-03 3.94e-16  1.51e-04     0s
  10  -8.37942215e+02 -8.39567500e+02  7.37e-04 4.21e-16  6.81e-05     0s
  11  -8.38385873e+02 -8.39426685e+02  4.89e-04 2.80e-16  4.36e-05     0s
  12  -8.38615124e+02 -8.39367906e+02  3.63e-04 4.62e-16  3.16e-05     0s
  13  -8.39177836e+02 -8.39321374e+02  5.85e-05 5.14e-16  6.00e-06     0s
  14  -8.39303014e+02 -8.39304824e+02  7.80e-13 4.44e-16  7.36e-08     0s
  15  -8.39303541e+02 -8.39303543e+02  1.01e-12 4.82e-16  7.42e-11     0s

Barrier solved model in 15 iterations and 0.23 seconds
Optimal objective -8.39303541e+02


Root relaxation: objective -8.393035e+02, 5209 iterations, 0.20 seconds

    Nodes    |    Current Node    |     Objective Bounds      |     Work
 Expl Unexpl |  Obj  Depth IntInf | Incumbent    BestBd   Gap | It/Node Time

     0     0 -839.30354    0  372    0.00000 -839.30354      -     -    0s
H    0     0                    -631.0000000 -839.30354  33.0%     -    0s
     0     0 -838.64271    0  637 -631.00000 -838.64271  32.9%     -    0s
H    0     0                    -793.0000000 -838.64271  5.76%     -    1s
     0     0 -836.79089    0  564 -793.00000 -836.79089  5.52%     -    1s
     0     0 -836.46697    0  600 -793.00000 -836.46697  5.48%     -    1s
     0     0 -835.38876    0  592 -793.00000 -835.38876  5.35%     -    1s
     0     0 -835.38876    0  663 -793.00000 -835.38876  5.35%     -    1s
     0     0 -835.30423    0  648 -793.00000 -835.30423  5.33%     -    1s
     0     0 -835.30423    0  678 -793.00000 -835.30423  5.33%     -    1s
     0     0 -835.23314    0  654 -793.00000 -835.23314  5.33%     -    1s
     0     0 -835.23314    0  401 -793.00000 -835.23314  5.33%     -    2s
H    0     0                    -802.0000000 -835.23314  4.14%     -    2s
H    0     0                    -803.0000000 -835.23314  4.01%     -    2s
H    0     0                    -809.0000000 -835.23314  3.24%     -    2s
H    0     2                    -815.0000000 -835.23314  2.48%     -    2s
     0     2 -835.23314    0  387 -815.00000 -835.23314  2.48%     -    2s
H    2     4                    -817.0000000 -835.23314  2.23%   377    3s
H    3     6                    -819.0000000 -835.23314  1.98%   255    3s
H    4     6                    -823.0000000 -835.22571  1.49%   340    3s
H   38    33                    -824.0000000 -835.06544  1.34%  81.5    3s
H  118   119                    -825.0000000 -835.06544  1.22%  35.6    4s
   131   132 -834.60704   57  435 -825.00000 -835.06544  1.22%  34.3    5s
H  379   379                    -827.0000000 -835.06544  0.98%  23.3    8s

Cutting planes:
  Gomory: 42
  Cover: 110
  MIR: 44
  StrongCG: 48
  GUB cover: 38
  Zero half: 4

Explored 402 nodes (24519 simplex iterations) in 8.99 seconds
Thread count was 4 (of 4 available processors)

Solution count 10: -827 -825 -824 ... -802
Pool objective bound -835

Optimal solution found (tolerance 1.00e-02)
Best objective -8.270000000000e+02, best bound -8.350000000000e+02, gap 0.9674%
Changed value of parameter MIPGap to 0.01
   Prev: 0.0001  Min: 0.0  Max: 1e+100  Default: 0.0001
Changed value of parameter TimeLimit to 1800.0
   Prev: 1e+100  Min: 0.0  Max: 1e+100  Default: 1e+100
Changed value of parameter Method to 2
   Prev: -1  Min: -1  Max: 4  Default: -1
Changed value of parameter MIPFocus to 1
   Prev: 0  Min: 0  Max: 3  Default: 0
Optimize a model with 5365 rows, 13469 columns and 46898 nonzeros
Variable types: 300 continuous, 13169 integer (13169 binary)
Coefficient statistics:
  Matrix range     [1e+00, 4e+01]
  Objective range  [1e+00, 1e+00]
  Bounds range     [1e+00, 8e+01]
  RHS range        [0e+00, 0e+00]
Found heuristic solution: objective 0
Presolve removed 1013 rows and 1313 columns
Presolve time: 0.08s
Presolved: 4352 rows, 12156 columns, 44572 nonzeros
Variable types: 0 continuous, 12156 integer (12156 binary)
Presolve removed 1013 rows and 0 columns
Presolved: 3339 rows, 12156 columns, 40520 nonzeros

Root barrier log...

Ordering time: 0.02s

Barrier statistics:
 AA' NZ     : 3.016e+04
 Factor NZ  : 5.105e+04 (roughly 7 MBytes of memory)
 Factor Ops : 3.545e+06 (less than 1 second per iteration)
 Threads    : 1

                  Objective                Residual
Iter       Primal          Dual         Primal    Dual     Compl     Time
   0  -4.15748663e+03 -1.09824352e+04  1.32e+02 1.11e-16  3.04e+00     0s
   1  -1.35875712e+03 -7.56860408e+03  2.04e+01 6.66e-16  5.89e-01     0s
   2  -9.14435554e+02 -3.12220910e+03  4.09e+00 1.11e-15  1.30e-01     0s
   3  -8.00715208e+02 -1.11687219e+03  5.12e-02 1.33e-15  1.31e-02     0s
   4  -8.16603775e+02 -9.06608699e+02  1.65e-02 6.66e-16  3.71e-03     0s
   5  -8.24114243e+02 -8.71198250e+02  1.04e-02 3.91e-16  1.94e-03     0s
   6  -8.27748151e+02 -8.55978175e+02  8.03e-03 5.69e-16  1.17e-03     0s
   7  -8.32501700e+02 -8.46556211e+02  5.20e-03 5.12e-16  5.86e-04     0s
   8  -8.37164277e+02 -8.43258010e+02  2.55e-03 4.44e-16  2.55e-04     0s
   9  -8.38402280e+02 -8.42114999e+02  1.90e-03 6.60e-16  1.56e-04     0s
  10  -8.40018885e+02 -8.41936504e+02  9.55e-04 4.57e-16  8.05e-05     0s
  11  -8.40806010e+02 -8.41839208e+02  5.05e-04 4.62e-16  4.34e-05     0s
  12  -8.41147055e+02 -8.41801577e+02  3.11e-04 4.44e-16  2.74e-05     0s
  13  -8.41707165e+02 -8.41764900e+02  1.32e-05 6.19e-16  2.38e-06     0s
  14  -8.41737279e+02 -8.41737475e+02  3.79e-13 4.45e-16  7.97e-09     0s
  15  -8.41737335e+02 -8.41737336e+02  1.24e-13 4.51e-16  7.97e-12     0s

Barrier solved model in 15 iterations and 0.25 seconds
Optimal objective -8.41737335e+02


Root relaxation: objective -8.417373e+02, 5207 iterations, 0.20 seconds

    Nodes    |    Current Node    |     Objective Bounds      |     Work
 Expl Unexpl |  Obj  Depth IntInf | Incumbent    BestBd   Gap | It/Node Time

     0     0 -841.73734    0  364    0.00000 -841.73734      -     -    0s
H    0     0                    -777.2568000 -841.73734  8.30%     -    0s
     0     0 -841.48755    0  574 -777.25680 -841.48755  8.26%     -    0s
H    0     0                    -814.3310000 -841.48755  3.33%     -    0s
     0     0 -839.52968    0  557 -814.33100 -839.52968  3.09%     -    1s
     0     0 -839.22245    0  600 -814.33100 -839.22245  3.06%     -    1s
H    0     0                    -820.3488000 -839.22245  2.30%     -    1s
     0     0 -838.31316    0  572 -820.34880 -838.31316  2.19%     -    1s
     0     0 -838.31316    0  668 -820.34880 -838.31316  2.19%     -    1s
     0     0 -837.90756    0  618 -820.34880 -837.90756  2.14%     -    1s
     0     0 -837.90756    0  642 -820.34880 -837.90756  2.14%     -    1s
     0     0 -837.76480    0  667 -820.34880 -837.76480  2.12%     -    2s
     0     0 -837.76480    0  402 -820.34880 -837.76480  2.12%     -    2s
H    0     0                    -826.3723000 -837.76480  1.38%     -    3s
H    0     2                    -826.3725000 -837.76480  1.38%     -    3s
     0     2 -837.76480    0  385 -826.37250 -837.76480  1.38%     -    3s
H    5     8                    -826.3753000 -837.76302  1.38%   299    3s
    31    32 -837.45626   14  441 -826.37530 -837.53571  1.35%  88.8    5s
H  343   344                    -826.3764000 -837.53571  1.35%  19.5    7s
H  343   344                    -826.3775000 -837.53571  1.35%  19.5    7s
H  465   448                    -827.3766000 -837.53571  1.23%  16.6    8s
   695   696 -834.93737  340  370 -827.37660 -837.53571  1.23%  13.0   10s
H  701   696                    -827.3767000 -837.53571  1.23%  12.9   10s
  1053  1056 -833.99038  518  375 -827.37670 -837.53571  1.23%  10.5   15s
  1668  1666 -831.46664  805  385 -827.37670 -837.53571  1.23%   8.6   20s
  2340  2306 -834.88628  358  402 -827.37670 -837.52418  1.23%   8.6   25s
H 2351  2197                    -827.3776000 -837.37154  1.21%   8.5   29s
  2353  2202 -837.37154   13  397 -827.37760 -837.37154  1.21%  15.7   30s
H 2410  2126                    -827.3829000 -837.14707  1.18%  16.7   32s
H 2462  2044                    -827.3832000 -837.14707  1.18%  17.0   33s
H 2515  1978                    -827.3841000 -837.14707  1.18%  17.0   33s
H 2697  2020                    -827.3845000 -837.14707  1.18%  17.6   35s
H 2911  2047                    -827.3859000 -837.14707  1.18%  17.6   36s
  3201  2266 -835.17262  208  359 -827.38590 -837.14707  1.18%  17.6   40s
  3872  2711 -834.64698  373  327 -827.38590 -837.14707  1.18%  17.4   45s
  4696  3252 -833.46982  590  298 -827.38590 -837.14707  1.18%  15.9   50s
  5260  3626 -830.23869  736  298 -827.38590 -837.14707  1.18%  15.8   55s
H 5617  3762                    -827.3879000 -837.14707  1.18%  15.6   57s
H 6094  3845                    -828.3878000 -837.13974  1.06%  15.4   61s
  6870  4278 -835.12543  191  387 -828.38780 -837.13974  1.06%  15.9   65s
  7947  5319 -834.92513  452  330 -828.38780 -837.13974  1.06%  14.7   70s
  8964  6339 -833.65199  699  325 -828.38780 -837.13974  1.06%  13.9   75s
  9794  7146 -830.55575  938  309 -828.38780 -837.13974  1.06%  13.7   80s
 10669  8000 -834.93984  179  408 -828.38780 -837.13094  1.06%  13.5   85s
H11203  8478                    -828.3884000 -837.13094  1.06%  13.3   87s
 11986  9251 -832.79839  624  360 -828.38840 -837.13094  1.06%  13.1   91s
 12598  9884 -832.56044  691  344 -828.38840 -837.13094  1.06%  12.8   95s
 13402 10667 -832.05511  810  341 -828.38840 -837.13094  1.06%  12.5  100s
 13872 11098 -831.74277  871  340 -828.38840 -837.13094  1.06%  12.3  105s
 14787 11992 -830.56871  977  358 -828.38840 -837.13094  1.06%  12.2  111s
 15462 12681 -829.63964 1041  367 -828.38840 -837.13094  1.06%  11.9  116s
 16348 13506     cutoff 1124      -828.38840 -837.11475  1.05%  11.9  120s
H16449 13535                    -828.3888000 -837.11475  1.05%  11.9  120s
H16615 13753                    -828.3915000 -837.11475  1.05%  12.0  122s
 17182 14291 -832.37493  398  382 -828.39150 -837.11475  1.05%  12.0  125s
 18024 15095 -836.76952   40  485 -828.39150 -837.08710  1.05%  11.8  131s
 18701 15710 -831.62041  419  365 -828.39150 -837.08710  1.05%  11.8  135s
 20061 16955 -829.64071  455  382 -828.39150 -837.07778  1.05%  11.7  141s
 21102 17874 -834.83226  228  382 -828.39150 -837.07061  1.05%  11.6  145s
H21464 18232                    -828.3916000 -837.07061  1.05%  11.5  146s
 22368 19049 -836.66993   45  475 -828.39160 -837.07007  1.05%  11.3  151s
H22889 19568                    -828.3925000 -837.07007  1.05%  11.4  155s
H23213 18253                    -829.3943000 -837.07007  0.93%  11.3  157s

Cutting planes:
  Gomory: 59
  Cover: 120
  MIR: 81
  Flow cover: 50
  GUB cover: 47
  Zero half: 9

Explored 23307 nodes (278997 simplex iterations) in 157.05 seconds
Thread count was 4 (of 4 available processors)

Solution count 10: -829.394 -828.392 -828.392 ... -827.384
Pool objective bound -837.07

Optimal solution found (tolerance 1.00e-02)
Best objective -8.293943000000e+02, best bound -8.370700667957e+02, gap 0.9255%
Changed value of parameter MIPGap to 0.01
   Prev: 0.0001  Min: 0.0  Max: 1e+100  Default: 0.0001
Changed value of parameter TimeLimit to 1800.0
   Prev: 1e+100  Min: 0.0  Max: 1e+100  Default: 1e+100
Changed value of parameter Method to 2
   Prev: -1  Min: -1  Max: 4  Default: -1
Changed value of parameter MIPFocus to 1
   Prev: 0  Min: 0  Max: 3  Default: 0
Optimize a model with 5365 rows, 13469 columns and 46898 nonzeros
Variable types: 300 continuous, 13169 integer (13169 binary)
Coefficient statistics:
  Matrix range     [1e+00, 4e+01]
  Objective range  [1e+00, 1e+00]
  Bounds range     [1e+00, 8e+01]
  RHS range        [0e+00, 0e+00]
Found heuristic solution: objective 0
Presolve removed 1013 rows and 1313 columns
Presolve time: 0.05s
Presolved: 4352 rows, 12156 columns, 44572 nonzeros
Variable types: 0 continuous, 12156 integer (12156 binary)
Presolve removed 1013 rows and 0 columns
Presolved: 3339 rows, 12156 columns, 40520 nonzeros

Root barrier log...

Ordering time: 0.00s

Barrier statistics:
 AA' NZ     : 3.016e+04
 Factor NZ  : 5.105e+04 (roughly 7 MBytes of memory)
 Factor Ops : 3.545e+06 (less than 1 second per iteration)
 Threads    : 1

                  Objective                Residual
Iter       Primal          Dual         Primal    Dual     Compl     Time
   0  -4.17108003e+03 -1.09843803e+04  1.32e+02 1.11e-16  3.04e+00     0s
   1  -1.36368672e+03 -7.57073897e+03  2.05e+01 9.99e-16  5.89e-01     0s
   2  -9.17655265e+02 -3.12871172e+03  4.10e+00 1.33e-15  1.30e-01     0s
   3  -8.03019825e+02 -1.12043026e+03  5.09e-02 1.11e-15  1.31e-02     0s
   4  -8.18884650e+02 -9.09006883e+02  1.65e-02 5.41e-16  3.72e-03     0s
   5  -8.26538118e+02 -8.72953080e+02  1.03e-02 4.71e-16  1.92e-03     0s
   6  -8.29964753e+02 -8.57912776e+02  7.96e-03 4.79e-16  1.16e-03     0s
   7  -8.35060729e+02 -8.48577832e+02  4.99e-03 4.44e-16  5.63e-04     0s
   8  -8.39554757e+02 -8.45713856e+02  2.51e-03 4.44e-16  2.57e-04     0s
   9  -8.41610907e+02 -8.44561713e+02  1.41e-03 4.44e-16  1.24e-04     0s
  10  -8.43152620e+02 -8.44353061e+02  5.50e-04 8.75e-16  5.03e-05     0s
  11  -8.43286404e+02 -8.44288474e+02  4.76e-04 4.44e-16  4.20e-05     0s
  12  -8.43562340e+02 -8.44230703e+02  3.25e-04 4.24e-16  2.80e-05     0s
  13  -8.44166454e+02 -8.44174633e+02  2.04e-06 5.06e-16  3.38e-07     0s
  14  -8.44171658e+02 -8.44171677e+02  1.79e-11 4.44e-16  7.91e-10     0s
  15  -8.44171666e+02 -8.44171666e+02  4.63e-12 5.06e-16  7.91e-13     0s

Barrier solved model in 15 iterations and 0.24 seconds
Optimal objective -8.44171666e+02


Root relaxation: objective -8.441717e+02, 5207 iterations, 0.18 seconds

    Nodes    |    Current Node    |     Objective Bounds      |     Work
 Expl Unexpl |  Obj  Depth IntInf | Incumbent    BestBd   Gap | It/Node Time

     0     0 -844.17167    0  367    0.00000 -844.17167      -     -    0s
H    0     0                    -775.4524000 -844.17167  8.86%     -    0s
     0     0 -843.71232    0  613 -775.45240 -843.71232  8.80%     -    0s
H    0     0                    -816.6364000 -843.71232  3.32%     -    1s
     0     0 -841.44171    0  552 -816.63640 -841.44171  3.04%     -    1s
     0     0 -841.29532    0  625 -816.63640 -841.29532  3.02%     -    1s
     0     0 -839.96629    0  566 -816.63640 -839.96629  2.86%     -    1s
     0     0 -839.96629    0  632 -816.63640 -839.96629  2.86%     -    1s
     0     0 -839.74584    0  602 -816.63640 -839.74584  2.83%     -    1s
     0     0 -839.74584    0  608 -816.63640 -839.74584  2.83%     -    1s
     0     0 -839.65361    0  601 -816.63640 -839.65361  2.82%     -    1s
     0     0 -839.65361    0  374 -816.63640 -839.65361  2.82%     -    2s
H    0     0                    -826.7046000 -839.65361  1.57%     -    2s
H    0     0                    -826.7056000 -839.65361  1.57%     -    2s
H    0     2                    -826.7130000 -839.65361  1.57%     -    3s
     0     2 -839.65361    0  351 -826.71300 -839.65361  1.57%     -    3s
H    3     6                    -826.7208000 -839.64727  1.56%   275    3s
H   46    47                    -827.7264000 -839.58969  1.43%  54.4    4s
    61    62 -839.32519   28  422 -827.72640 -839.58969  1.43%  44.2    5s
H   73    62                    -827.7280000 -839.58969  1.43%  38.7    5s
H  224   206                    -828.7248000 -839.58969  1.31%  24.2    6s
H  271   249                    -828.7272000 -839.58969  1.31%  21.5    6s
H  346   327                    -828.7320000 -839.58969  1.31%  18.4    7s
H  373   348                    -829.7360000 -839.58969  1.19%  17.7    7s
H  427   402                    -829.7394000 -839.58969  1.19%  16.8    7s
H  454   429                    -829.7412000 -839.58969  1.19%  16.2    7s
H  588   564                    -829.7442000 -839.58969  1.19%  14.3    9s
   615   616 -837.70740  289  392 -829.74420 -839.58969  1.19%  13.9   10s
H  641   616                    -829.7466000 -839.58969  1.19%  13.7   10s
  1100  1101 -836.17127  545  382 -829.74660 -839.58969  1.19%  10.7   15s
H 1614  1597                    -829.7468000 -839.58969  1.19%   9.1   19s
  1615  1606 -833.13563  856  389 -829.74680 -839.58969  1.19%   9.1   20s
H 2200  2148                    -829.7472000 -839.58969  1.19%   8.5   23s
  2573  2540 -835.95183  637  374 -829.74720 -839.58969  1.19%   8.7   25s
H 2585  2422                    -830.7502000 -839.56544  1.06%  14.9   29s
H 2586  2303                    -831.7564000 -839.56544  0.94%  15.2   29s

Cutting planes:
  Gomory: 47
  Cover: 93
  MIR: 50
  Flow cover: 40
  GUB cover: 31
  Zero half: 4

Explored 2588 nodes (55088 simplex iterations) in 29.99 seconds
Thread count was 4 (of 4 available processors)

Solution count 10: -831.756 -830.75 -829.747 ... -828.732
Pool objective bound -839.55

Optimal solution found (tolerance 1.00e-02)
Best objective -8.317564000000e+02, best bound -8.395498729039e+02, gap 0.9370%
Changed value of parameter MIPGap to 0.01
   Prev: 0.0001  Min: 0.0  Max: 1e+100  Default: 0.0001
Changed value of parameter TimeLimit to 1800.0
   Prev: 1e+100  Min: 0.0  Max: 1e+100  Default: 1e+100
Changed value of parameter Method to 2
   Prev: -1  Min: -1  Max: 4  Default: -1
Changed value of parameter MIPFocus to 1
   Prev: 0  Min: 0  Max: 3  Default: 0
Optimize a model with 5365 rows, 13469 columns and 46898 nonzeros
Variable types: 300 continuous, 13169 integer (13169 binary)
Coefficient statistics:
  Matrix range     [1e+00, 4e+01]
  Objective range  [1e+00, 1e+00]
  Bounds range     [1e+00, 8e+01]
  RHS range        [0e+00, 0e+00]
Found heuristic solution: objective 0
Presolve removed 1013 rows and 1313 columns
Presolve time: 0.07s
Presolved: 4352 rows, 12156 columns, 44572 nonzeros
Variable types: 0 continuous, 12156 integer (12156 binary)
Presolve removed 1013 rows and 0 columns
Presolved: 3339 rows, 12156 columns, 40520 nonzeros

Root barrier log...

Ordering time: 0.02s

Barrier statistics:
 AA' NZ     : 3.016e+04
 Factor NZ  : 5.105e+04 (roughly 7 MBytes of memory)
 Factor Ops : 3.545e+06 (less than 1 second per iteration)
 Threads    : 1

                  Objective                Residual
Iter       Primal          Dual         Primal    Dual     Compl     Time
   0  -4.19826660e+03 -1.09882706e+04  1.32e+02 1.11e-16  3.04e+00     0s
   1  -1.37355786e+03 -7.57500966e+03  2.05e+01 8.33e-16  5.89e-01     0s
   2  -9.24109782e+02 -3.14154770e+03  4.14e+00 1.11e-15  1.31e-01     0s
   3  -8.07631731e+02 -1.12750889e+03  5.03e-02 9.99e-16  1.32e-02     0s
   4  -8.23456616e+02 -9.13774954e+02  1.66e-02 5.55e-16  3.72e-03     0s
   5  -8.31423897e+02 -8.76553623e+02  1.02e-02 4.44e-16  1.86e-03     0s
   6  -8.35041853e+02 -8.61653504e+02  7.75e-03 4.44e-16  1.10e-03     0s
   7  -8.40060833e+02 -8.53970817e+02  4.86e-03 4.42e-16  5.79e-04     0s
   8  -8.44774690e+02 -8.51202972e+02  2.33e-03 5.01e-16  2.68e-04     0s
   9  -8.45680222e+02 -8.49784495e+02  1.86e-03 3.75e-16  1.72e-04     0s
  10  -8.47453073e+02 -8.49425407e+02  8.62e-04 4.44e-16  8.25e-05     0s
  11  -8.48097806e+02 -8.49233059e+02  5.07e-04 4.44e-16  4.75e-05     0s
  12  -8.48406705e+02 -8.49164213e+02  3.36e-04 4.60e-16  3.17e-05     0s
  13  -8.48995859e+02 -8.49080396e+02  1.41e-05 3.90e-16  3.48e-06     0s
  14  -8.49040049e+02 -8.49041544e+02  2.37e-13 5.24e-16  6.07e-08     0s
  15  -8.49040354e+02 -8.49040360e+02  5.00e-13 4.44e-16  2.56e-10     0s

Barrier solved model in 15 iterations and 0.23 seconds
Optimal objective -8.49040354e+02


Root relaxation: objective -8.490404e+02, 5213 iterations, 0.20 seconds

    Nodes    |    Current Node    |     Objective Bounds      |     Work
 Expl Unexpl |  Obj  Depth IntInf | Incumbent    BestBd   Gap | It/Node Time

     0     0 -849.04036    0  410    0.00000 -849.04036      -     -    0s
H    0     0                    -773.8508000 -849.04036  9.72%     -    0s
     0     0 -848.95197    0  591 -773.85080 -848.95197  9.70%     -    0s
H    0     0                    -819.2728000 -848.95197  3.62%     -    1s
     0     0 -846.10049    0  568 -819.27280 -846.10049  3.27%     -    1s
     0     0 -846.10049    0  633 -819.27280 -846.10049  3.27%     -    1s
     0     0 -845.27977    0  615 -819.27280 -845.27977  3.17%     -    1s
     0     0 -845.27977    0  654 -819.27280 -845.27977  3.17%     -    1s
     0     0 -844.90370    0  585 -819.27280 -844.90370  3.13%     -    1s
     0     0 -844.90370    0  645 -819.27280 -844.90370  3.13%     -    1s
     0     0 -844.89110    0  652 -819.27280 -844.89110  3.13%     -    1s
     0     0 -844.89110    0  406 -819.27280 -844.89110  3.13%     -    2s
H    0     0                    -829.4248000 -844.89110  1.86%     -    3s
H    0     0                    -830.4272000 -844.89110  1.74%     -    3s
H    0     2                    -831.4236000 -844.89110  1.62%     -    3s
     0     2 -844.89110    0  400 -831.42360 -844.89110  1.62%     -    3s
H    3     6                    -832.4424000 -844.87921  1.49%   395    3s
H   29    30                    -833.4676000 -844.56710  1.33%   103    4s
    41    42 -844.33889   19  425 -833.46760 -844.56710  1.33%  79.0    5s
H   70    72                    -833.4780000 -844.56710  1.33%  55.3    5s
H  109   110                    -833.4868000 -844.56710  1.33%  44.1    6s
H  153   154                    -833.4896000 -844.56710  1.33%  37.3    6s
H  154   155                    -833.4956000 -844.56710  1.33%  37.4    6s
H  188   189                    -834.5088000 -844.56710  1.21%  33.1    7s
   315   316 -843.02870  146  364 -834.50880 -844.56710  1.21%  24.3   10s
H  453   442                    -834.5100000 -844.56710  1.21%  20.3   10s
H  491   492                    -834.5140000 -844.56710  1.20%  19.5   11s
H  597   587                    -834.5164000 -844.56710  1.20%  17.3   11s
   791   792 -841.47361  362  379 -834.51640 -844.56710  1.20%  15.0   15s
H  871   846                    -834.5232000 -844.56710  1.20%  14.2   15s
  1307  1303 -839.78838  620  373 -834.52320 -844.56710  1.20%  11.8   20s
H 1430  1401                    -834.5272000 -844.56710  1.20%  11.2   21s
H 1858  1839                    -834.5300000 -844.56710  1.20%   9.9   23s
H 1899  1881                    -835.5244000 -844.56710  1.08%   9.9   23s
H 2018  2001                    -835.5284000 -844.56710  1.08%  10.5   25s
  2144  2116 -844.55154   13  391 -835.52840 -844.55154  1.08%  17.7   30s
H 2200  2047                    -835.5300000 -844.31975  1.05%  19.2   33s
  2356  2151 -843.20547   65  405 -835.53000 -844.31975  1.05%  20.3   35s
H 2574  2191                    -835.5332000 -844.31975  1.05%  20.5   36s
H 2826  2266                    -835.5364000 -844.31975  1.05%  20.9   38s
  3008  2389 -841.60694  220  372 -835.53640 -844.31975  1.05%  20.8   40s
  3614  2786 -839.79776  349  378 -835.53640 -844.31975  1.05%  19.7   45s
  4404  3308 -839.49360  532  338 -835.53640 -844.31975  1.05%  18.1   50s
  5185  3822 -838.06625  684  327 -835.53640 -844.31975  1.05%  17.6   55s
  5791  4127 -837.24487  805  300 -835.53640 -844.31975  1.05%  17.2   60s
  6541  4508 -843.48755   39  447 -835.53640 -844.31967  1.05%  17.8   65s
H 7329  4947                    -835.5384000 -844.31967  1.05%  17.9   70s
H 7428  5047                    -835.5400000 -844.31967  1.05%  18.0   70s
H 7500  5104                    -835.5420000 -844.31967  1.05%  17.9   71s
H 7600  5104                    -835.5424000 -844.31967  1.05%  17.8   71s
H 8236  5790                    -835.5440000 -844.31967  1.05%  17.4   74s
  8237  5858 -841.47797  472  359 -835.54400 -844.31967  1.05%  17.4   75s
  9201  6803 -840.51713  716  311 -835.54400 -844.31967  1.05%  17.0   80s
H 9765  7350                    -835.5564000 -844.31967  1.05%  16.9   82s
H10150  7496                    -835.5584000 -844.31967  1.05%  16.6   83s
 10173  7640     cutoff  946      -835.55840 -844.31500  1.05%  16.6   85s
H10176  7639                    -835.5604000 -844.31500  1.05%  16.6   85s
 11302  8703 -840.54373  433  373 -835.56040 -844.31500  1.05%  15.8   91s
 12258  9675 -839.53792  701  349 -835.56040 -844.31500  1.05%  15.0   96s
 13204 10548 -838.54251  859  349 -835.56040 -844.31500  1.05%  14.4  100s
H13721 11053                    -835.5636000 -844.31500  1.05%  14.2  103s
 13783 11088 -837.64111  942  350 -835.56360 -844.31500  1.05%  14.2  105s
 14647 11854 -835.70247 1099  358 -835.56360 -844.29472  1.04%  13.9  110s
H14700 11834                    -835.5708000 -844.29472  1.04%  13.9  110s
 15940 13061 -841.18998  435  379 -835.57080 -844.29015  1.04%  13.5  115s
H16700 13768                    -835.5760000 -844.29015  1.04%  13.2  119s
 16816 13893 -839.72872  616  404 -835.57600 -844.29015  1.04%  13.3  120s
H17412 14423                    -835.5800000 -844.29015  1.04%  13.1  122s
 18008 14994 -837.97233  921  376 -835.58000 -844.29015  1.04%  13.0  125s
 18919 15693 -836.88367 1046  372 -835.58000 -844.29015  1.04%  12.7  131s
H19406 16119                    -835.5820000 -844.28504  1.04%  12.7  133s
 19890 16600 -842.32954  271  403 -835.58200 -844.28504  1.04%  12.6  135s
H20038 16747                    -835.5840000 -844.28504  1.04%  12.5  135s
 20788 17495 -840.75744  633  378 -835.58400 -844.28504  1.04%  12.3  140s
 21851 18543 -839.71839  862  386 -835.58400 -844.28504  1.04%  12.0  146s
 22673 19302 -842.53001  204  382 -835.58400 -844.28287  1.04%  11.9  150s
 23955 20524 -844.08816   31  466 -835.58400 -844.28287  1.04%  11.8  155s
H24538 20925                    -835.5912000 -844.28287  1.04%  12.0  159s
 24683 21070 -840.85775  135  379 -835.59120 -844.28287  1.04%  12.0  161s
H25180 21566                    -835.5972000 -844.28287  1.04%  11.9  163s
 25756 22092 -838.07328  257  376 -835.59720 -844.28287  1.04%  11.8  165s
 26629 22879 -843.09023  122  404 -835.59720 -844.28185  1.04%  11.9  170s
 27602 23830 -836.72312  618  367 -835.59720 -844.28185  1.04%  11.8  175s
H28516 24626                    -835.5992000 -844.28185  1.04%  11.8  180s
H28873 24944                    -835.6080000 -844.28185  1.04%  11.7  181s
 29551 25591 -836.07900  808  394 -835.60800 -844.28185  1.04%  11.6  186s
 30169 26124 -841.55710  294  361 -835.60800 -844.28185  1.04%  11.6  190s
 31061 27001 -843.14702  131  414 -835.60800 -844.27900  1.04%  11.5  195s
 32014 27935 -840.05824  494  355 -835.60800 -844.27900  1.04%  11.4  200s
 32788 28700 -839.23164  708  345 -835.60800 -844.27900  1.04%  11.3  206s
 33386 29306 -838.82569  788  325 -835.60800 -844.27900  1.04%  11.2  210s
H33489 29398                    -835.6084000 -844.27900  1.04%  11.2  210s
 33985 29894 -838.00065  874  330 -835.60840 -844.27900  1.04%  11.1  215s
 34541 30448 -836.80211  939  339 -835.60840 -844.27900  1.04%  11.1  220s
H34842 30713                    -835.6112000 -844.27900  1.04%  11.1  222s
 35131 30987 -836.28200  985  340 -835.61120 -844.27900  1.04%  11.0  226s
H35270 28510                    -836.6296000 -844.27900  0.91%  11.1  226s

Cutting planes:
  Gomory: 54
  Cover: 121
  MIR: 64
  StrongCG: 1
  Flow cover: 45
  GUB cover: 33
  Zero half: 9

Explored 35332 nodes (406804 simplex iterations) in 227.00 seconds
Thread count was 4 (of 4 available processors)

Solution count 10: -836.63 -835.611 -835.608 ... -835.58
Pool objective bound -844.279

Optimal solution found (tolerance 1.00e-02)
Best objective -8.366296000000e+02, best bound -8.442789951556e+02, gap 0.9143%
Changed value of parameter MIPGap to 0.01
   Prev: 0.0001  Min: 0.0  Max: 1e+100  Default: 0.0001
Changed value of parameter TimeLimit to 1800.0
   Prev: 1e+100  Min: 0.0  Max: 1e+100  Default: 1e+100
Changed value of parameter Method to 2
   Prev: -1  Min: -1  Max: 4  Default: -1
Changed value of parameter MIPFocus to 1
   Prev: 0  Min: 0  Max: 3  Default: 0
Optimize a model with 5365 rows, 13469 columns and 46898 nonzeros
Variable types: 300 continuous, 13169 integer (13169 binary)
Coefficient statistics:
  Matrix range     [1e+00, 4e+01]
  Objective range  [1e+00, 1e+00]
  Bounds range     [1e+00, 8e+01]
  RHS range        [0e+00, 0e+00]
Found heuristic solution: objective 0
Presolve removed 1013 rows and 1313 columns
Presolve time: 0.07s
Presolved: 4352 rows, 12156 columns, 44572 nonzeros
Variable types: 0 continuous, 12156 integer (12156 binary)
Presolve removed 1013 rows and 0 columns
Presolved: 3339 rows, 12156 columns, 40520 nonzeros

Root barrier log...

Ordering time: 0.00s

Barrier statistics:
 AA' NZ     : 3.016e+04
 Factor NZ  : 5.105e+04 (roughly 7 MBytes of memory)
 Factor Ops : 3.545e+06 (less than 1 second per iteration)
 Threads    : 1

                  Objective                Residual
Iter       Primal          Dual         Primal    Dual     Compl     Time
   0  -4.25263887e+03 -1.09960512e+04  1.32e+02 1.11e-16  3.04e+00     0s
   1  -1.39334717e+03 -7.58355469e+03  2.05e+01 7.77e-16  5.90e-01     0s
   2  -9.37042814e+02 -3.16689581e+03  4.21e+00 1.11e-15  1.33e-01     0s
   3  -8.16868354e+02 -1.14147439e+03  4.90e-02 1.55e-15  1.34e-02     0s
   4  -8.33523287e+02 -9.23717575e+02  1.62e-02 5.24e-16  3.72e-03     0s
   5  -8.41006238e+02 -8.85649080e+02  1.02e-02 6.22e-16  1.84e-03     0s
   6  -8.45227992e+02 -8.70143168e+02  7.45e-03 4.44e-16  1.03e-03     0s
   7  -8.51193833e+02 -8.64565106e+02  4.13e-03 4.20e-16  5.55e-04     0s
   8  -8.54098603e+02 -8.60839592e+02  2.54e-03 3.85e-16  2.81e-04     0s
   9  -8.55518786e+02 -8.59298518e+02  1.79e-03 3.63e-16  1.59e-04     0s
  10  -8.57239112e+02 -8.59049435e+02  8.26e-04 3.87e-16  7.59e-05     0s
  11  -8.57786776e+02 -8.58916759e+02  5.27e-04 4.44e-16  4.74e-05     0s
  12  -8.58032635e+02 -8.58857474e+02  3.93e-04 3.68e-16  3.46e-05     0s
  13  -8.58659470e+02 -8.58806815e+02  5.62e-05 4.79e-16  6.15e-06     0s
  14  -8.58781772e+02 -8.58782525e+02  1.89e-13 6.45e-16  3.06e-08     0s
  15  -8.58781944e+02 -8.58781945e+02  7.21e-12 5.07e-16  3.13e-11     0s

Barrier solved model in 15 iterations and 0.25 seconds
Optimal objective -8.58781944e+02


Root relaxation: objective -8.587819e+02, 5178 iterations, 0.20 seconds

    Nodes    |    Current Node    |     Objective Bounds      |     Work
 Expl Unexpl |  Obj  Depth IntInf | Incumbent    BestBd   Gap | It/Node Time

     0     0 -858.78194    0  377    0.00000 -858.78194      -     -    0s
H    0     0                    -782.9616000 -858.78194  9.68%     -    0s
     0     0 -858.01465    0  625 -782.96160 -858.01465  9.59%     -    0s
H    0     0                    -825.5840000 -858.01465  3.93%     -    1s
     0     0 -856.24933    0  569 -825.58400 -856.24933  3.71%     -    1s
     0     0 -856.24933    0  660 -825.58400 -856.24933  3.71%     -    1s
     0     0 -855.23795    0  587 -825.58400 -855.23795  3.59%     -    1s
     0     0 -855.23795    0  616 -825.58400 -855.23795  3.59%     -    1s
H    0     0                    -836.7432000 -855.23795  2.21%     -    1s
     0     0 -854.76435    0  626 -836.74320 -854.76435  2.15%     -    1s
     0     0 -854.76435    0  593 -836.74320 -854.76435  2.15%     -    1s
     0     0 -854.65642    0  573 -836.74320 -854.65642  2.14%     -    1s
     0     0 -854.65642    0  380 -836.74320 -854.65642  2.14%     -    2s
H    0     0                    -840.9032000 -854.65642  1.64%     -    2s
H    0     0                    -840.9048000 -854.65642  1.64%     -    2s
     0     2 -854.65642    0  374 -840.90480 -854.65642  1.64%     -    3s
H    1     4                    -841.9112000 -854.65642  1.51%  1132    3s
H    2     4                    -842.9296000 -854.65072  1.39%   567    3s
H   31    32                    -842.9752000 -854.61027  1.38%  86.0    4s
H   66    67                    -843.0088000 -854.61027  1.38%  51.4    4s
H   70    70                    -844.0280000 -854.61027  1.25%  48.9    4s
    96    97 -854.19132   45  430 -844.02800 -854.61027  1.25%  40.8    5s
H  126   120                    -844.0544000 -854.61027  1.25%  34.5    5s
H  183   184                    -844.0560000 -854.61027  1.25%  28.5    5s
H  226   226                    -844.0800000 -854.61027  1.25%  25.8    6s
   516   514 -852.44159  266  381 -844.08000 -854.61027  1.25%  15.7   10s
H  596   569                    -844.0936000 -854.61027  1.25%  14.4   10s
  1025  1020 -851.03083  538  389 -844.09360 -854.61027  1.25%  10.9   15s
H 1692  1670                    -844.1008000 -854.57195  1.24%   9.2   19s
  1952  1928 -852.95604  211  392 -844.10080 -854.57195  1.24%   9.0   20s
H 2070  2046                    -844.1016000 -854.57195  1.24%   8.9   22s
  2403  2379 -851.41899  490  366 -844.10160 -854.57195  1.24%   8.4   25s
  2888  2858 -849.61911  759  381 -844.10160 -854.57195  1.24%   8.0   31s
H 3083  2887                    -844.1136000 -854.46714  1.23%   8.2   34s
  3085  2889 -850.48067  629  604 -844.11360 -854.23955  1.20%   8.2   35s
H 3086  2745                    -844.1168000 -854.23955  1.20%   8.2   36s
H 3087  2610                    -845.1040000 -854.23955  1.08%  13.1   38s
H 3088  2482                    -845.1088000 -854.23955  1.08%  13.7   38s
H 3114  2370                    -846.1224000 -853.98123  0.93%  14.4   39s

Cutting planes:
  Gomory: 49
  Cover: 103
  MIR: 45
  StrongCG: 3
  Flow cover: 41
  GUB cover: 38
  Zero half: 4

Explored 3124 nodes (60862 simplex iterations) in 39.17 seconds
Thread count was 4 (of 4 available processors)

Solution count 10: -846.122 -845.109 -845.104 ... -844.056
Pool objective bound -853.981

Optimal solution found (tolerance 1.00e-02)
Best objective -8.461224000000e+02, best bound -8.539812274406e+02, gap 0.9288%
Changed value of parameter MIPGap to 0.01
   Prev: 0.0001  Min: 0.0  Max: 1e+100  Default: 0.0001
Changed value of parameter TimeLimit to 1800.0
   Prev: 1e+100  Min: 0.0  Max: 1e+100  Default: 1e+100
Changed value of parameter Method to 2
   Prev: -1  Min: -1  Max: 4  Default: -1
Changed value of parameter MIPFocus to 1
   Prev: 0  Min: 0  Max: 3  Default: 0
Optimize a model with 5365 rows, 13469 columns and 46898 nonzeros
Variable types: 300 continuous, 13169 integer (13169 binary)
Coefficient statistics:
  Matrix range     [1e+00, 4e+01]
  Objective range  [1e+00, 1e+00]
  Bounds range     [1e+00, 8e+01]
  RHS range        [0e+00, 0e+00]
Found heuristic solution: objective 0
Presolve removed 1013 rows and 1313 columns
Presolve time: 0.07s
Presolved: 4352 rows, 12156 columns, 44572 nonzeros
Variable types: 0 continuous, 12156 integer (12156 binary)
Presolve removed 1013 rows and 0 columns
Presolved: 3339 rows, 12156 columns, 40520 nonzeros

Root barrier log...

Ordering time: 0.00s

Barrier statistics:
 AA' NZ     : 3.016e+04
 Factor NZ  : 5.105e+04 (roughly 7 MBytes of memory)
 Factor Ops : 3.545e+06 (less than 1 second per iteration)
 Threads    : 1

                  Objective                Residual
Iter       Primal          Dual         Primal    Dual     Compl     Time
   0  -4.27982455e+03 -1.09999415e+04  1.32e+02 1.11e-16  3.04e+00     0s
   1  -1.40441711e+03 -7.58783967e+03  2.06e+01 7.77e-16  5.90e-01     0s
   2  -9.43881537e+02 -3.17833029e+03  4.25e+00 1.11e-15  1.33e-01     0s
   3  -8.21471583e+02 -1.14882740e+03  4.83e-02 1.78e-15  1.35e-02     0s
   4  -8.38251231e+02 -9.29256840e+02  1.59e-02 6.66e-16  3.75e-03     0s
   5  -8.46079415e+02 -8.90453650e+02  9.79e-03 4.92e-16  1.83e-03     0s
   6  -8.50332318e+02 -8.75422223e+02  7.07e-03 4.44e-16  1.04e-03     0s
   7  -8.55429322e+02 -8.66966179e+02  4.36e-03 4.29e-16  4.81e-04     0s
   8  -8.59052740e+02 -8.64621087e+02  2.42e-03 4.66e-16  2.33e-04     0s
   9  -8.61022069e+02 -8.64036229e+02  1.44e-03 4.09e-16  1.27e-04     0s
  10  -8.62553529e+02 -8.63846785e+02  5.69e-04 3.67e-16  5.42e-05     0s
  11  -8.63047400e+02 -8.63749212e+02  3.09e-04 3.75e-16  2.94e-05     0s
  12  -8.63289303e+02 -8.63727103e+02  1.83e-04 4.85e-16  1.83e-05     0s
  13  -8.63655998e+02 -8.63660019e+02  3.33e-07 6.40e-16  1.64e-07     0s
  14  -8.63657486e+02 -8.63657492e+02  1.74e-12 4.52e-16  2.77e-10     0s

Barrier solved model in 14 iterations and 0.23 seconds
Optimal objective -8.63657486e+02


Root relaxation: objective -8.636575e+02, 5195 iterations, 0.18 seconds

    Nodes    |    Current Node    |     Objective Bounds      |     Work
 Expl Unexpl |  Obj  Depth IntInf | Incumbent    BestBd   Gap | It/Node Time

     0     0 -863.65749    0  384    0.00000 -863.65749      -     -    0s
H    0     0                    -791.4450000 -863.65749  9.12%     -    0s
     0     0 -863.10744    0  622 -791.44500 -863.10744  9.05%     -    0s
H    0     0                    -834.2940000 -863.10744  3.45%     -    1s
     0     0 -860.64906    0  568 -834.29400 -860.64906  3.16%     -    1s
     0     0 -860.50031    0  601 -834.29400 -860.50031  3.14%     -    1s
H    0     0                    -842.4360000 -860.50031  2.14%     -    1s
     0     0 -859.52647    0  582 -842.43600 -859.52647  2.03%     -    1s
     0     0 -859.49503    0  624 -842.43600 -859.49503  2.02%     -    1s
     0     0 -859.23749    0  627 -842.43600 -859.23749  1.99%     -    1s
     0     0 -859.23749    0  698 -842.43600 -859.23749  1.99%     -    1s
     0     0 -859.12612    0  623 -842.43600 -859.12612  1.98%     -    1s
     0     0 -859.12612    0  374 -842.43600 -859.12612  1.98%     -    2s
H    0     0                    -846.5750000 -859.12612  1.48%     -    2s
H    0     0                    -847.5900000 -859.12612  1.36%     -    2s
     0     2 -859.12612    0  345 -847.59000 -859.12612  1.36%     -    3s
H   14    15                    -847.6020000 -859.06500  1.35%   154    4s
    39    40 -858.81764   19  465 -847.60200 -859.06500  1.35%  69.7    5s
H   64    53                    -847.6720000 -859.06500  1.34%  48.9    5s
H  120   121                    -847.6970000 -859.06500  1.34%  34.8    6s
H  220   221                    -847.7030000 -859.06500  1.34%  25.1    7s
H  257   258                    -847.7310000 -859.06500  1.34%  23.9    7s
H  347   348                    -847.7350000 -859.06500  1.34%  20.6    7s
H  390   383                    -847.7480000 -859.06500  1.33%  19.3    8s
H  399   392                    -847.7790000 -859.06500  1.33%  19.0    8s
H  454   455                    -847.8030000 -859.06500  1.33%  18.2    8s
H  481   473                    -847.8070000 -859.06500  1.33%  17.9    8s
H  521   503                    -848.8350000 -859.06500  1.21%  17.1    9s
   629   629 -855.72700  303  388 -848.83500 -859.06500  1.21%  15.3   10s
H 1182  1165                    -848.8470000 -859.06500  1.20%  11.5   13s
  1197  1197 -854.13678  586  378 -848.84700 -859.06500  1.20%  11.4   15s
  1659  1659 -853.93297  755  349 -848.84700 -859.06500  1.20%   9.6   20s
  2028  2026 -851.60591  941  360 -848.84700 -859.06500  1.20%   9.0   25s
  2347  2298 -856.00237  378  684 -848.84700 -859.05578  1.20%   8.7   30s
  2432  2355 -858.45698   35  440 -848.84700 -858.95793  1.19%  16.9   35s
H 2593  2344                    -848.8610000 -858.95793  1.19%  18.1   37s
H 2612  2247                    -849.7280000 -858.95793  1.09%  18.2   37s
H 2669  2184                    -849.7340000 -858.95793  1.09%  18.3   38s
H 2714  2113                    -849.7370000 -858.95793  1.09%  18.6   39s
  2716  2118 -857.52835  115  417 -849.73700 -858.95793  1.09%  18.6   40s
H 2756  2048                    -849.7460000 -858.95793  1.08%  18.6   40s
H 2757  1961                    -849.7540000 -858.95793  1.08%  18.6   40s
H 2861  1945                    -849.7730000 -858.95793  1.08%  18.9   41s
H 2929  1898                    -849.8120000 -858.95793  1.08%  18.9   41s
  3208  2098 -856.50860  231  374 -849.81200 -858.95793  1.08%  18.5   45s
H 3234  2013                    -849.8390000 -858.95793  1.07%  18.5   45s
  3746  2378 -856.01998  377  346 -849.83900 -858.95793  1.07%  17.2   50s
H 4006  2478                    -849.8410000 -858.95793  1.07%  16.6   52s
H 4314  2591                    -849.8560000 -858.95793  1.07%  16.2   54s
  4327  2624 -855.12249  573  303 -849.85600 -858.95793  1.07%  16.2   55s
H 4756  2843                    -849.8590000 -858.95793  1.07%  15.5   58s
  5004  3009 -854.64046  709  293 -849.85900 -858.95793  1.07%  15.3   60s
  5766  3496 -852.12754  949  288 -849.85900 -858.95793  1.07%  14.6   65s
H 6059  3608                    -849.8950000 -858.90875  1.06%  14.6   66s
H 6094  3672                    -849.9000000 -858.90875  1.06%  15.0   67s
H 6121  3697                    -849.9100000 -858.90875  1.06%  15.2   68s
H 6121  3697                    -849.9130000 -858.90875  1.06%  15.2   68s
H 6258  3840                    -849.9210000 -858.90875  1.06%  15.6   69s
H 6350  3930                    -849.9240000 -858.90875  1.06%  15.7   69s
  6469  4050 -857.21287  117  387 -849.92400 -858.90875  1.06%  15.7   70s
  7520  5093 -855.88095  374  354 -849.92400 -858.90875  1.06%  15.3   75s
  8574  6142 -855.15218  636  308 -849.92400 -858.90875  1.06%  14.5   81s
  9152  6716 -853.35276  782  293 -849.92400 -858.90875  1.06%  14.4   85s
H 9743  7181                    -849.9410000 -858.88661  1.05%  14.4   89s
  9887  7326 -857.69303  117  428 -849.94100 -858.88661  1.05%  14.4   90s
H 9900  7326                    -849.9480000 -858.88661  1.05%  14.5   90s
H10132  7570                    -849.9580000 -858.88661  1.05%  14.4   92s
H10412  7850                    -849.9640000 -858.88661  1.05%  14.3   93s
 10972  8369 -854.51599  491  373 -849.96400 -858.88661  1.05%  13.9   95s
 11932  9352 -853.28650  794  376 -849.96400 -858.88661  1.05%  13.3  100s
 13210 10614 -850.99685 1004  343 -849.96400 -858.88661  1.05%  12.5  106s
 14094 11427 -857.65011  114  429 -849.96400 -858.88627  1.05%  12.3  110s
H14207 11533                    -849.9740000 -858.88627  1.05%  12.3  110s
H14877 12230                    -849.9750000 -858.88627  1.05%  12.1  114s
 15010 12337 -855.02172  478  361 -849.97500 -858.88627  1.05%  12.0  115s
 15822 13038 -854.49965  793  340 -849.97500 -858.88627  1.05%  11.9  120s
H16100 13230                    -849.9790000 -858.88627  1.05%  11.9  121s
 16902 13996 -851.99474 1031  352 -849.97900 -858.88627  1.05%  11.8  125s
 17437 14502 -850.51187 1168  346 -849.97900 -858.88084  1.05%  11.7  130s
H17894 14894                    -849.9840000 -858.88084  1.05%  11.9  134s
 18104 15072 -850.40363  287  357 -849.98400 -858.88084  1.05%  11.9  135s
 18967 15887 -856.51329  211  390 -849.98400 -858.87761  1.05%  11.9  140s
 19647 16579 -855.03862  397  395 -849.98400 -858.87761  1.05%  11.8  145s
 20479 17393 -853.53335  524  393 -849.98400 -858.87761  1.05%  11.5  150s
 20966 17837 -853.26358  593  393 -849.98400 -858.87761  1.05%  11.4  155s
 21905 18786 -852.84735  844  361 -849.98400 -858.87761  1.05%  11.4  160s
 22766 19615 -851.20356  999  379 -849.98400 -858.87761  1.05%  11.4  166s
 23291 20041 -858.42614   22  519 -849.98400 -858.87038  1.05%  11.3  170s
 23914 20663 -853.77790  139  421 -849.98400 -858.87038  1.05%  11.4  175s
H24665 20140                    -850.9520000 -858.87038  0.93%  11.4  180s

Cutting planes:
  Gomory: 59
  Cover: 97
  MIR: 79
  StrongCG: 2
  Flow cover: 37
  GUB cover: 54
  Zero half: 7

Explored 24827 nodes (297582 simplex iterations) in 180.27 seconds
Thread count was 4 (of 4 available processors)

Solution count 10: -850.952 -849.984 -849.979 ... -849.924
Pool objective bound -858.87

Optimal solution found (tolerance 1.00e-02)
Best objective -8.509520000000e+02, best bound -8.588703827583e+02, gap 0.9305%
Changed value of parameter MIPGap to 0.01
   Prev: 0.0001  Min: 0.0  Max: 1e+100  Default: 0.0001
Changed value of parameter TimeLimit to 1800.0
   Prev: 1e+100  Min: 0.0  Max: 1e+100  Default: 1e+100
Changed value of parameter Method to 2
   Prev: -1  Min: -1  Max: 4  Default: -1
Changed value of parameter MIPFocus to 1
   Prev: 0  Min: 0  Max: 3  Default: 0
Optimize a model with 5365 rows, 13469 columns and 46898 nonzeros
Variable types: 300 continuous, 13169 integer (13169 binary)
Coefficient statistics:
  Matrix range     [1e+00, 4e+01]
  Objective range  [1e+00, 1e+00]
  Bounds range     [1e+00, 8e+01]
  RHS range        [0e+00, 0e+00]
Found heuristic solution: objective 0
Presolve removed 1013 rows and 1313 columns
Presolve time: 0.06s
Presolved: 4352 rows, 12156 columns, 44572 nonzeros
Variable types: 0 continuous, 12156 integer (12156 binary)
Presolve removed 1013 rows and 0 columns
Presolved: 3339 rows, 12156 columns, 40520 nonzeros

Root barrier log...

Ordering time: 0.00s

Barrier statistics:
 AA' NZ     : 3.016e+04
 Factor NZ  : 5.105e+04 (roughly 7 MBytes of memory)
 Factor Ops : 3.545e+06 (less than 1 second per iteration)
 Threads    : 1

                  Objective                Residual
Iter       Primal          Dual         Primal    Dual     Compl     Time
   0  -4.41575157e+03 -1.10295354e+04  1.32e+02 1.11e-16  3.04e+00     0s
   1  -1.46702605e+03 -7.61609706e+03  2.12e+01 8.88e-16  6.00e-01     0s
   2  -9.80563159e+02 -3.23144359e+03  4.55e+00 8.88e-16  1.37e-01     0s
   3  -8.44449835e+02 -1.18785344e+03  4.54e-02 1.33e-15  1.42e-02     0s
   4  -8.61980735e+02 -9.56879663e+02  1.42e-02 6.05e-16  3.91e-03     0s
   5  -8.68333666e+02 -9.16269747e+02  9.41e-03 3.88e-16  1.98e-03     0s
   6  -8.74113324e+02 -9.01965512e+02  6.23e-03 6.88e-16  1.15e-03     0s
   7  -8.78713368e+02 -8.93901040e+02  4.12e-03 4.48e-16  6.30e-04     0s
   8  -8.82968107e+02 -8.89426783e+02  2.26e-03 4.47e-16  2.69e-04     0s
   9  -8.84557512e+02 -8.88642944e+02  1.62e-03 4.99e-16  1.71e-04     0s
  10  -8.86372500e+02 -8.88373759e+02  7.53e-04 3.57e-16  8.35e-05     0s
  11  -8.87017392e+02 -8.88268185e+02  4.62e-04 4.11e-16  5.22e-05     0s
  12  -8.87385641e+02 -8.88195903e+02  2.95e-04 4.63e-16  3.38e-05     0s
  13  -8.88009499e+02 -8.88126459e+02  2.16e-05 4.98e-16  4.82e-06     0s
  14  -8.88067069e+02 -8.88068889e+02  9.43e-08 4.44e-16  7.43e-08     0s
  15  -8.88067841e+02 -8.88067843e+02  1.53e-13 4.44e-16  7.43e-11     0s

Barrier solved model in 15 iterations and 0.25 seconds
Optimal objective -8.88067841e+02


Root relaxation: objective -8.880678e+02, 5161 iterations, 0.18 seconds

    Nodes    |    Current Node    |     Objective Bounds      |     Work
 Expl Unexpl |  Obj  Depth IntInf | Incumbent    BestBd   Gap | It/Node Time

     0     0 -888.06784    0  427    0.00000 -888.06784      -     -    0s
H    0     0                    -811.7920000 -888.06784  9.40%     -    0s
     0     0 -887.53653    0  669 -811.79200 -887.53653  9.33%     -    0s
H    0     0                    -856.6200000 -887.53653  3.61%     -    1s
     0     0 -885.90798    0  601 -856.62000 -885.90798  3.42%     -    1s
     0     0 -885.85207    0  690 -856.62000 -885.85207  3.41%     -    1s
     0     0 -884.68353    0  602 -856.62000 -884.68353  3.28%     -    1s
     0     0 -884.61703    0  647 -856.62000 -884.61703  3.27%     -    1s
H    0     0                    -865.0820000 -884.61703  2.26%     -    1s
     0     0 -884.12676    0  671 -865.08200 -884.12676  2.20%     -    2s
     0     0 -884.12676    0  688 -865.08200 -884.12676  2.20%     -    2s
     0     0 -883.92822    0  652 -865.08200 -883.92822  2.18%     -    2s
     0     0 -883.92822    0  391 -865.08200 -883.92822  2.18%     -    2s
H    0     0                    -867.2800000 -883.92822  1.92%     -    3s
     0     2 -883.92822    0  375 -867.28000 -883.92822  1.92%     -    3s
H    1     4                    -868.2920000 -883.92822  1.80%   709    3s
H   31    33                    -869.3660000 -883.68111  1.65%   100    4s
    49    49 -883.52629   22  428 -869.36600 -883.68111  1.65%  71.9    5s
H  131   121                    -870.4300000 -883.68111  1.52%  37.4    5s
H  155   157                    -870.4620000 -883.68111  1.52%  33.9    5s
H  211   211                    -871.5140000 -883.68111  1.40%  29.3    5s
H  259   249                    -871.5220000 -883.68111  1.40%  26.6    5s
H  312   313                    -872.7280000 -883.68111  1.26%  24.3    6s
H  339   320                    -872.7480000 -883.68111  1.25%  23.6    7s
H  496   486                    -872.7620000 -883.68111  1.25%  19.4    8s
H  520   510                    -872.7800000 -883.68111  1.25%  18.9    8s
H  601   576                    -872.7820000 -883.68111  1.25%  17.5    9s
H  628   603                    -872.7940000 -883.68111  1.25%  17.0    9s
   629   630 -880.77511  317  362 -872.79400 -883.68111  1.25%  17.0   10s
H  737   718                    -872.8080000 -883.68111  1.25%  15.4   11s
H  851   851                    -872.8580000 -883.68111  1.24%  14.2   12s
  1149  1144 -877.62108  565  403 -872.85800 -883.68111  1.24%  12.3   15s
  1583  1575 -875.62090  817  410 -872.85800 -883.68111  1.24%  10.6   21s
  1813  1803 -873.52360  958  409 -872.85800 -883.68111  1.24%  10.1   25s
H 1893  1852                    -872.8680000 -883.65893  1.24%  10.3   26s
  1950  1924 -876.68797  732  454 -872.86800 -883.65893  1.24%  10.4   30s
  2002  1960 -883.33932   25  493 -872.86800 -883.58010  1.23%  19.4   35s
  2401  2225 -881.82950  119  379 -872.86800 -883.58010  1.23%  20.2   40s
H 2511  2197                    -872.8900000 -883.58010  1.22%  20.2   41s
  2787  2386 -881.33934  212  363 -872.89000 -883.58010  1.22%  20.1   45s
  3357  2768 -881.13959  326  347 -872.89000 -883.58010  1.22%  18.7   50s
  3991  3186 -880.84835  468  371 -872.89000 -883.58010  1.22%  17.2   55s
  4547  3558 -880.60338  617  347 -872.89000 -883.58010  1.22%  16.4   60s
  5180  3974 -879.54114  761  340 -872.89000 -883.58010  1.22%  15.9   65s
  5605  4258 -878.29156  862  346 -872.89000 -883.58010  1.22%  15.6   70s
  6156  4580 -875.53415 1024  332 -872.89000 -883.58010  1.22%  15.3   75s
H 6221  4531                    -872.9080000 -883.58010  1.22%  15.4   75s
H 6477  4550                    -872.9140000 -883.58010  1.22%  15.5   79s
  6482  4597 -873.58062 1114  345 -872.91400 -883.58010  1.22%  15.5   81s
H 6826  4708                    -872.9260000 -883.57850  1.22%  15.4   82s
H 6972  4860                    -872.9300000 -883.57850  1.22%  15.4   84s
  7230  5112 -881.91233   92  411 -872.93000 -883.57850  1.22%  15.4   85s
H 7836  5719                    -872.9480000 -883.57850  1.22%  15.2   88s
  8105  5988 -880.71744  300  384 -872.94800 -883.57850  1.22%  15.1   90s
H 9000  6795                    -872.9580000 -883.57850  1.22%  14.7   94s
  9212  7088 -880.04239  598  321 -872.95800 -883.57850  1.22%  14.6   96s
H 9366  7240                    -872.9600000 -883.57850  1.22%  14.6   96s
  9920  7791 -878.80061  777  307 -872.96000 -883.57850  1.22%  14.5  100s
 10639  8443 -873.22900  971  296 -872.96000 -883.57825  1.22%  14.3  105s
H10700  8443                    -872.9640000 -883.57825  1.22%  14.3  105s
H10864  8432                    -873.9020000 -883.57825  1.11%  14.3  106s
 11715  9283 -879.86319  412  401 -873.90200 -883.57825  1.11%  13.9  110s
 12660 10225 -878.74942  692  393 -873.90200 -883.57825  1.11%  13.3  115s
 13383 10959 -878.24920  805  399 -873.90200 -883.57825  1.11%  12.9  120s
 13964 11509 -877.80244  880  407 -873.90200 -883.57825  1.11%  12.7  125s
 14224 11779 -877.45495  947  401 -873.90200 -883.57825  1.11%  12.7  131s
 14445 11994 -877.27613  973  416 -873.90200 -883.57825  1.11%  12.8  135s
 14666 12202 -876.76788 1017  411 -873.90200 -883.57825  1.11%  12.7  140s
 14866 12410 -876.35451 1044  403 -873.90200 -883.57825  1.11%  12.7  145s
 15083 12640 -876.31297 1080  409 -873.90200 -883.57825  1.11%  12.7  151s
 15351 12844 -875.95508 1097  415 -873.90200 -883.57825  1.11%  12.6  156s
 15563 13087 -875.07593 1130  426 -873.90200 -883.57825  1.11%  12.6  161s
 15763 13282 -874.61303 1149  410 -873.90200 -883.57825  1.11%  12.6  165s
 16153 13622 -882.57690   68  478 -873.90200 -883.57774  1.11%  12.5  170s
 17348 14730 -879.73571  537  366 -873.90200 -883.57774  1.11%  12.4  175s
 17768 15151 -879.37809  685  350 -873.90200 -883.57774  1.11%  12.2  180s
H18200 15412                    -873.9080000 -883.57774  1.11%  12.1  182s
H18730 16008                    -873.9420000 -883.57774  1.10%  12.1  184s
H18857 16143                    -873.9460000 -883.57774  1.10%  12.1  186s
 19526 16766 -876.52933 1012  405 -873.94600 -883.57774  1.10%  12.1  190s
H20037 17139                    -873.9660000 -883.57774  1.10%  12.0  192s
H20160 17330                    -873.9800000 -883.56058  1.10%  12.0  193s
 20243 17412 -882.91603   67  478 -873.98000 -883.56058  1.10%  12.0  195s
 21336 18471 -876.78351  608  395 -873.98000 -883.56058  1.10%  11.9  200s
H21883 17815                    -874.9460000 -883.53629  0.98%  11.9  203s

Cutting planes:
  Gomory: 47
  Cover: 141
  MIR: 107
  StrongCG: 2
  Flow cover: 66
  GUB cover: 37
  Zero half: 10

Explored 21949 nodes (276808 simplex iterations) in 203.67 seconds
Thread count was 4 (of 4 available processors)

Solution count 10: -874.946 -873.98 -873.966 ... -872.958
Pool objective bound -883.536

Optimal solution found (tolerance 1.00e-02)
Best objective -8.749460000000e+02, best bound -8.835362939828e+02, gap 0.9818%
Changed value of parameter MIPGap to 0.01
   Prev: 0.0001  Min: 0.0  Max: 1e+100  Default: 0.0001
Changed value of parameter TimeLimit to 1800.0
   Prev: 1e+100  Min: 0.0  Max: 1e+100  Default: 1e+100
Changed value of parameter Method to 2
   Prev: -1  Min: -1  Max: 4  Default: -1
Changed value of parameter MIPFocus to 1
   Prev: 0  Min: 0  Max: 3  Default: 0
Optimize a model with 5365 rows, 13469 columns and 46898 nonzeros
Variable types: 300 continuous, 13169 integer (13169 binary)
Coefficient statistics:
  Matrix range     [1e+00, 4e+01]
  Objective range  [1e+00, 1e+00]
  Bounds range     [1e+00, 8e+01]
  RHS range        [0e+00, 0e+00]
Found heuristic solution: objective 0
Presolve removed 1013 rows and 1313 columns
Presolve time: 0.07s
Presolved: 4352 rows, 12156 columns, 44572 nonzeros
Variable types: 0 continuous, 12156 integer (12156 binary)
Presolve removed 1013 rows and 0 columns
Presolved: 3339 rows, 12156 columns, 40520 nonzeros

Root barrier log...

Ordering time: 0.00s

Barrier statistics:
 AA' NZ     : 3.016e+04
 Factor NZ  : 5.105e+04 (roughly 7 MBytes of memory)
 Factor Ops : 3.545e+06 (less than 1 second per iteration)
 Threads    : 1

                  Objective                Residual
Iter       Primal          Dual         Primal    Dual     Compl     Time
   0  -4.68762765e+03 -1.12166035e+04  1.32e+02 0.00e+00  3.08e+00     0s
   1  -1.58685493e+03 -7.75737247e+03  2.22e+01 6.66e-16  6.22e-01     0s
   2  -1.05270711e+03 -3.31217642e+03  5.05e+00 8.88e-16  1.44e-01     0s
   3  -8.90492839e+02 -1.25856343e+03  4.64e-02 1.11e-15  1.52e-02     0s
   4  -9.09283974e+02 -1.01232425e+03  1.40e-02 5.31e-16  4.24e-03     0s
   5  -9.17601059e+02 -9.69574362e+02  8.08e-03 6.47e-16  2.14e-03     0s
   6  -9.23685232e+02 -9.50963376e+02  5.45e-03 5.43e-16  1.13e-03     0s
   7  -9.29025778e+02 -9.43713617e+02  3.10e-03 4.65e-16  6.07e-04     0s
   8  -9.32286864e+02 -9.38763481e+02  1.81e-03 6.39e-16  2.69e-04     0s
   9  -9.34244055e+02 -9.37721951e+02  1.12e-03 4.90e-16  1.45e-04     0s
  10  -9.35635776e+02 -9.37377926e+02  5.45e-04 4.36e-16  7.25e-05     0s
  11  -9.36146234e+02 -9.37217819e+02  3.37e-04 4.64e-16  4.46e-05     0s
  12  -9.36651425e+02 -9.37122107e+02  1.37e-04 3.83e-16  1.96e-05     0s
  13  -9.36792534e+02 -9.37079325e+02  8.26e-05 3.27e-16  1.19e-05     0s
  14  -9.37004718e+02 -9.37016922e+02  3.10e-07 4.74e-16  4.97e-07     0s
  15  -9.37008009e+02 -9.37008032e+02  2.21e-13 4.96e-16  9.13e-10     0s
  16  -9.37008017e+02 -9.37008017e+02  1.11e-11 5.16e-16  2.90e-14     0s

Barrier solved model in 16 iterations and 0.25 seconds
Optimal objective -9.37008017e+02


Root relaxation: objective -9.370080e+02, 5188 iterations, 0.20 seconds

    Nodes    |    Current Node    |     Objective Bounds      |     Work
 Expl Unexpl |  Obj  Depth IntInf | Incumbent    BestBd   Gap | It/Node Time

     0     0 -937.00802    0  395    0.00000 -937.00802      -     -    0s
H    0     0                    -703.8640000 -937.00802  33.1%     -    0s
     0     0 -936.47091    0  628 -703.86400 -936.47091  33.0%     -    0s
     0     0 -934.44188    0  593 -703.86400 -934.44188  32.8%     -    0s
     0     0 -933.84826    0  652 -703.86400 -933.84826  32.7%     -    1s
     0     0 -933.12938    0  629 -703.86400 -933.12938  32.6%     -    1s
     0     0 -933.12938    0  699 -703.86400 -933.12938  32.6%     -    1s
     0     0 -933.03840    0  704 -703.86400 -933.03840  32.6%     -    1s
     0     0 -933.03840    0  721 -703.86400 -933.03840  32.6%     -    1s
H    0     0                    -895.0200000 -933.03840  4.25%     -    2s
     0     0 -932.82939    0  695 -895.02000 -932.82939  4.22%     -    2s
     0     0 -932.82939    0  436 -895.02000 -932.82939  4.22%     -    3s
H    0     0                    -908.8440000 -932.82939  2.64%     -    4s
     0     2 -932.82939    0  368 -908.84400 -932.82939  2.64%     -    4s
H    1     4                    -912.3640000 -932.82939  2.24%  2221    4s
H    2     4                    -913.4560000 -932.82939  2.12%  1112    4s
     3     6 -932.58408    2  453 -913.45600 -932.82939  2.12%   897    5s
H   31    33                    -914.7440000 -932.58408  1.95%   148    6s
H   37    39                    -916.6880000 -932.58408  1.73%   128    6s
H   64    47                    -917.8080000 -932.58408  1.61%  86.9    7s
H  174   168                    -917.8160000 -932.58408  1.61%  47.7    8s
H  196   190                    -918.9960000 -932.58408  1.48%  44.2    8s
H  211   212                    -919.1040000 -932.58408  1.47%  42.4    8s
H  335   311                    -919.1440000 -932.58408  1.46%  31.0    9s
   371   371 -930.65591  182  381 -919.14400 -932.58408  1.46%  29.7   10s
H  424   399                    -919.1760000 -932.58408  1.46%  27.2   10s
H  478   453                    -919.2000000 -932.58408  1.46%  25.3   10s
H  505   494                    -919.2200000 -932.58408  1.45%  24.3   11s
H  779   766                    -919.2600000 -932.58408  1.45%  18.3   14s
   832   833 -928.98346  377  401 -919.26000 -932.58408  1.45%  17.7   15s
H  953   954                    -919.2920000 -932.58408  1.45%  16.2   17s
H 1142  1117                    -919.3960000 -932.58408  1.43%  14.6   19s
  1266  1266 -925.44249  654  413 -919.39600 -932.58408  1.43%  13.9   20s
H 1800  1777                    -919.4080000 -932.58408  1.43%  12.0   24s
  1863  1851 -931.56390   39  447 -919.40800 -932.58408  1.43%  11.8   25s
  2456  2432 -925.53168  789  395 -919.40800 -932.58408  1.43%  11.6   31s
H 2465  2315                    -919.4400000 -932.34515  1.40%  11.6   33s
  2467  2320 -932.34515   13  451 -919.44000 -932.34515  1.40%  17.6   35s
H 2468  2203                    -919.5320000 -932.34515  1.39%  17.6   35s
H 2493  2109                    -919.8400000 -932.01359  1.32%  18.6   36s
  2674  2229 -930.68739   70  400 -919.84000 -932.01359  1.32%  20.6   40s
H 2882  2241                    -919.8520000 -932.01359  1.32%  21.6   42s
H 3127  2302                    -920.5080000 -932.01359  1.25%  21.4   44s
  3216  2386 -929.09160  213  385 -920.50800 -932.01359  1.25%  21.3   45s
  3647  2674 -928.70901  334  377 -920.50800 -932.01359  1.25%  20.5   50s
  4041  2935 -927.73017  451  352 -920.50800 -932.01359  1.25%  19.9   55s
H 4160  2894                    -920.5960000 -932.01359  1.24%  19.5   55s
H 4200  2839                    -920.6000000 -932.01359  1.24%  19.4   56s
H 4685  3076                    -921.6640000 -932.01359  1.12%  18.1   59s
  4824  3171 -927.25721  646  331 -921.66400 -932.01359  1.12%  18.0   60s
H 5252  3372                    -921.6960000 -932.01359  1.12%  17.8   63s
H 5333  3350                    -921.8560000 -932.01359  1.10%  17.7   63s
H 5360  3268                    -921.9320000 -932.01359  1.09%  17.6   64s
  5465  3362 -922.85049  834  314 -921.93200 -932.01359  1.09%  17.6   65s
H 5565  3359                    -921.9760000 -932.01359  1.09%  17.5   66s
H 5847  3480                    -922.1000000 -932.01359  1.08%  17.0   68s
H 5951  3432                    -922.1440000 -932.00681  1.07%  17.0   69s
  6056  3500 -931.27973   27  507 -922.14400 -932.00681  1.07%  17.0   70s
  6707  3971 -929.19988  154  399 -922.14400 -932.00681  1.07%  17.0   75s
  7713  4973 -928.70377  416  379 -922.14400 -932.00681  1.07%  16.4   81s
  8391  5651 -928.44341  583  355 -922.14400 -932.00681  1.07%  15.6   85s
  9002  6256 -926.51522  726  327 -922.14400 -932.00681  1.07%  15.1   90s
H 9100  6256                    -922.1520000 -932.00681  1.07%  15.1   90s
H 9337  6596                    -922.1840000 -932.00681  1.07%  15.1   92s
  9638  6886 -925.33243  892  339 -922.18400 -932.00681  1.07%  15.0   95s
 10636  7765 -931.13140   50  501 -922.18400 -931.98292  1.06%  14.7  101s
 11118  8242 -929.12393  237  423 -922.18400 -931.98292  1.06%  14.9  105s
H11332  8373                    -922.1880000 -931.98292  1.06%  14.8  105s
 12145  9265 -926.53948  544  410 -922.18800 -931.98292  1.06%  14.3  110s
 12846 10006 -926.19833  753  391 -922.18800 -931.98292  1.06%  13.9  115s
 13824 10925 -925.22135  925  390 -922.18800 -931.98292  1.06%  13.6  120s
 14700 11793 -923.26079 1055  398 -922.18800 -931.98292  1.06%  13.5  126s
 14962 12020 -922.43191 1112  393 -922.18800 -931.96681  1.06%  13.6  130s
 16385 13407 -926.65262  626  369 -922.18800 -931.96681  1.06%  13.2  135s
 16996 13976 -922.25959  946  329 -922.18800 -931.95095  1.06%  12.9  140s
H17139 14034                    -922.2480000 -931.95095  1.05%  13.1  142s
H17166 14061                    -922.2560000 -931.95095  1.05%  13.1  144s
 17197 14112 -927.22665  108  420 -922.25600 -931.95095  1.05%  13.1  146s
H17200 14102                    -922.2800000 -931.95095  1.05%  13.1  146s
H17272 14114                    -922.3520000 -931.95095  1.04%  13.1  146s
 17351 14218 -924.47576  208  381 -922.35200 -931.95095  1.04%  13.1  150s
 17852 14663 -928.25301  184  419 -922.35200 -931.95095  1.04%  13.3  155s
H17999 13776                    -923.2760000 -931.95095  0.94%  13.3  155s

Cutting planes:
  Gomory: 57
  Cover: 155
  MIR: 89
  StrongCG: 5
  Flow cover: 61
  GUB cover: 48
  Zero half: 10

Explored 18137 nodes (254532 simplex iterations) in 155.78 seconds
Thread count was 4 (of 4 available processors)

Solution count 10: -923.276 -922.352 -922.28 ... -922.1
Pool objective bound -931.951

Optimal solution found (tolerance 1.00e-02)
Best objective -9.232760000000e+02, best bound -9.319509464162e+02, gap 0.9396%
Changed value of parameter MIPGap to 0.01
   Prev: 0.0001  Min: 0.0  Max: 1e+100  Default: 0.0001
Changed value of parameter TimeLimit to 1800.0
   Prev: 1e+100  Min: 0.0  Max: 1e+100  Default: 1e+100
Changed value of parameter Method to 2
   Prev: -1  Min: -1  Max: 4  Default: -1
Changed value of parameter MIPFocus to 1
   Prev: 0  Min: 0  Max: 3  Default: 0
Optimize a model with 5365 rows, 13469 columns and 46898 nonzeros
Variable types: 300 continuous, 13169 integer (13169 binary)
Coefficient statistics:
  Matrix range     [1e+00, 4e+01]
  Objective range  [1e+00, 2e+00]
  Bounds range     [1e+00, 8e+01]
  RHS range        [0e+00, 0e+00]
Found heuristic solution: objective 0
Presolve removed 1013 rows and 1313 columns
Presolve time: 0.06s
Presolved: 4352 rows, 12156 columns, 44572 nonzeros
Variable types: 0 continuous, 12156 integer (12156 binary)
Presolve removed 1013 rows and 0 columns
Presolved: 3339 rows, 12156 columns, 40520 nonzeros

Root barrier log...

Ordering time: 0.00s

Barrier statistics:
 AA' NZ     : 3.016e+04
 Factor NZ  : 5.105e+04 (roughly 7 MBytes of memory)
 Factor Ops : 3.545e+06 (less than 1 second per iteration)
 Threads    : 1

                  Objective                Residual
Iter       Primal          Dual         Primal    Dual     Compl     Time
   0  -5.23180359e+03 -1.29256924e+04  1.32e+02 0.00e+00  3.56e+00     0s
   1  -1.75421775e+03 -8.92345383e+03  2.21e+01 8.88e-16  7.19e-01     0s
   2  -1.16412296e+03 -3.79686396e+03  5.13e+00 1.11e-15  1.68e-01     0s
   3  -9.81301369e+02 -1.41127987e+03  4.73e-02 1.78e-15  1.77e-02     0s
   4  -1.00392796e+03 -1.12210647e+03  1.23e-02 6.23e-16  4.85e-03     0s
   5  -1.01289907e+03 -1.07597916e+03  7.78e-03 6.81e-16  2.59e-03     0s
   6  -1.01847048e+03 -1.05563068e+03  5.59e-03 6.23e-16  1.53e-03     0s
   7  -1.02321936e+03 -1.04527033e+03  3.89e-03 5.01e-16  9.10e-04     0s
   8  -1.02844794e+03 -1.03885769e+03  2.11e-03 5.37e-16  4.30e-04     0s
   9  -1.03119553e+03 -1.03597493e+03  1.25e-03 5.34e-16  1.99e-04     0s
  10  -1.03332755e+03 -1.03560099e+03  5.68e-04 4.70e-16  9.44e-05     0s
  11  -1.03370012e+03 -1.03535420e+03  4.52e-04 5.04e-16  6.88e-05     0s
  12  -1.03418583e+03 -1.03529235e+03  2.99e-04 5.19e-16  4.60e-05     0s
  13  -1.03507935e+03 -1.03524424e+03  3.04e-05 5.13e-16  6.81e-06     0s
  14  -1.03518367e+03 -1.03519432e+03  1.74e-06 5.48e-16  4.39e-07     0s
  15  -1.03519279e+03 -1.03519284e+03  3.42e-12 5.81e-16  1.98e-09     0s
  16  -1.03519280e+03 -1.03519280e+03  5.48e-11 6.65e-16  2.38e-13     0s

Barrier solved model in 16 iterations and 0.25 seconds
Optimal objective -1.03519280e+03


Root relaxation: objective -1.035193e+03, 5112 iterations, 0.18 seconds

    Nodes    |    Current Node    |     Objective Bounds      |     Work
 Expl Unexpl |  Obj  Depth IntInf | Incumbent    BestBd   Gap | It/Node Time

     0     0 -1035.1928    0  365    0.00000 -1035.1928      -     -    0s
H    0     0                    -955.4480000 -1035.1928  8.35%     -    0s
     0     0 -1035.1029    0  591 -955.44800 -1035.1029  8.34%     -    0s
H    0     0                    -1001.720000 -1035.1029  3.33%     -    1s
     0     0 -1032.2969    0  598 -1001.7200 -1032.2969  3.05%     -    1s
     0     0 -1032.2462    0  694 -1001.7200 -1032.2462  3.05%     -    1s
H    0     0                    -1009.472000 -1032.2462  2.26%     -    1s
     0     0 -1030.6351    0  621 -1009.4720 -1030.6351  2.10%     -    1s
     0     0 -1030.6351    0  731 -1009.4720 -1030.6351  2.10%     -    1s
     0     0 -1030.2312    0  713 -1009.4720 -1030.2312  2.06%     -    1s
     0     0 -1030.2312    0  715 -1009.4720 -1030.2312  2.06%     -    2s
     0     0 -1030.0313    0  711 -1009.4720 -1030.0313  2.04%     -    2s
     0     0 -1030.0313    0  405 -1009.4720 -1030.0313  2.04%     -    2s
H    0     0                    -1012.680000 -1030.0313  1.71%     -    3s
H    0     2                    -1013.792000 -1030.0313  1.60%     -    4s
     0     2 -1030.0313    0  395 -1013.7920 -1030.0313  1.60%     -    4s
H    1     4                    -1013.848000 -1030.0313  1.60%   753    4s
H    3     6                    -1014.896000 -1030.0313  1.49%   295    4s
     9    10 -1029.7927    4  479 -1014.8960 -1029.8502  1.47%   282    5s
H   29    30                    -1014.992000 -1029.8502  1.46%   118    6s
H   64    65                    -1015.296000 -1029.8502  1.43%  72.8    6s
H  138   135                    -1015.416000 -1029.8502  1.42%  45.8    7s
H  180   178                    -1015.456000 -1029.8502  1.42%  38.8    7s
H  200   195                    -1015.512000 -1029.8502  1.41%  37.3    8s
H  266   263                    -1015.656000 -1029.8502  1.40%  32.2    8s
H  276   273                    -1016.568000 -1029.8502  1.31%  31.7    8s
H  303   294                    -1016.608000 -1029.8502  1.30%  30.4    9s
   345   342 -1026.3810  167  412 -1016.6080 -1029.8502  1.30%  29.6   10s
H  417   411                    -1016.632000 -1029.8502  1.30%  26.6   10s
H  495   492                    -1016.664000 -1029.8502  1.30%  23.9   11s
H  560   546                    -1016.728000 -1029.8502  1.29%  22.0   11s
H  658   650                    -1016.832000 -1029.8502  1.28%  19.6   12s
H  757   737                    -1016.952000 -1029.8502  1.27%  17.8   13s
   916   913 -1023.8912  452  379 -1016.9520 -1029.8502  1.27%  15.8   15s
  1240  1228 -1022.4572  571  395 -1016.9520 -1029.8502  1.27%  13.2   20s
  1654  1638 -1020.6699  757  400 -1016.9520 -1029.8502  1.27%  11.3   25s
  2183  2162 -1017.2285 1065  406 -1016.9520 -1029.8279  1.27%  10.1   30s
H 2209  2162                    -1016.960000 -1029.8279  1.27%  10.2   30s
H 2258  2104                    -1016.976000 -1029.8279  1.26%  10.3   34s
  2260  2109 -1029.8279   13  421 -1016.9760 -1029.8279  1.26%  17.9   36s
H 2362  2070                    -1017.000000 -1029.6423  1.24%  20.0   39s
  2373  2076 -1028.8852   38  462 -1017.0000 -1029.6423  1.24%  20.1   40s
H 2518  2042                    -1017.024000 -1029.6423  1.24%  20.7   41s
H 2568  2009                    -1017.032000 -1029.6423  1.24%  20.7   42s
H 2595  1937                    -1017.120000 -1029.6423  1.23%  20.7   42s
H 2634  1877                    -1017.184000 -1029.6423  1.22%  20.6   43s
H 2700  1835                    -1017.240000 -1029.6423  1.22%  20.7   43s
  2974  2023 -1027.3711  152  377 -1017.2400 -1029.6423  1.22%  20.1   45s
H 3041  1989                    -1018.096000 -1029.6423  1.13%  20.1   45s
H 3143  1986                    -1018.216000 -1029.6423  1.12%  19.8   46s
H 3211  1957                    -1018.272000 -1029.6423  1.12%  19.6   47s
H 3316  1965                    -1018.376000 -1029.6423  1.11%  19.3   47s
H 3654  2124                    -1018.400000 -1029.6423  1.10%  18.1   50s
  4225  2506 -1025.3702  410  361 -1018.4000 -1029.6423  1.10%  16.6   55s
H 4641  2721                    -1018.472000 -1029.6423  1.10%  15.8   57s
  4924  2912 -1025.1720  576  346 -1018.4720 -1029.6423  1.10%  15.6   60s
  5893  3600 -1023.0726  812  322 -1018.4720 -1029.6423  1.10%  15.0   66s
  6422  4092     cutoff  991      -1018.4720 -1029.6318  1.10%  15.5   70s
H 7120  4714                    -1018.480000 -1029.6318  1.09%  16.0   76s
H 7464  5051                    -1018.504000 -1029.6318  1.09%  15.9   77s
  7875  5458 -1025.8992  286  337 -1018.5040 -1029.6318  1.09%  15.6   80s
  8538  6115 -1025.6511  399  328 -1018.5040 -1029.6318  1.09%  15.0   85s
  9513  7090 -1025.2358  602  304 -1018.5040 -1029.6318  1.09%  14.5   91s
 10137  7552 -1024.4552  705  328 -1018.5040 -1029.6318  1.09%  14.4   96s
 10423  7850 -1024.2050  739  323 -1018.5040 -1029.6318  1.09%  14.4  100s
 11019  8427 -1023.0551  824  306 -1018.5040 -1029.6318  1.09%  14.1  105s
 11583  8975 -1020.6726  947  316 -1018.5040 -1029.6318  1.09%  13.8  111s
 12046  9365 -1029.2804   48  487 -1018.5040 -1029.6259  1.09%  13.8  116s
 12622  9970 -1024.7554  347  379 -1018.5040 -1029.6259  1.09%  13.7  121s
 13266 10610 -1023.6551  648  376 -1018.5040 -1029.6259  1.09%  13.3  127s
 13653 10983 -1022.7552  737  374 -1018.5040 -1029.6259  1.09%  13.3  131s
 14080 11303 -1022.0472  873  369 -1018.5040 -1029.6188  1.09%  13.0  135s
 14594 11785 -1026.4324  253  389 -1018.5040 -1029.6188  1.09%  13.1  140s
 15000 12187 -1024.5919  489  399 -1018.5040 -1029.6188  1.09%  13.0  145s
 15570 12766 -1024.2744  771  376 -1018.5040 -1029.6188  1.09%  12.7  151s
 15929 13090 -1023.1030  898  356 -1018.5040 -1029.6188  1.09%  12.6  155s
 16369 13551 -1022.0102  971  367 -1018.5040 -1029.6188  1.09%  12.4  161s
 16761 13942 -1021.1468 1090  354 -1018.5040 -1029.6188  1.09%  12.3  165s
 17387 14508 -1019.7364 1219  368 -1018.5040 -1029.6188  1.09%  12.3  171s
 18119 15160 -1028.4109   63  450 -1018.5040 -1029.6035  1.09%  12.2  176s
H18143 15149                    -1018.568000 -1029.6035  1.08%  12.2  176s
 18671 15652 -1023.5471  346  378 -1018.5680 -1029.6035  1.08%  12.2  180s
 19766 16654 -1026.5192  154  429 -1018.5680 -1029.5688  1.08%  12.1  186s
H20670 17373                    -1018.624000 -1029.5688  1.07%  12.2  189s
 20671 17537 -1018.6775  691  410 -1018.6240 -1029.5516  1.07%  12.2  190s
H21783 17537                    -1019.504000 -1029.5516  0.99%  12.2  194s

Cutting planes:
  Gomory: 60
  Cover: 105
  MIR: 62
  StrongCG: 3
  Flow cover: 35
  GUB cover: 41
  Zero half: 8

Explored 21816 nodes (281402 simplex iterations) in 194.69 seconds
Thread count was 4 (of 4 available processors)

Solution count 10: -1019.5 -1018.62 -1018.57 ... -1018.22
Pool objective bound -1029.55

Optimal solution found (tolerance 1.00e-02)
Best objective -1.019504000000e+03, best bound -1.029551586195e+03, gap 0.9855%
Changed value of parameter MIPGap to 0.01
   Prev: 0.0001  Min: 0.0  Max: 1e+100  Default: 0.0001
Changed value of parameter TimeLimit to 1800.0
   Prev: 1e+100  Min: 0.0  Max: 1e+100  Default: 1e+100
Changed value of parameter Method to 2
   Prev: -1  Min: -1  Max: 4  Default: -1
Changed value of parameter MIPFocus to 1
   Prev: 0  Min: 0  Max: 3  Default: 0
Optimize a model with 5365 rows, 13469 columns and 46898 nonzeros
Variable types: 300 continuous, 13169 integer (13169 binary)
Coefficient statistics:
  Matrix range     [1e+00, 4e+01]
  Objective range  [1e+00, 2e+00]
  Bounds range     [1e+00, 8e+01]
  RHS range        [0e+00, 0e+00]
Found heuristic solution: objective 0
Presolve removed 1013 rows and 1313 columns
Presolve time: 0.08s
Presolved: 4352 rows, 12156 columns, 44572 nonzeros
Variable types: 0 continuous, 12156 integer (12156 binary)
Presolve removed 1013 rows and 0 columns
Presolved: 3339 rows, 12156 columns, 40520 nonzeros

Root barrier log...

Ordering time: 0.00s

Barrier statistics:
 AA' NZ     : 3.016e+04
 Factor NZ  : 5.105e+04 (roughly 7 MBytes of memory)
 Factor Ops : 3.545e+06 (less than 1 second per iteration)
 Threads    : 1

                  Objective                Residual
Iter       Primal          Dual         Primal    Dual     Compl     Time
   0  -5.50406780e+03 -1.43780707e+04  1.32e+02 0.00e+00  3.98e+00     0s
   1  -1.80719857e+03 -9.90234329e+03  2.14e+01 1.11e-15  7.90e-01     0s
   2  -1.20543134e+03 -4.13128542e+03  4.83e+00 1.33e-15  1.82e-01     0s
   3  -1.02626797e+03 -1.43029361e+03  4.91e-02 1.19e-15  1.67e-02     0s
   4  -1.04900513e+03 -1.17047977e+03  1.74e-02 6.92e-16  5.01e-03     0s
   5  -1.05976701e+03 -1.12600863e+03  1.09e-02 5.68e-16  2.73e-03     0s
   6  -1.06666638e+03 -1.10609923e+03  7.54e-03 6.10e-16  1.63e-03     0s
   7  -1.07235195e+03 -1.09371918e+03  5.21e-03 6.04e-16  8.87e-04     0s
   8  -1.07842653e+03 -1.08820822e+03  2.49e-03 6.28e-16  4.06e-04     0s
   9  -1.08127817e+03 -1.08624647e+03  1.28e-03 6.94e-16  2.06e-04     0s
  10  -1.08249364e+03 -1.08518411e+03  7.77e-04 7.18e-16  1.12e-04     0s
  11  -1.08295357e+03 -1.08474909e+03  5.84e-04 5.49e-16  7.50e-05     0s
  12  -1.08363844e+03 -1.08460518e+03  3.05e-04 5.14e-16  4.03e-05     0s
  13  -1.08434362e+03 -1.08449693e+03  2.57e-05 6.73e-16  6.32e-06     0s
  14  -1.08441669e+03 -1.08442281e+03  7.62e-13 5.53e-16  2.49e-07     0s
  15  -1.08441803e+03 -1.08441804e+03  1.17e-13 6.67e-16  2.51e-10     0s

Barrier solved model in 15 iterations and 0.25 seconds
Optimal objective -1.08441803e+03


Root relaxation: objective -1.084418e+03, 5102 iterations, 0.20 seconds

    Nodes    |    Current Node    |     Objective Bounds      |     Work
 Expl Unexpl |  Obj  Depth IntInf | Incumbent    BestBd   Gap | It/Node Time

     0     0 -1084.4180    0  396    0.00000 -1084.4180      -     -    0s
H    0     0                    -998.1100000 -1084.4180  8.65%     -    0s
     0     0 -1084.2033    0  635 -998.11000 -1084.2033  8.63%     -    0s
H    0     0                    -1044.630000 -1084.2033  3.79%     -    1s
     0     0 -1081.7478    0  585 -1044.6300 -1081.7478  3.55%     -    1s
     0     0 -1081.6371    0  654 -1044.6300 -1081.6371  3.54%     -    1s
     0     0 -1080.5212    0  661 -1044.6300 -1080.5212  3.44%     -    1s
     0     0 -1080.1495    0  724 -1044.6300 -1080.1495  3.40%     -    1s
     0     0 -1079.5623    0  683 -1044.6300 -1079.5623  3.34%     -    1s
     0     0 -1079.5623    0  711 -1044.6300 -1079.5623  3.34%     -    1s
H    0     0                    -1052.420000 -1079.5623  2.58%     -    1s
     0     0 -1079.5008    0  675 -1052.4200 -1079.5008  2.57%     -    1s
     0     0 -1079.5008    0  441 -1052.4200 -1079.5008  2.57%     -    2s
H    0     0                    -1058.580000 -1079.5008  1.98%     -    3s
H    0     2                    -1058.650000 -1079.5008  1.97%     -    3s
     0     2 -1079.5008    0  422 -1058.6500 -1079.5008  1.97%     -    3s
H    1     4                    -1059.230000 -1079.5008  1.91%   728    4s
H   28    29                    -1059.420000 -1079.4305  1.89%   102    5s
H   29    30                    -1062.180000 -1079.4305  1.62%  98.6    5s
H   60    61                    -1062.370000 -1079.4305  1.61%  64.5    5s
H   87    85                    -1062.410000 -1079.4305  1.60%  53.1    6s
H  110   111                    -1063.420000 -1079.4305  1.51%  47.0    6s
H  148   146                    -1063.520000 -1079.4305  1.50%  42.5    7s
H  180   181                    -1064.750000 -1079.4305  1.38%  39.0    7s
H  322   317                    -1065.880000 -1079.4305  1.27%  31.1    8s
   433   434 -1076.2233  187  389 -1065.8800 -1079.4305  1.27%  25.7   10s
   776   777 -1074.9287  363  380 -1065.8800 -1079.4305  1.27%  17.6   15s
  1060  1060 -1073.8351  505  397 -1065.8800 -1079.4305  1.27%  14.7   20s
  1624  1623 -1071.3805  746  418 -1065.8800 -1079.4305  1.27%  11.9   25s
  2202  2195 -1068.9660  985  415 -1065.8800 -1079.4305  1.27%  10.4   31s
  2467  2443 -1076.3923  199  396 -1065.8800 -1079.3093  1.26%  11.1   36s
  2478  2454 -1078.9469   13  437 -1065.8800 -1079.1003  1.24%  17.7   40s
H 2501  2343                    -1066.060000 -1078.6728  1.18%  18.7   42s
  2563  2385 -1077.4997   34  454 -1066.0600 -1078.6728  1.18%  19.5   46s
  2695  2473 -1077.2591   66  443 -1066.0600 -1078.6728  1.18%  20.4   50s
  2886  2600 -1075.9860  113  417 -1066.0600 -1078.6728  1.18%  21.3   56s
H 3000  2541                    -1066.190000 -1078.6728  1.17%  21.5   58s
  3331  2777 -1074.4676  226  372 -1066.1900 -1078.6728  1.17%  21.2   60s
  3783  3080 -1074.1118  332  361 -1066.1900 -1078.6728  1.17%  20.3   66s
  4151  3324 -1073.8612  387  364 -1066.1900 -1078.6728  1.17%  19.3   71s
  4451  3524 -1073.3368  462  351 -1066.1900 -1078.6728  1.17%  18.8   75s
  4795  3754 -1072.7571  517  355 -1066.1900 -1078.6728  1.17%  18.2   80s
H 4806  3646                    -1066.360000 -1078.6728  1.15%  18.2   80s
H 5195  3747                    -1066.410000 -1078.6728  1.15%  17.7   82s
  5676  4118 -1072.7895  708  329 -1066.4100 -1078.6728  1.15%  16.9   85s
  6361  4507 -1068.4027  852  340 -1066.4100 -1078.6728  1.15%  16.5   90s
H 6561  4477                    -1066.450000 -1078.6728  1.15%  16.7   92s
  6788  4677 -1067.1863  937  336 -1066.4500 -1078.6728  1.15%  16.6   95s
H 6973  4658                    -1066.610000 -1078.6728  1.13%  16.6   96s
H 7200  4627                    -1066.620000 -1078.6718  1.13%  17.0   98s
  7622  4985 -1074.7855  144  416 -1066.6200 -1078.6718  1.13%  16.8  101s
  8095  5458 -1073.4496  293  375 -1066.6200 -1078.6718  1.13%  16.5  105s
H 8842  6192                    -1066.710000 -1078.6718  1.12%  16.0  109s
  8947  6299 -1072.2648  530  360 -1066.7100 -1078.6718  1.12%  15.9  110s
H 9254  6432                    -1067.990000 -1078.6718  1.00%  15.7  112s
  9793  6918 -1071.8490  741  329 -1067.9900 -1078.6718  1.00%  15.4  115s

Cutting planes:
  Gomory: 55
  Cover: 95
  MIR: 57
  StrongCG: 2
  Flow cover: 36
  GUB cover: 32
  Zero half: 7

Explored 10605 nodes (180470 simplex iterations) in 119.82 seconds
Thread count was 4 (of 4 available processors)

Solution count 10: -1067.99 -1066.71 -1066.62 ... -1065.88
Pool objective bound -1078.66

Optimal solution found (tolerance 1.00e-02)
Best objective -1.067990000000e+03, best bound -1.078660000000e+03, gap 0.9991%
Changed value of parameter MIPGap to 0.01
   Prev: 0.0001  Min: 0.0  Max: 1e+100  Default: 0.0001
Changed value of parameter TimeLimit to 1800.0
   Prev: 1e+100  Min: 0.0  Max: 1e+100  Default: 1e+100
Changed value of parameter Method to 2
   Prev: -1  Min: -1  Max: 4  Default: -1
Changed value of parameter MIPFocus to 1
   Prev: 0  Min: 0  Max: 3  Default: 0
Optimize a model with 5365 rows, 13469 columns and 46898 nonzeros
Variable types: 300 continuous, 13169 integer (13169 binary)
Coefficient statistics:
  Matrix range     [1e+00, 4e+01]
  Objective range  [1e+00, 3e+00]
  Bounds range     [1e+00, 8e+01]
  RHS range        [0e+00, 0e+00]
Found heuristic solution: objective 0
Presolve removed 1013 rows and 1313 columns
Presolve time: 0.06s
Presolved: 4352 rows, 12156 columns, 44572 nonzeros
Variable types: 0 continuous, 12156 integer (12156 binary)
Presolve removed 1013 rows and 0 columns
Presolved: 3339 rows, 12156 columns, 40520 nonzeros

Root barrier log...

Ordering time: 0.00s

Barrier statistics:
 AA' NZ     : 3.016e+04
 Factor NZ  : 5.105e+04 (roughly 7 MBytes of memory)
 Factor Ops : 3.545e+06 (less than 1 second per iteration)
 Threads    : 1

                  Objective                Residual
Iter       Primal          Dual         Primal    Dual     Compl     Time
   0  -6.86543535e+03 -2.30840546e+04  1.32e+02 4.44e-16  6.53e+00     0s
   1  -2.13037044e+03 -1.57573743e+04  2.02e+01 1.78e-15  1.26e+00     0s
   2  -1.42227338e+03 -5.98773323e+03  3.85e+00 1.67e-15  2.63e-01     0s
   3  -1.24876103e+03 -1.90716199e+03  6.55e-02 2.44e-15  2.73e-02     0s
   4  -1.28231402e+03 -1.46164104e+03  1.63e-02 8.26e-16  7.37e-03     0s
   5  -1.29325255e+03 -1.40526961e+03  1.17e-02 1.11e-15  4.61e-03     0s
   6  -1.30128761e+03 -1.37496981e+03  8.76e-03 7.52e-16  3.03e-03     0s
   7  -1.30727435e+03 -1.35388973e+03  6.91e-03 1.15e-15  1.92e-03     0s
   8  -1.31349293e+03 -1.34102814e+03  5.00e-03 1.33e-15  1.14e-03     0s
   9  -1.32119020e+03 -1.33606497e+03  2.69e-03 1.03e-15  6.16e-04     0s
  10  -1.32346931e+03 -1.33344252e+03  2.05e-03 7.92e-16  4.14e-04     0s
  11  -1.32635549e+03 -1.33238118e+03  1.25e-03 6.67e-16  2.50e-04     0s
  12  -1.32791426e+03 -1.33152261e+03  8.27e-04 7.51e-16  1.50e-04     0s
  13  -1.32907294e+03 -1.33120424e+03  5.09e-04 8.60e-16  8.88e-05     0s
  14  -1.33044227e+03 -1.33111457e+03  1.36e-04 1.03e-15  2.79e-05     0s
  15  -1.33088509e+03 -1.33104467e+03  4.33e-05 6.82e-16  6.65e-06     0s
  16  -1.33093888e+03 -1.33099303e+03  2.03e-05 8.59e-16  2.28e-06     0s
  17  -1.33098678e+03 -1.33098751e+03  5.91e-08 8.98e-16  3.01e-08     0s
  18  -1.33098707e+03 -1.33098707e+03  1.13e-13 9.48e-16  5.87e-14     0s

Barrier solved model in 18 iterations and 0.30 seconds
Optimal objective -1.33098707e+03


Root relaxation: objective -1.330987e+03, 5063 iterations, 0.23 seconds

    Nodes    |    Current Node    |     Objective Bounds      |     Work
 Expl Unexpl |  Obj  Depth IntInf | Incumbent    BestBd   Gap | It/Node Time

     0     0 -1330.9871    0  380    0.00000 -1330.9871      -     -    0s
H    0     0                    -1227.600000 -1330.9871  8.42%     -    0s
     0     0 -1330.4844    0  668 -1227.6000 -1330.4844  8.38%     -    0s
H    0     0                    -1280.600000 -1330.4844  3.90%     -    1s
     0     0 -1327.6982    0  565 -1280.6000 -1327.6982  3.68%     -    1s
     0     0 -1327.0987    0  653 -1280.6000 -1327.0987  3.63%     -    1s
     0     0 -1325.7247    0  633 -1280.6000 -1325.7247  3.52%     -    1s
     0     0 -1325.6429    0  691 -1280.6000 -1325.6429  3.52%     -    1s
     0     0 -1325.0812    0  652 -1280.6000 -1325.0812  3.47%     -    1s
     0     0 -1325.0812    0  708 -1280.6000 -1325.0812  3.47%     -    1s
H    0     0                    -1288.940000 -1325.0812  2.80%     -    2s
     0     0 -1325.0036    0  716 -1288.9400 -1325.0036  2.80%     -    2s
     0     0 -1325.0036    0  445 -1288.9400 -1325.0036  2.80%     -    2s
H    0     0                    -1294.880000 -1325.0036  2.33%     -    3s
H    0     0                    -1295.620000 -1325.0036  2.27%     -    3s
     0     2 -1325.0036    0  419 -1295.6200 -1325.0036  2.27%     -    4s
H    1     4                    -1297.100000 -1325.0014  2.15%   678    4s
H    7    10                    -1297.380000 -1324.5993  2.10%   350    4s
H    8    10                    -1297.640000 -1324.5993  2.08%   307    4s
    20    21 -1324.0787   10  501 -1297.6400 -1324.5993  2.08%   141    5s
H  108   110                    -1298.220000 -1324.5993  2.03%  56.0    7s
H  162   163                    -1298.400000 -1324.5993  2.02%  47.8    7s
H  204   205                    -1298.600000 -1324.5993  2.00%  42.0    8s
H  247   232                    -1298.840000 -1324.5993  1.98%  37.3    8s
H  264   265                    -1299.500000 -1324.5993  1.93%  36.0    8s
H  284   284                    -1299.620000 -1324.5993  1.92%  35.6    9s
H  316   310                    -1299.740000 -1324.5993  1.91%  34.5    9s
   360   361 -1321.6998  187  433 -1299.7400 -1324.5993  1.91%  32.6   10s
H  368   361                    -1300.820000 -1324.5993  1.83%  32.3   10s
H  478   455                    -1300.900000 -1324.5993  1.82%  27.6   11s
H  505   480                    -1302.580000 -1324.5993  1.69%  26.5   11s
H  552   552                    -1302.800000 -1324.5993  1.67%  25.6   11s
H  579   576                    -1304.240000 -1324.5993  1.56%  25.0   12s
   833   832 -1317.8518  430  426 -1304.2400 -1324.5993  1.56%  20.1   15s
  1218  1213 -1313.6565  643  453 -1304.2400 -1324.5993  1.56%  16.2   20s
  1577  1570 -1310.2725  858  450 -1304.2400 -1324.5993  1.56%  13.6   25s
  2102  2067 -1323.7898   30  496 -1304.2400 -1324.5986  1.56%  12.4   30s
  2585  2548 -1320.0967  282  396 -1304.2400 -1324.5986  1.56%  12.4   36s
H 2706  2643                    -1304.520000 -1324.5986  1.54%  12.4   38s
  2993  2930 -1315.5169  624  380 -1304.5200 -1324.5986  1.54%  12.2   41s
H 2999  2787                    -1305.660000 -1323.3956  1.36%  12.2   42s
  3003  2790 -1312.3482  703  450 -1305.6600 -1323.2925  1.35%  12.2   46s
H 3003  2652                    -1306.340000 -1323.2925  1.30%  17.8   47s
  3037  2674 -1321.9761   21  507 -1306.3400 -1322.9774  1.27%  19.2   50s
H 3062  2557                    -1306.460000 -1322.9774  1.26%  19.5   51s
H 3103  2459                    -1306.580000 -1322.9774  1.25%  19.9   52s
H 3215  2396                    -1306.780000 -1322.9774  1.24%  20.5   54s
H 3315  2346                    -1306.800000 -1322.9774  1.24%  20.7   54s
  3344  2386 -1320.5135   99  417 -1306.8000 -1322.9774  1.24%  20.6   55s
  3665  2599 -1319.2412  180  398 -1306.8000 -1322.9774  1.24%  20.6   60s
  4134  2913 -1318.7213  307  396 -1306.8000 -1322.9774  1.24%  20.0   65s
  4626  3240 -1317.7755  444  390 -1306.8000 -1322.9774  1.24%  19.2   70s
  5252  3657 -1316.9853  641  356 -1306.8000 -1322.9774  1.24%  18.4   75s
  6049  4183 -1313.8957  826  352 -1306.8000 -1322.9774  1.24%  17.7   81s
  6476  4460 -1311.8383  923  368 -1306.8000 -1322.9774  1.24%  17.8   85s
  6910  4732 -1308.2078 1019  350 -1306.8000 -1322.9774  1.24%  17.6   90s
  7381  4924 -1321.1334   47  449 -1306.8000 -1322.9764  1.24%  17.6   95s
H 7972  5156                    -1306.940000 -1322.9764  1.23%  18.1  100s
H 8052  5095                    -1307.160000 -1322.9764  1.21%  18.1  100s
  8708  5531 -1317.2487  409  375 -1307.1600 -1322.9764  1.21%  17.9  106s
  9538  6317 -1315.5926  584  372 -1307.1600 -1322.9764  1.21%  17.0  111s
  9945  6740 -1314.4983  693  331 -1307.1600 -1322.9764  1.21%  16.7  115s
 10814  7588     cutoff  878      -1307.1600 -1322.9764  1.21%  16.2  120s
 11449  8073 -1321.0615   98  423 -1307.1600 -1322.9230  1.21%  16.1  125s
 12239  8883 -1318.1786  361  379 -1307.1600 -1322.9230  1.21%  16.1  130s
H12851  9462                    -1307.240000 -1322.9230  1.20%  15.7  133s
H13488 10062                    -1307.480000 -1322.9230  1.18%  15.2  136s
 14427 10988 -1314.4391  989  402 -1307.4800 -1322.9230  1.18%  14.6  141s
 15168 11695 -1312.3094 1116  420 -1307.4800 -1322.9230  1.18%  14.3  145s
 15921 12375 -1309.0930 1244  426 -1307.4800 -1322.9201  1.18%  14.2  150s
 16587 13046 -1320.8718   77  475 -1307.4800 -1322.9201  1.18%  14.1  155s
 17261 13697 -1317.0035  361  368 -1307.4800 -1322.9201  1.18%  13.9  160s
 17981 14409 -1308.8483  929  345 -1307.4800 -1322.8905  1.18%  13.8  165s
 18282 14695 -1321.7350   45  491 -1307.4800 -1322.8905  1.18%  13.8  172s
H18300 14633                    -1307.680000 -1322.8905  1.16%  13.9  172s
 18531 14868 -1314.7298  207  376 -1307.6800 -1322.8905  1.16%  13.9  175s
 19181 15392 -1320.7979  173  408 -1307.6800 -1322.8765  1.16%  14.2  180s
 20327 16538 -1316.8479  593  410 -1307.6800 -1322.8765  1.16%  14.0  186s
 21266 17487 -1316.2250  833  407 -1307.6800 -1322.8765  1.16%  13.6  190s
 22219 18410 -1313.8746 1018  421 -1307.6800 -1322.8765  1.16%  13.3  195s
 23032 19197 -1311.1695 1144  422 -1307.6800 -1322.8765  1.16%  13.1  200s
 23496 19662 -1309.4717 1228  420 -1307.6800 -1322.8765  1.16%  13.1  205s
 24000 20110 -1321.3857   37  531 -1307.6800 -1322.8743  1.16%  13.3  210s
 24406 20514 -1314.4277  151  427 -1307.6800 -1322.8743  1.16%  13.4  215s
H24550 20617                    -1307.760000 -1322.8743  1.16%  13.4  215s
H24817 20855                    -1307.860000 -1322.8743  1.15%  13.3  217s
H24890 20905                    -1307.920000 -1322.8743  1.14%  13.3  219s
H25000 20820                    -1308.080000 -1322.8743  1.13%  13.3  219s
 25153 21080 -1311.8205  259  403 -1308.0800 -1322.8743  1.13%  13.3  220s
H25200 20971                    -1308.260000 -1322.8743  1.12%  13.3  220s
H25567 21189                    -1308.520000 -1322.8743  1.10%  13.3  222s
H25804 21303                    -1308.540000 -1322.8743  1.10%  13.3  224s
 25833 21325 -1308.7060  347  380 -1308.5400 -1322.8675  1.09%  13.3  226s
 26417 21836 -1320.5931  136  458 -1308.5400 -1322.8675  1.09%  13.5  230s
 27204 22599 -1314.8287  484  392 -1308.5400 -1322.8675  1.09%  13.5  235s
 27707 23052 -1322.1043   47  482 -1308.5400 -1322.8527  1.09%  13.5  240s
 28446 23782 -1316.4084  382  388 -1308.5400 -1322.8527  1.09%  13.6  245s
 29051 24259 -1309.5811  640  432 -1308.5400 -1322.8527  1.09%  13.6  251s
H29052 23708                    -1308.840000 -1322.8527  1.07%  13.6  251s
 29265 23923 -1309.5811  642  430 -1308.8400 -1322.8527  1.07%  13.7  257s
H29267 23685                    -1309.020000 -1322.8527  1.06%  13.7  257s
 29488 23898 -1309.5768  645  433 -1309.0200 -1322.8495  1.06%  13.7  261s
H29569 23803                    -1309.080000 -1322.8495  1.05%  13.7  261s
 29868 24102 -1322.2603   26  525 -1309.0800 -1322.8495  1.05%  13.8  265s
 30992 25222 -1318.6022  270  380 -1309.0800 -1322.8495  1.05%  14.0  271s
 31375 25598 -1318.2818  330  364 -1309.0800 -1322.8495  1.05%  14.0  275s
 32049 26175 -1317.6372  488  332 -1309.0800 -1322.8495  1.05%  14.0  280s
 32862 26986 -1316.2470  680  324 -1309.0800 -1322.8495  1.05%  14.0  285s
 33734 27832 -1314.8988  775  321 -1309.0800 -1322.8495  1.05%  13.8  291s
 34032 28099 -1314.0450  851  319 -1309.0800 -1322.8495  1.05%  13.9  295s
 34780 28839 -1311.6066  979  316 -1309.0800 -1322.8495  1.05%  13.9  301s
 35423 29432 -1321.9314   83  493 -1309.0800 -1322.8249  1.05%  13.8  306s
 36254 30288 -1317.5482  405  383 -1309.0800 -1322.8249  1.05%  13.7  311s
 36713 30705 -1315.8470  629  391 -1309.0800 -1322.8249  1.05%  13.7  315s
 37934 31889 -1312.8004  993  401 -1309.0800 -1322.8249  1.05%  13.5  321s
 38220 32210 -1310.7035 1094  392 -1309.0800 -1322.8249  1.05%  13.5  325s
 38690 32645 -1321.4066   61  475 -1309.0800 -1322.8201  1.05%  13.6  331s
 39256 33210 -1316.3330  403  397 -1309.0800 -1322.8201  1.05%  13.6  336s
 39654 33598 -1309.2535  745  428 -1309.0800 -1322.8137  1.05%  13.5  340s
 40026 33901 -1318.4707  272  434 -1309.0800 -1322.8137  1.05%  13.6  347s
 40473 34313 -1311.3818  607  370 -1309.0800 -1322.8137  1.05%  13.6  353s
 40573 34412 -1310.2239  706  381 -1309.0800 -1322.7996  1.05%  13.6  355s
