
Gurobi 6.5.0 (linux64) logging started Fri Aug 26 16:23:24 2016

Changed value of parameter MIPGap to 0.01
   Prev: 0.0001  Min: 0.0  Max: 1e+100  Default: 0.0001
Changed value of parameter TimeLimit to 1000.0
   Prev: 1e+100  Min: 0.0  Max: 1e+100  Default: 1e+100
Changed value of parameter Method to 2
   Prev: -1  Min: -1  Max: 4  Default: -1
Changed value of parameter MIPFocus to 1
   Prev: 0  Min: 0  Max: 3  Default: 0
Optimize a model with 3264 rows, 4746 columns and 9492 nonzeros
Coefficient statistics:
  Matrix range    [1e+00, 2e+01]
  Objective range [1e+00, 1e+00]
  Bounds range    [1e+00, 1e+00]
  RHS range       [8e+01, 8e+01]
Found heuristic solution: objective 0
Presolve removed 3166 rows and 3191 columns
Presolve time: 0.02s
Presolved: 98 rows, 1555 columns, 3083 nonzeros
Variable types: 0 continuous, 1555 integer (1528 binary)
Optimize a model with 98 rows, 1555 columns and 3083 nonzeros
Coefficient statistics:
  Matrix range    [1e+00, 2e+01]
  Objective range [1e+00, 1e+00]
  Bounds range    [1e+00, 2e+00]
  RHS range       [4e+01, 8e+01]
Presolved: 98 rows, 1555 columns, 3083 nonzeros

Root barrier log...

Ordering time: 0.00s

Barrier statistics:
 AA' NZ     : 1.435e+03
 Factor NZ  : 3.758e+03 (roughly 1 MByte of memory)
 Factor Ops : 1.887e+05 (less than 1 second per iteration)
 Threads    : 1

                  Objective                Residual
Iter       Primal          Dual         Primal    Dual     Compl     Time
   0  -4.34259834e+03 -5.90992333e+03  3.30e+01 8.88e-16  7.05e+00     0s
   1  -8.17284333e+02 -4.00822584e+03  1.43e+00 8.89e-01  1.26e+00     0s
   2  -7.85101502e+02 -1.98010324e+03  1.87e-03 3.06e-01  3.82e-01     0s
   3  -8.83280598e+02 -1.07213945e+03  0.00e+00 6.25e-03  5.90e-02     0s
   4  -9.75296644e+02 -1.02610543e+03  0.00e+00 2.05e-03  1.59e-02     0s
   5  -9.85396678e+02 -1.00228697e+03  0.00e+00 6.56e-04  5.27e-03     0s
   6  -9.89109487e+02 -9.95375532e+02  0.00e+00 7.88e-04  1.96e-03     0s
   7  -9.90677090e+02 -9.93038458e+02  0.00e+00 1.33e-04  7.37e-04     0s
   8  -9.90979668e+02 -9.92041001e+02  0.00e+00 3.77e-05  3.31e-04     0s
   9  -9.91301924e+02 -9.91476885e+02  0.00e+00 8.28e-06  5.46e-05     0s
  10  -9.91319182e+02 -9.91334736e+02  0.00e+00 1.75e-07  4.85e-06     0s
  11  -9.91325612e+02 -9.91326285e+02  0.00e+00 3.55e-15  2.10e-07     0s
  12  -9.91326190e+02 -9.91326191e+02  0.00e+00 3.55e-15  1.78e-10     0s

Barrier solved model in 12 iterations and 0.04 seconds
Optimal objective -9.91326190e+02


Root relaxation: objective -9.913262e+02, 147 iterations, 0.02 seconds

    Nodes    |    Current Node    |     Objective Bounds      |     Work
 Expl Unexpl |  Obj  Depth IntInf | Incumbent    BestBd   Gap | It/Node Time

     0     0 -991.32619    0   66    0.00000 -991.32619      -     -    0s
H    0     0                    -971.0000000 -991.32619  2.09%     -    0s
H    0     0                    -973.0000000 -991.32619  1.88%     -    0s
     0     0 -980.06160    0   69 -973.00000 -980.06160  0.73%     -    0s

Cutting planes:
  Cover: 19
  MIR: 55

Explored 0 nodes (451 simplex iterations) in 0.12 seconds
Thread count was 16 (of 16 available processors)

Optimal solution found (tolerance 1.00e-02)
Best objective -9.730000000000e+02, best bound -9.800000000000e+02, gap 0.7194%
Changed value of parameter SubMIPNodes to 2000
   Prev: 500  Min: 0  Max: 2000000000  Default: 500
Changed value of parameter TimeLimit to 10000.0
   Prev: 1e+100  Min: 0.0  Max: 1e+100  Default: 1e+100
Changed value of parameter MIPFocus to 1
   Prev: 0  Min: 0  Max: 3  Default: 0
Changed value of parameter Heuristics to 1.0
   Prev: 0.05  Min: 0.0  Max: 1.0  Default: 0.05
Optimize a model with 38131 rows, 20525 columns and 113420 nonzeros
Coefficient statistics:
  Matrix range    [1e+00, 8e+02]
  Objective range [1e+00, 1e+00]
  Bounds range    [1e+00, 1e+00]
  RHS range       [2e+00, 8e+02]
Presolve removed 58 rows and 29 columns
Presolve time: 0.32s
Presolved: 38073 rows, 20496 columns, 113246 nonzeros
Variable types: 973 continuous, 19523 integer (19523 binary)

Root relaxation: objective 0.000000e+00, 17195 iterations, 2.14 seconds
Total elapsed time = 6.33s
Total elapsed time = 10.35s

    Nodes    |    Current Node    |     Objective Bounds      |     Work
 Expl Unexpl |  Obj  Depth IntInf | Incumbent    BestBd   Gap | It/Node Time

     0     0    0.00000    0  387          -    0.00000      -     -   10s
     0     0    0.00000    0  709          -    0.00000      -     -   14s
     0     0    0.00000    0  678          -    0.00000      -     -   17s
     0     0    0.00000    0  723          -    0.00000      -     -   18s
     0     0    0.00000    0  696          -    0.00000      -     -   21s
     0     0    0.00000    0  851          -    0.00000      -     -   22s
     0     0    0.00000    0  807          -    0.00000      -     -   25s
     0     0    0.00000    0  915          -    0.00000      -     -   26s
     0     0    0.00000    0  887          -    0.00000      -     -   29s
     0     0    0.00000    0  420          -    0.00000      -     -   34s
H    0     0                     940.0000000    0.00000   100%     -   61s
H    0     0                     219.0000000    0.00000   100%     -  405s
     0     2    0.00000    0  419  219.00000    0.00000   100%     -  409s
H    1     3                     218.0000000    0.00000   100%  5387  410s
H    2     4                     215.0000000    0.00000   100%  2696  410s
H    4     5                     212.0000000    0.00000   100%  1696  411s
H    5     8                     210.0000000    0.00000   100%  1416  412s
H    7     8                     203.0000000    0.00000   100%  1200  413s
H    9    14                     201.0000000    0.00000   100%  1277  424s
H   10    14                     195.0000000    0.00000   100%  1179  424s
H   13    16                     194.0000000    0.00000   100%   966  443s
H   14    18                     191.0000000    0.00000   100%   903  443s
H   15    18                     190.0000000    0.00000   100%   857  443s
    17    22    0.00000    5  593  190.00000    0.00000   100%   916  499s
H   19    24                     182.0000000    0.00000   100%   824  499s
    23    35    0.00000    6  582  182.00000    0.00000   100%   716  532s
    39    40    0.00000    7  607  182.00000    0.00000   100%   635  556s
    55    55    0.00000    8  615  182.00000    0.00000   100%   530  594s
    87    89    0.00000    9 1410  182.00000    0.00000   100%   395  613s
H  119   121                     180.0000000    0.00000   100%   708 1052s
H  120   123                     179.0000000    0.00000   100%   703 1052s
H  121   123                     169.0000000    0.00000   100%   697 1052s
H  126   127                     164.0000000    0.00000   100%   681 1052s
   127   134    0.00000   15  633  164.00000    0.00000   100%   676 1848s
H  200   134                     158.0000000    0.00000   100%   454 1848s
H  366   298                     157.0000000    0.00000   100%   377 1848s
H  514   444                     154.0000000    0.00000   100%   317 1848s
H  588   516                     148.0000000    0.00000   100%   305 1848s
H  663   659                     146.0000000    0.00000   100%   306 2867s
H  664   661                     144.0000000    0.00000   100%   306 2867s
H  667   668                     143.0000000    0.00000   100%   305 2867s
H  670   671                     139.0000000    0.00000   100%   304 2867s
   671   676    0.00000   60  730  139.00000    0.00000   100%   304 3497s
H  700   676                     134.0000000    0.00000   100%   294 3497s
   905   899    0.00000   80  770  134.00000    0.00000   100%   270 4260s
H 1041   962                     131.0000000    0.00000   100%   244 4260s
H 1243  1171                     130.0000000    0.00000   100%   243 4260s
  1318  1322    0.00000  104  766  130.00000    0.00000   100%   242 4926s
H 1402  1323                     128.0000000    0.00000   100%   231 4926s
H 1485  1406                     125.0000000    0.00000   100%   232 4926s
  1721  1722    0.00000  105  765  125.00000    0.00000   100%   219 5607s
H 1723  1725                     123.0000000    0.00000   100%   219 5607s
  2124  2127    0.00000  106  768  123.00000    0.00000   100%   219 6321s
H 2356  2283                     121.0000000    0.00000   100%   225 6321s
H 2434  2359                     119.0000000    0.00000   100%   224 6321s
  2512  2511    0.00000  107  765  119.00000    0.00000   100%   224 7212s
H 2868  2778                     115.0000000    0.00000   100%   204 7212s
H 3136  3140                     113.0000000    0.00000   100%   202 8169s
  3148  3147    0.00000  167  823  113.00000    0.00000   100%   202 8959s
H 3506  3353                     112.0000000    0.00000   100%   193 8959s
  3972  3974    0.00000  198  814  112.00000    0.00000   100%   185 10000s
H 4374  4346                     111.0000000    0.00000   100%   180 10000s

Cutting planes:
  Gomory: 10
  Implied bound: 30
  MIR: 77

Explored 4375 nodes (852494 simplex iterations) in 10000.04 seconds
Thread count was 16 (of 16 available processors)

Time limit reached
Best objective 1.110000000000e+02, best bound 0.000000000000e+00, gap 100.0000%
Changed value of parameter MIPGap to 0.01
   Prev: 0.0001  Min: 0.0  Max: 1e+100  Default: 0.0001
Changed value of parameter TimeLimit to 1000.0
   Prev: 1e+100  Min: 0.0  Max: 1e+100  Default: 1e+100
Changed value of parameter Method to 2
   Prev: -1  Min: -1  Max: 4  Default: -1
Changed value of parameter MIPFocus to 1
   Prev: 0  Min: 0  Max: 3  Default: 0
Optimize a model with 3264 rows, 4746 columns and 9492 nonzeros
Coefficient statistics:
  Matrix range    [1e+00, 2e+01]
  Objective range [1e+00, 4e+01]
  Bounds range    [1e+00, 1e+00]
  RHS range       [8e+01, 8e+01]
Found heuristic solution: objective 0
Presolve removed 3166 rows and 3190 columns
Presolve time: 0.02s
Presolved: 98 rows, 1556 columns, 3085 nonzeros
Variable types: 0 continuous, 1556 integer (1530 binary)
Optimize a model with 98 rows, 1556 columns and 3085 nonzeros
Coefficient statistics:
  Matrix range    [1e+00, 2e+01]
  Objective range [1e+00, 4e+01]
  Bounds range    [1e+00, 2e+00]
  RHS range       [4e+01, 8e+01]
Presolved: 98 rows, 1556 columns, 3085 nonzeros

Root barrier log...

Ordering time: 0.00s

Barrier statistics:
 AA' NZ     : 1.435e+03
 Factor NZ  : 3.610e+03 (roughly 1 MByte of memory)
 Factor Ops : 1.712e+05 (less than 1 second per iteration)
 Threads    : 1

                  Objective                Residual
Iter       Primal          Dual         Primal    Dual     Compl     Time
   0  -4.10583285e+04 -3.26037075e+04  3.30e+01 7.11e-15  3.03e+01     0s
   1  -1.23280196e+04 -2.29577982e+04  3.06e+00 2.80e+00  5.86e+00     0s
   2  -9.97437192e+03 -1.22847510e+04  2.30e-01 2.64e-01  8.36e-01     0s
   3  -1.02286084e+04 -1.07294121e+04  8.42e-03 1.42e-14  1.61e-01     0s
   4  -1.03933070e+04 -1.05467879e+04  5.22e-04 1.42e-14  4.82e-02     0s
   5  -1.04197394e+04 -1.04765122e+04  1.74e-04 2.13e-14  1.78e-02     0s
   6  -1.04289305e+04 -1.04527702e+04  8.21e-05 1.42e-14  7.50e-03     0s
   7  -1.04352504e+04 -1.04457713e+04  2.59e-05 1.42e-14  3.30e-03     0s
   8  -1.04369067e+04 -1.04429802e+04  1.45e-05 1.42e-14  1.91e-03     0s
   9  -1.04379853e+04 -1.04407509e+04  5.71e-06 1.42e-14  8.69e-04     0s
  10  -1.04387134e+04 -1.04392632e+04  1.27e-06 1.42e-14  1.74e-04     0s
  11  -1.04391002e+04 -1.04391150e+04  0.00e+00 1.78e-14  4.64e-06     0s
  12  -1.04391071e+04 -1.04391071e+04  0.00e+00 1.60e-14  1.83e-10     0s

Barrier solved model in 12 iterations and 0.03 seconds
Optimal objective -1.04391071e+04


Root relaxation: objective -1.043911e+04, 201 iterations, 0.01 seconds

    Nodes    |    Current Node    |     Objective Bounds      |     Work
 Expl Unexpl |  Obj  Depth IntInf | Incumbent    BestBd   Gap | It/Node Time

     0     0 -10439.107    0   83    0.00000 -10439.107      -     -    0s
H    0     0                    -10066.08000 -10439.107  3.71%     -    0s
H    0     0                    -10139.56000 -10439.107  2.95%     -    0s
H    0     0                    -10157.20000 -10439.107  2.78%     -    0s
     0     0 -10411.719    0  130 -10157.200 -10411.719  2.51%     -    0s
H    0     0                    -10204.44000 -10411.719  2.03%     -    0s
     0     0 -10398.037    0  148 -10204.440 -10398.037  1.90%     -    0s
     0     0 -10388.056    0  170 -10204.440 -10388.056  1.80%     -    0s
H    0     0                    -10220.44000 -10388.056  1.64%     -    0s
     0     0 -10373.326    0  210 -10220.440 -10373.326  1.50%     -    0s
     0     0 -10365.319    0  263 -10220.440 -10365.319  1.42%     -    0s
     0     0 -10352.946    0  251 -10220.440 -10352.946  1.30%     -    0s
     0     0 -10347.871    0  283 -10220.440 -10347.871  1.25%     -    0s
H    0     0                    -10226.76000 -10347.871  1.18%     -    0s
     0     0 -10345.132    0  310 -10226.760 -10345.132  1.16%     -    0s
     0     0 -10340.715    0  312 -10226.760 -10340.715  1.11%     -    0s
H    0     0                    -10262.84000 -10340.715  0.76%     -    4s

Cutting planes:
  Cover: 94
  MIR: 184

Explored 0 nodes (4406 simplex iterations) in 4.47 seconds
Thread count was 16 (of 16 available processors)

Optimal solution found (tolerance 1.00e-02)
Best objective -1.026284000000e+04, best bound -1.034068000000e+04, gap 0.7585%
Changed value of parameter SubMIPNodes to 2000
   Prev: 500  Min: 0  Max: 2000000000  Default: 500
Changed value of parameter TimeLimit to 10000.0
   Prev: 1e+100  Min: 0.0  Max: 1e+100  Default: 1e+100
Changed value of parameter MIPFocus to 1
   Prev: 0  Min: 0  Max: 3  Default: 0
Changed value of parameter Heuristics to 1.0
   Prev: 0.05  Min: 0.0  Max: 1.0  Default: 0.05
Optimize a model with 7149 rows, 4212 columns and 21022 nonzeros
Coefficient statistics:
  Matrix range    [1e+00, 8e+02]
  Objective range [1e+00, 4e+01]
  Bounds range    [1e+00, 1e+00]
  RHS range       [2e+00, 8e+02]
Presolve removed 14 rows and 7 columns
Presolve time: 0.05s
Presolved: 7135 rows, 4205 columns, 20980 nonzeros
Variable types: 425 continuous, 3780 integer (3780 binary)

Root relaxation: objective 0.000000e+00, 2785 iterations, 0.05 seconds

    Nodes    |    Current Node    |     Objective Bounds      |     Work
 Expl Unexpl |  Obj  Depth IntInf | Incumbent    BestBd   Gap | It/Node Time

     0     0    0.00000    0  224          -    0.00000      -     -    0s
H    0     0                    6521.0400000    0.00000   100%     -    0s
H    0     0                    6213.0400000    0.00000   100%     -    0s
H    0     0                    5841.0000000    0.00000   100%     -    0s
     0     0    0.00000    0  429 5841.00000    0.00000   100%     -    1s
H    0     0                    4463.5200000    0.00000   100%     -    1s
     0     0    0.00000    0  439 4463.52000    0.00000   100%     -    1s
H    0     0                    4356.5200000    0.00000   100%     -    1s
H    0     0                    3997.1200000    0.00000   100%     -    1s
H    0     0                    3799.1200000    0.00000   100%     -    1s
     0     0    0.00000    0  539 3799.12000    0.00000   100%     -    1s
H    0     0                    3648.0400000    0.00000   100%     -    1s
     0     0    0.00000    0  505 3648.04000    0.00000   100%     -    1s
H    0     0                    3505.0400000    0.00000   100%     -    2s
     0     0    0.00000    0  515 3505.04000    0.00000   100%     -    2s
H    0     0                    3367.0400000    0.00000   100%     -    2s
     0     0    0.00000    0  487 3367.04000    0.00000   100%     -    2s
     0     0    0.00000    0  546 3367.04000    0.00000   100%     -    2s
H    0     0                    3291.0400000    0.00000   100%     -    3s
     0     0    0.00000    0  525 3291.04000    0.00000   100%     -    3s
H    0     0                    3290.0400000    0.00000   100%     -    3s
     0     0    0.00000    0  206 3290.04000    0.00000   100%     -    4s
H    0     0                    2746.0400000    0.00000   100%     -   58s
     0     2    0.00000    0  206 2746.04000    0.00000   100%     -   59s
     8    13    0.00000    4  233 2746.04000    0.00000   100%   242   60s
H    9    13                    2582.0400000    0.00000   100%   215   60s
H   13    18                    2541.0400000    0.00000   100%   201   61s
H   20    23                    2459.0400000    0.00000   100%   166   62s
H   22    22                    2418.0400000    0.00000   100%   168   67s
H   25    28                    2401.0400000    0.00000   100%   156   67s
    27    32    0.00000    7  253 2401.04000    0.00000   100%   147   70s
H   30    34                    2360.0400000    0.00000   100%   134   70s
H  126   129                    2319.0400000    0.00000   100%  42.4   78s
H  127   130                    2278.0400000    0.00000   100%  42.6   78s
H  187   164                    2237.0400000    0.00000   100%  33.4   79s
H  295   272                    2196.0400000    0.00000   100%  28.4   79s
H  322   297                    2155.0400000    0.00000   100%  27.4   79s
   350   348    0.00000   37  271 2155.04000    0.00000   100%  26.0   82s
H  376   348                    2114.0400000    0.00000   100%  25.0   82s
H  525   500                    2097.0400000    0.00000   100%  21.5   82s
   553   555    0.00000   56  277 2097.04000    0.00000   100%  20.9   85s
H  606   582                    2056.0400000    0.00000   100%  20.6   85s
   769   768    0.00000   75  302 2056.04000    0.00000   100%  18.9   97s
H  849   822                    2047.0400000    0.00000   100%  18.3   97s
H  930   905                    2015.0400000    0.00000   100%  18.1   97s
   985   988    0.00000   94  313 2015.04000    0.00000   100%  17.6  103s
H 1011   988                    2010.0400000    0.00000   100%  17.5  103s
H 1092  1067                    2009.0000000    0.00000   100%  17.5  103s
H 1146  1118                    1974.0400000    0.00000   100%  17.7  103s
H 1201  1200                    1969.0400000    0.00000   100%  17.4  123s
  1210  1210   41.00000  116  330 1969.04000    0.00000   100%  17.4  126s
H 1308  1289                    1928.0400000    0.00000   100%  16.9  126s
  2004  1998   41.00000  179  344 1928.04000    0.00000   100%  15.4  150s
H 2586  2375                    1887.0400000    0.00000   100%  14.4  150s
  2979  2943   82.00000  254  350 1887.04000    0.00000   100%  14.2  182s
H 2980  2943                    1878.0400000    0.00000   100%  14.2  182s
H 3003  2966                    1870.0400000    0.00000   100%  14.1  182s
  3129  3095   82.00000  255  352 1870.04000    0.00000   100%  14.0  202s
H 3182  3121                    1861.0400000    0.00000   100%  13.9  202s
H 3299  3191                    1829.0400000    0.00000   100%  13.8  202s
H 3842  3760                    1819.0000000    0.00000   100%  13.3  202s
  3870  3813  123.00000  275  345 1819.00000    0.00000   100%  13.3  269s
H 4031  3942                    1810.0000000    0.00000   100%  13.1  269s
H 4089  4001                    1802.0000000    0.00000   100%  14.3  269s
H 4251  4154                    1776.0000000    0.00000   100%  14.2  269s
  4414  4339  345.00000  371  411 1776.00000    0.00000   100%  14.0  321s
H 4830  4713                    1769.0000000    0.00000   100%  13.6  321s
H 5217  5076                    1759.0000000    0.00000   100%  13.2  321s
  5218  5095  536.04000  436  372 1759.00000    0.00000   100%  13.2  427s
  5486  5341  685.04000  458  383 1759.00000    0.00000   100%  13.0  531s
H 5490  5344                    1735.0000000    0.00000   100%  13.0  531s
  5495  5343  577.04000  458  375 1735.00000    0.00000   100%  13.0  611s
  5623  5467  577.04000  459  380 1735.00000    0.00000   100%  12.9  681s
  5863  5688  881.04000  519  373 1735.00000    0.00000   100%  12.6  783s
  6257  6037 1161.04000  550  356 1735.00000    0.00000   100%  12.4  858s
  6981  6699 1523.04000  655  340 1735.00000    0.00000   100%  11.9  923s
  7069  6779 1564.04000  669  332 1735.00000    0.00000   100%  11.9 1024s
  7507  7207 1632.80875  690  329 1735.00000    0.00000   100%  11.7 1121s
  9004  8502  123.10750  395  395 1735.00000    0.00000   100%  11.6 1206s
H 9400  8492                    1720.0000000    0.00000   100%  11.6 1206s
 10092  9455  555.00000  522  363 1720.00000    0.00000   100%  11.5 1313s
H10209  9506                    1703.0000000    0.00000   100%  11.5 1313s
 10800 10028  844.00000  550  373 1703.00000    0.00000   100%  11.3 1421s
H10821 10027                    1677.0000000    0.00000   100%  11.3 1421s
 10826 10041  786.00000  551  369 1677.00000    0.00000   100%  11.3 1544s
 14182 13021   82.00000  239  446 1677.00000    0.00000   100%  11.2 1545s
 14191 13027  918.00000  589  200 1677.00000    0.00000   100%  11.2 1571s
 14202 13046    0.00000   16  275 1677.00000    0.00000   100%  13.0 1685s
 14591 13331    0.00000   65  295 1677.00000    0.00000   100%  13.2 1866s
 15371 13823   17.00000  171  362 1677.00000    0.00000   100%  13.3 2018s
 16603 14646  125.00000  286  389 1677.00000    0.00000   100%  13.3 2175s
 17018 14942  142.00000  288  395 1677.00000    0.00000   100%  13.3 2345s
 19382 16350  694.00000  430  387 1677.00000    0.00000   100%  13.0 2524s
 20234 16891  694.00000  439  383 1677.00000    0.00000   100%  12.9 2758s
 22470 18287 1017.00000  523  370 1677.00000    0.00000   100%  12.7 2951s
H22700 17559                    1653.0000000    0.00000   100%  12.6 2951s
 24309 18773 1512.00000  638  320 1653.00000    0.00000   100%  12.6 3162s
H24678 18185                    1612.0000000    0.00000   100%  12.5 3162s
 25254 18468 1587.00000  684  268 1612.00000    0.00000   100%  12.4 3385s
 27530 19707    0.00000  208  363 1612.00000    0.00000   100%  12.3 3595s
 28730 20425    0.00000  290  363 1612.00000    0.00000   100%  12.3 3811s
 30998 21764   41.00000  330  383 1612.00000    0.00000   100%  12.2 4036s
 31015 21850   82.00000  330  366 1612.00000    0.00000   100%  12.2 4206s
 33403 23324   50.00000  374  369 1612.00000    0.00000   100%  12.1 4371s
 35087 24334  347.00000  418  365 1612.00000    0.00000   100%  12.1 4579s
 36599 25108  405.00000  455  360 1612.00000    0.00000   100%  12.0 4765s
 37115 25357  364.00000  451  367 1612.00000    0.00000   100%  12.0 4956s
H38916 25592                    1571.0000000    0.00000   100%  11.9 4956s
 39303 25806  637.00000  501  356 1571.00000    0.00000   100%  11.8 5112s
 40099 26220  620.00000  502  355 1571.00000    0.00000   100%  11.8 5324s
 41914 27369  767.00000  541  358 1571.00000    0.00000   100%  11.7 5497s
 43324 28165 1047.00000  583  335 1571.00000    0.00000   100%  11.7 5664s
H44154 27320                    1554.0000000    0.00000   100%  11.7 5664s
 45240 28159 1122.00000  630  331 1554.00000    0.00000   100%  11.6 5838s
 46828 29287 1397.00000  661  307 1554.00000    0.00000   100%  11.6 6011s
H46836 29237                    1547.0000000    0.00000   100%  11.6 6011s
 47402 29718 1421.00000  671  307 1547.00000    0.00000   100%  11.6 6184s
H47600 29512                    1530.0000000    0.00000   100%  11.5 6184s
H48796 30224                    1506.0000000    0.00000   100%  11.5 6184s
 49594 31150  296.00000  239  346 1506.00000    0.00000   100%  11.5 6352s
 51250 32668 1461.00000  412  275 1506.00000    0.00000   100%  11.5 6472s
 52058 33369  167.04000  196  330 1506.00000    0.00000   100%  11.5 6677s
H52972 33422                    1489.0000000    0.00000   100%  11.5 6677s
 54002 34499  750.04000  287  327 1489.00000    0.00000   100%  11.5 6885s
 55394 35726 1279.04000  386  308 1489.00000    0.00000   100%  11.5 7030s
 55500 35868 1279.04000  390  315 1489.00000    0.00000   100%  11.5 7160s
 55730 36033 1279.04000  411  295 1489.00000    0.00000   100%  11.5 7328s
 57638 37739  181.00000  286  321 1489.00000    0.00000   100%  11.4 7461s
 57683 37778  304.00000  300  318 1489.00000    0.00000   100%  11.4 7646s
 58827 38815  559.00000  409  333 1489.00000    0.00000   100%  11.4 7775s
 59619 39541  647.00000  446  333 1489.00000    0.00000   100%  11.4 7955s
 61394 41099  895.00000  537  334 1489.00000    0.00000   100%  11.4 8102s
H61500 40889                    1472.0000000    0.00000   100%  11.3 8102s
 62950 42338 1014.04000  365  332 1472.00000    0.00000   100%  11.4 8254s
 64058 43256 1427.04000  416  325 1472.00000    0.00000   100%  11.4 8406s
 65202 44397 1434.08000  458  276 1472.00000    0.00000   100%  11.3 8549s
 65325 44437 infeasible  459      1472.00000    0.00000   100%  11.3 8734s
 67333 46066  477.00000  263  300 1472.00000    0.00000   100%  11.3 8904s
 68131 46855  971.00000  331  317 1472.00000    0.00000   100%  11.3 9121s
 69691 48295  540.00000  334  326 1472.00000    0.00000   100%  11.3 9271s
 69853 48442  581.00000  344  320 1472.00000    0.00000   100%  11.3 9435s
 71137 49668  931.00000  392  299 1472.00000    0.00000   100%  11.3 9683s
 71334 49766  931.00000  393  298 1472.00000    0.00000   100%  11.3 9860s
 72670 51007    0.00000  207  320 1472.00000    0.00000   100%  11.2 10000s

Cutting planes:
  Gomory: 8
  Implied bound: 24
  MIR: 207
  Flow cover: 190

Explored 73214 nodes (843666 simplex iterations) in 10000.04 seconds
Thread count was 16 (of 16 available processors)

Time limit reached
Best objective 1.472000000000e+03, best bound 0.000000000000e+00, gap 100.0000%
Changed value of parameter MIPGap to 0.01
   Prev: 0.0001  Min: 0.0  Max: 1e+100  Default: 0.0001
Changed value of parameter TimeLimit to 1000.0
   Prev: 1e+100  Min: 0.0  Max: 1e+100  Default: 1e+100
Changed value of parameter Method to 2
   Prev: -1  Min: -1  Max: 4  Default: -1
Changed value of parameter MIPFocus to 1
   Prev: 0  Min: 0  Max: 3  Default: 0
Optimize a model with 3264 rows, 4746 columns and 9492 nonzeros
Coefficient statistics:
  Matrix range    [1e+00, 2e+01]
  Objective range [2e+00, 1e+03]
  Bounds range    [1e+00, 1e+00]
  RHS range       [8e+01, 8e+01]
Found heuristic solution: objective 0
Presolve removed 3166 rows and 3190 columns
Presolve time: 0.02s
Presolved: 98 rows, 1556 columns, 3085 nonzeros
Variable types: 0 continuous, 1556 integer (1530 binary)
Optimize a model with 98 rows, 1556 columns and 3085 nonzeros
Coefficient statistics:
  Matrix range    [1e+00, 2e+01]
  Objective range [2e+00, 1e+03]
  Bounds range    [1e+00, 2e+00]
  RHS range       [4e+01, 8e+01]
Presolved: 98 rows, 1556 columns, 3085 nonzeros

Root barrier log...

Ordering time: 0.00s

Barrier statistics:
 AA' NZ     : 1.435e+03
 Factor NZ  : 3.610e+03 (roughly 1 MByte of memory)
 Factor Ops : 1.712e+05 (less than 1 second per iteration)
 Threads    : 1

                  Objective                Residual
Iter       Primal          Dual         Primal    Dual     Compl     Time
   0  -9.22759931e+05 -8.89638826e+05  3.30e+01 1.14e-13  8.74e+02     0s
   1  -2.84957348e+05 -6.26993632e+05  3.01e+00 1.09e+02  1.74e+02     0s
   2  -2.30623998e+05 -2.96473414e+05  3.52e-02 8.68e+00  2.10e+01     0s
   3  -2.45974091e+05 -2.61057617e+05  1.76e-03 1.07e+00  4.74e+00     0s
   4  -2.50225346e+05 -2.54396199e+05  1.14e-04 9.61e-02  1.30e+00     0s
   5  -2.51180777e+05 -2.52879251e+05  2.95e-05 3.30e-03  5.31e-01     0s
   6  -2.51404029e+05 -2.52173946e+05  2.23e-06 4.65e-13  2.41e-01     0s
   7  -2.51553115e+05 -2.51973929e+05  0.00e+00 4.01e-13  1.31e-01     0s
   8  -2.51599767e+05 -2.51789391e+05  0.00e+00 3.69e-13  5.93e-02     0s
   9  -2.51650384e+05 -2.51708919e+05  0.00e+00 4.76e-13  1.83e-02     0s
  10  -2.51654375e+05 -2.51700046e+05  0.00e+00 3.66e-13  1.42e-02     0s
  11  -2.51658260e+05 -2.51672982e+05  0.00e+00 4.41e-13  4.60e-03     0s
  12  -2.51661694e+05 -2.51663569e+05  0.00e+00 4.62e-13  5.85e-04     0s
  13  -2.51662409e+05 -2.51662437e+05  0.00e+00 5.29e-13  8.59e-06     0s
  14  -2.51662421e+05 -2.51662421e+05  7.02e-14 4.83e-13  9.54e-12     0s

Barrier solved model in 14 iterations and 0.03 seconds
Optimal objective -2.51662421e+05


Root relaxation: objective -2.516624e+05, 201 iterations, 0.01 seconds

    Nodes    |    Current Node    |     Objective Bounds      |     Work
 Expl Unexpl |  Obj  Depth IntInf | Incumbent    BestBd   Gap | It/Node Time

     0     0 -251662.42    0   80    0.00000 -251662.42      -     -    0s
H    0     0                    -240350.0000 -251662.42  4.71%     -    0s
H    0     0                    -242804.0000 -251662.42  3.65%     -    0s
H    0     0                    -243440.0000 -251662.42  3.38%     -    0s
     0     0 -250769.65    0  122 -243440.00 -250769.65  3.01%     -    0s
H    0     0                    -245008.0000 -250769.65  2.35%     -    0s
     0     0 -250317.88    0  155 -245008.00 -250317.88  2.17%     -    0s
     0     0 -249871.73    0  188 -245008.00 -249871.73  1.99%     -    0s
H    0     0                    -245226.0000 -249871.73  1.89%     -    0s
     0     0 -249562.16    0  202 -245226.00 -249562.16  1.77%     -    0s
     0     0 -249365.58    0  225 -245226.00 -249365.58  1.69%     -    0s
H    0     0                    -245510.0000 -249365.58  1.57%     -    0s
     0     0 -249072.57    0  229 -245510.00 -249072.57  1.45%     -    0s
     0     0 -248953.01    0  255 -245510.00 -248953.01  1.40%     -    0s
     0     0 -248797.33    0  278 -245510.00 -248797.33  1.34%     -    0s
     0     0 -248616.86    0  291 -245510.00 -248616.86  1.27%     -    0s
H    0     0                    -245708.0000 -248616.86  1.18%     -    1s
     0     2 -248616.86    0  291 -245708.00 -248616.86  1.18%     -    1s
H   32    36                    -246109.0000 -248468.90  0.96%   295    4s
H   38    41                    -246281.0000 -248468.90  0.89%   272    4s

Cutting planes:
  Cover: 137
  MIR: 276

Explored 40 nodes (14677 simplex iterations) in 4.21 seconds
Thread count was 16 (of 16 available processors)

Optimal solution found (tolerance 1.00e-02)
Best objective -2.462810000000e+05, best bound -2.484630000000e+05, gap 0.8860%
Changed value of parameter SubMIPNodes to 2000
   Prev: 500  Min: 0  Max: 2000000000  Default: 500
Changed value of parameter TimeLimit to 10000.0
   Prev: 1e+100  Min: 0.0  Max: 1e+100  Default: 1e+100
Changed value of parameter MIPFocus to 1
   Prev: 0  Min: 0  Max: 3  Default: 0
Changed value of parameter Heuristics to 1.0
   Prev: 0.05  Min: 0.0  Max: 1.0  Default: 0.05
Optimize a model with 6905 rows, 4081 columns and 20296 nonzeros
Coefficient statistics:
  Matrix range    [1e+00, 8e+02]
  Objective range [2e+00, 1e+03]
  Bounds range    [1e+00, 1e+00]
  RHS range       [2e+00, 8e+02]
Presolve removed 8 rows and 4 columns
Presolve time: 0.05s
Presolved: 6897 rows, 4077 columns, 20272 nonzeros
Variable types: 419 continuous, 3658 integer (3658 binary)

Root relaxation: objective 0.000000e+00, 2677 iterations, 0.05 seconds

    Nodes    |    Current Node    |     Objective Bounds      |     Work
 Expl Unexpl |  Obj  Depth IntInf | Incumbent    BestBd   Gap | It/Node Time

     0     0    0.00000    0  208          -    0.00000      -     -    0s
H    0     0                    133987.00000    0.00000   100%     -    0s
H    0     0                    132986.00000    0.00000   100%     -    0s
H    0     0                    101930.00000    0.00000   100%     -    0s
     0     0    0.00000    0  375 101930.000    0.00000   100%     -    1s
H    0     0                    97123.000000    0.00000   100%     -    1s
     0     0    0.00000    0  368 97123.0000    0.00000   100%     -    1s
H    0     0                    96720.000000    0.00000   100%     -    1s
H    0     0                    90209.000000    0.00000   100%     -    1s
H    0     0                    88207.000000    0.00000   100%     -    1s
     0     0    0.00000    0  462 88207.0000    0.00000   100%     -    1s
H    0     0                    84201.000000    0.00000   100%     -    1s
     0     0    0.00000    0  447 84201.0000    0.00000   100%     -    1s
H    0     0                    83898.000000    0.00000   100%     -    1s
     0     0    0.00000    0  478 83898.0000    0.00000   100%     -    2s
H    0     0                    80895.000000    0.00000   100%     -    2s
     0     0    0.00000    0  439 80895.0000    0.00000   100%     -    2s
H    0     0                    79693.000000    0.00000   100%     -    2s
     0     0    0.00000    0  488 79693.0000    0.00000   100%     -    2s
H    0     0                    76688.000000    0.00000   100%     -    2s
     0     0    0.00000    0  516 76688.0000    0.00000   100%     -    2s
H    0     0                    76289.000000    0.00000   100%     -    2s
     0     0    0.00000    0  206 76289.0000    0.00000   100%     -    3s
H    0     0                    72484.000000    0.00000   100%     -    4s
H    0     0                    62873.000000    0.00000   100%     -   41s
     0     2    0.00000    0  204 62873.0000    0.00000   100%     -   41s
H    1     3                    62472.000000    0.00000   100%  1620   41s
H    7     9                    62071.000000    0.00000   100%   262   41s
H    8    13                    60669.000000    0.00000   100%   232   41s
H   12    16                    59066.000000    0.00000   100%   181   42s
H   21    24                    58065.000000    0.00000   100%   123   54s
H   22    26                    56663.000000    0.00000   100%   119   54s
H   25    27                    54661.000000    0.00000   100%   110   54s
    26    33    0.00000    6  230 54661.0000    0.00000   100%   108   55s
H   39    43                    53660.000000    0.00000   100%  82.8   55s
H  157   158                    51658.000000    0.00000   100%  35.5   64s
H  160   159                    51257.000000    0.00000   100%  35.2   64s
   165   167    0.00000   18  243 51257.0000    0.00000   100%  34.9   74s
H  218   194                    50256.000000    0.00000   100%  31.1   74s
H  272   249                    49255.000000    0.00000   100%  28.3   74s
   381   382    0.00000   36  271 49255.0000    0.00000   100%  25.2   98s
H  407   382                    46852.000000    0.00000   100%  24.3   98s
   590   588    0.00000   56  279 46852.0000    0.00000   100%  21.2  110s
H  626   619                    44850.000000    0.00000   100%  20.7  110s
   832   837    0.00000   68  276 44850.0000    0.00000   100%  19.3  138s
H 1213  1188                    44449.000000    0.00000   100%  18.1  138s
  1214  1212 1001.00000  115  350 44449.0000    0.00000   100%  18.1  171s
H 1916  1528                    43448.000000    0.00000   100%  15.9  171s
H 2131  2121                    43247.000000    0.00000   100%  15.2  255s
H 2134  2123                    42447.000000    0.00000   100%  15.2  255s
H 2138  2127                    41847.000000    0.00000   100%  15.2  255s
  2139  2128 3003.00000  137  340 41847.0000    0.00000   100%  15.2  288s
H 2165  2128                    40846.000000    0.00000   100%  15.2  288s
  3165  3118 8009.25125  254  396 40846.0000    0.00000   100%  13.9  367s
H 3536  3342                    40244.000000    0.00000   100%  13.4  367s
  4248  4159 18620.0000  434  394 40244.0000    0.00000   100%  12.5  439s
H 4566  4431                    39644.000000    0.00000   100%  12.3  439s
  4620  4503 19621.0000  469  410 39644.0000    0.00000   100%  12.2  530s
  5208  5049 23627.0000  526  410 39644.0000    0.00000   100%  12.0  642s
H 5393  5134                    39443.000000    0.00000   100%  11.8  642s
  5976  5777 31836.0000  596  404 39443.0000    0.00000   100%  11.6  751s
  6089  5878 32837.0000  615  405 39443.0000    0.00000   100%  11.5  826s
  6185  5959 32837.0000  623  403 39443.0000    0.00000   100%  11.4  908s
  6319  6077 34839.0000  635  398 39443.0000    0.00000   100%  11.3  993s
H 6600  6026                    38442.000000    0.00000   100%  11.2  993s
  7875  7493 38145.0000  462  375 38442.0000    0.00000   100%  10.9 1087s
  8083  7702 38145.0000  463  374 38442.0000    0.00000   100%  10.8 1180s
H 8890  8424                    38041.000000    0.00000   100%  10.7 1180s
  8927  8462 27635.0000  269  400 38041.0000    0.00000   100%  10.7 1277s
 11129 10453    0.00000   59  667 38041.0000    0.00000   100%  10.5 1280s
 11132 10455 36437.0000  496  240 38041.0000    0.00000   100%  10.5 1357s
 11143 10480    0.00000   15  238 38041.0000    0.00000   100%  12.9 1467s
H11549 10070                    37640.000000    0.00000   100%  12.9 1467s
 11808 10428    0.00000  139  281 37640.0000    0.00000   100%  13.0 1611s
 13352 11402 2002.00000  236  282 37640.0000    0.00000   100%  13.2 1714s
 14944 12378 4406.00000  310  313 37640.0000    0.00000   100%  13.0 1855s
 15078 12462 8220.00000  317  302 37640.0000    0.00000   100%  13.0 2005s
 15962 13059 10423.0000  429  318 37640.0000    0.00000   100%  13.0 2220s
 16746 13579 10824.0000  498  321 37640.0000    0.00000   100%  13.0 2385s
 18986 15063 33559.0000  676  285 37640.0000    0.00000   100%  12.7 2543s
 20806 15996 7809.00000  254  361 37640.0000    0.00000   100%  12.3 2728s
 23866 17886    0.00000   96  278 37640.0000    0.00000   100%  12.0 2909s
 24446 18241    0.00000  107  280 37640.0000    0.00000   100%  12.0 3074s
 25432 18828    0.00000  157  312 37640.0000    0.00000   100%  11.9 3234s
 27584 20213 2002.00000  251  283 37640.0000    0.00000   100%  11.8 3393s
 28529 20782 3404.00000  300  304 37640.0000    0.00000   100%  11.7 3550s
 30705 22165 4806.00000  363  350 37640.0000    0.00000   100%  11.6 3668s
H31002 21747                    36639.000000    0.00000   100%  11.6 3668s
 31983 22411 3805.00000  364  374 36639.0000    0.00000   100%  11.5 3791s
 32198 22511 4607.00000  372  359 36639.0000    0.00000   100%  11.5 3943s
 33922 23597 8813.00000  403  349 36639.0000    0.00000   100%  11.4 4100s
 35354 24378 10817.0000  450  342 36639.0000    0.00000   100%  11.4 4246s
 36977 25404 13121.0000  490  347 36639.0000    0.00000   100%  11.3 4384s
 37846 25888 12019.0000  497  357 36639.0000    0.00000   100%  11.2 4520s
 39886 27291 16527.0000  548  362 36639.0000    0.00000   100%  11.1 4671s
 39925 27305 18529.0000  549  373 36639.0000    0.00000   100%  11.1 4800s
 42417 29325 20934.0000  604  356 36639.0000    0.00000   100%  11.0 4948s
 43889 30499 25940.0000  640  330 36639.0000    0.00000   100%  11.0 5104s
 45385 31886 29746.0000  682  301 36639.0000    0.00000   100%  10.9 5266s
 46213 32699 30747.0000  681  301 36639.0000    0.00000   100%  10.9 5367s
 46860 33302 33951.0000  695  295 36639.0000    0.00000   100%  10.9 5536s
 48388 34682 35156.0000  824  178 36639.0000    0.00000   100%  10.9 5674s
 49892 35971    0.00000  140  303 36639.0000    0.00000   100%  10.8 5775s
 50256 36286    0.00000  149  300 36639.0000    0.00000   100%  10.8 5912s
H50847 36642                    36440.000000    0.00000   100%  10.8 5913s
 50985 36779 5807.00000  194  313 36440.0000    0.00000   100%  10.8 6081s
 51613 37337 18523.0000  310  348 36440.0000    0.00000   100%  10.7 6243s
H52464 37697                    36241.000000    0.00000   100%  10.7 6243s
 53408 38743 2002.00000  152  323 36241.0000    0.00000   100%  10.7 6362s
 54860 40059 15817.0000  345  385 36241.0000    0.00000   100%  10.7 6558s
 57088 42050 35042.0000  480  333 36241.0000    0.00000   100%  10.6 6685s
 57868 42790    0.00000   66  285 36241.0000    0.00000   100%  10.7 6820s
 58549 43441    0.00000  113  319 36241.0000    0.00000   100%  10.7 6936s
 59314 44149    0.00000  182  310 36241.0000    0.00000   100%  10.7 7055s
 61810 46114    0.00000  280  313 36241.0000    0.00000   100%  10.7 7171s
H62273 46398                    36042.000000    0.00000   100%  10.7 7172s
H62975 46888                    35840.000000    0.00000   100%  10.7 7172s
 63176 47238 2002.00000  332  328 35840.0000    0.00000   100%  10.6 7294s
H63330 46388                    35240.000000    0.00000   100%  10.6 7294s
H63341 45848                    35041.000000    0.00000   100%  10.6 7294s
 63624 46091    0.00000  367  339 35041.0000    0.00000   100%  10.7 7418s
H63724 45637                    34640.000000    0.00000   100%  10.7 7418s
 64381 46341 1402.00000  389  341 34640.0000    0.00000   100%  10.7 7586s
 65541 47448 2804.00000  409  345 34640.0000    0.00000   100%  10.7 7724s
 66369 48215 14419.0000  446  332 34640.0000    0.00000   100%  10.8 7869s
 67725 49559 16221.0000  515  304 34640.0000    0.00000   100%  10.8 7998s
 68101 49835 20026.0000  531  301 34640.0000    0.00000   100%  10.8 8117s
 69346 50980 20828.0000  546  306 34640.0000    0.00000   100%  10.9 8255s
 70086 51634 21829.0000  562  306 34640.0000    0.00000   100%  10.9 8385s
H70730 51274                    34239.000000    0.00000   100%  10.9 8385s
 71806 52487 28236.0000  615  289 34239.0000    0.00000   100%  10.9 8500s
 73078 53577     cutoff  629      34239.0000    0.00000   100%  10.9 8653s
 74662 55049    0.00000   35  233 34239.0000    0.00000   100%  10.8 8796s
 74675 55067    0.00000   37  232 34239.0000    0.00000   100%  10.8 8934s
 76283 56627 30639.0000  363  325 34239.0000    0.00000   100%  10.8 9075s
 76963 57223 31640.0000  381  336 34239.0000    0.00000   100%  10.8 9213s
 78667 58717 2203.00000  215  356 34239.0000    0.00000   100%  10.8 9368s
 79514 59595 5206.00000  249  330 34239.0000    0.00000   100%  10.8 9495s
 81293 61158 infeasible  436      34239.0000    0.00000   100%  10.8 9659s
 81453 61334    0.00000   92  329 34239.0000    0.00000   100%  10.8 9793s
 82837 62631 11415.0000  240  353 34239.0000    0.00000   100%  10.7 9911s
 83749 63476 26231.0000  304  377 34239.0000    0.00000   100%  10.7 10000s

Cutting planes:
  Gomory: 6
  Implied bound: 5
  MIR: 64
  Flow cover: 76

Explored 85360 nodes (933580 simplex iterations) in 10000.03 seconds
Thread count was 16 (of 16 available processors)

Time limit reached
Best objective 3.423900000000e+04, best bound 0.000000000000e+00, gap 100.0000%
