
Gurobi 6.5.0 (linux64) logging started Wed Aug 31 22:58:06 2016

Changed value of parameter MIPGap to 0.01
   Prev: 0.0001  Min: 0.0  Max: 1e+100  Default: 0.0001
Changed value of parameter TimeLimit to 3000.0
   Prev: 1e+100  Min: 0.0  Max: 1e+100  Default: 1e+100
Changed value of parameter Method to 2
   Prev: -1  Min: -1  Max: 4  Default: -1
Changed value of parameter MIPFocus to 1
   Prev: 0  Min: 0  Max: 3  Default: 0
Optimize a model with 3264 rows, 4746 columns and 9492 nonzeros
Coefficient statistics:
  Matrix range    [1e+00, 2e+01]
  Objective range [1e+00, 4e+01]
  Bounds range    [1e+00, 1e+00]
  RHS range       [8e+01, 8e+01]
Found heuristic solution: objective 0
Presolve removed 3166 rows and 3190 columns
Presolve time: 0.02s
Presolved: 98 rows, 1556 columns, 3085 nonzeros
Variable types: 0 continuous, 1556 integer (1530 binary)
Optimize a model with 98 rows, 1556 columns and 3085 nonzeros
Coefficient statistics:
  Matrix range    [1e+00, 2e+01]
  Objective range [1e+00, 4e+01]
  Bounds range    [1e+00, 2e+00]
  RHS range       [4e+01, 8e+01]
Presolved: 98 rows, 1556 columns, 3085 nonzeros

Root barrier log...

Ordering time: 0.00s

Barrier statistics:
 AA' NZ     : 1.435e+03
 Factor NZ  : 3.610e+03 (roughly 1 MByte of memory)
 Factor Ops : 1.712e+05 (less than 1 second per iteration)
 Threads    : 1

                  Objective                Residual
Iter       Primal          Dual         Primal    Dual     Compl     Time
   0  -4.10583285e+04 -3.26037075e+04  3.30e+01 7.11e-15  3.03e+01     0s
   1  -1.23280196e+04 -2.29577982e+04  3.06e+00 2.80e+00  5.86e+00     0s
   2  -9.97437192e+03 -1.22847510e+04  2.30e-01 2.64e-01  8.36e-01     0s
   3  -1.02286084e+04 -1.07294121e+04  8.42e-03 1.42e-14  1.61e-01     0s
   4  -1.03933070e+04 -1.05467879e+04  5.22e-04 1.42e-14  4.82e-02     0s
   5  -1.04197394e+04 -1.04765122e+04  1.74e-04 2.13e-14  1.78e-02     0s
   6  -1.04289305e+04 -1.04527702e+04  8.21e-05 1.42e-14  7.50e-03     0s
   7  -1.04352504e+04 -1.04457713e+04  2.59e-05 1.42e-14  3.30e-03     0s
   8  -1.04369067e+04 -1.04429802e+04  1.45e-05 1.42e-14  1.91e-03     0s
   9  -1.04379853e+04 -1.04407509e+04  5.71e-06 1.42e-14  8.69e-04     0s
  10  -1.04387134e+04 -1.04392632e+04  1.27e-06 1.42e-14  1.74e-04     0s
  11  -1.04391002e+04 -1.04391150e+04  0.00e+00 1.78e-14  4.64e-06     0s
  12  -1.04391071e+04 -1.04391071e+04  0.00e+00 1.60e-14  1.83e-10     0s

Barrier solved model in 12 iterations and 0.06 seconds
Optimal objective -1.04391071e+04


Root relaxation: objective -1.043911e+04, 201 iterations, 0.02 seconds

    Nodes    |    Current Node    |     Objective Bounds      |     Work
 Expl Unexpl |  Obj  Depth IntInf | Incumbent    BestBd   Gap | It/Node Time

     0     0 -10439.107    0   83    0.00000 -10439.107      -     -    0s
H    0     0                    -10066.08000 -10439.107  3.71%     -    0s
H    0     0                    -10139.56000 -10439.107  2.95%     -    0s
H    0     0                    -10157.20000 -10439.107  2.78%     -    0s
     0     0 -10411.719    0  130 -10157.200 -10411.719  2.51%     -    0s
H    0     0                    -10204.44000 -10411.719  2.03%     -    0s
     0     0 -10398.037    0  148 -10204.440 -10398.037  1.90%     -    0s
     0     0 -10388.056    0  170 -10204.440 -10388.056  1.80%     -    0s
H    0     0                    -10220.44000 -10388.056  1.64%     -    0s
     0     0 -10373.326    0  210 -10220.440 -10373.326  1.50%     -    0s
     0     0 -10365.319    0  263 -10220.440 -10365.319  1.42%     -    0s
     0     0 -10352.946    0  251 -10220.440 -10352.946  1.30%     -    0s
     0     0 -10347.871    0  283 -10220.440 -10347.871  1.25%     -    0s
H    0     0                    -10226.76000 -10347.871  1.18%     -    0s
     0     0 -10345.132    0  310 -10226.760 -10345.132  1.16%     -    0s
     0     0 -10340.715    0  312 -10226.760 -10340.715  1.11%     -    1s
H    0     0                    -10262.84000 -10340.715  0.76%     -    4s

Cutting planes:
  Cover: 94
  MIR: 184

Explored 0 nodes (4406 simplex iterations) in 4.61 seconds
Thread count was 16 (of 16 available processors)

Optimal solution found (tolerance 1.00e-02)
Best objective -1.026284000000e+04, best bound -1.034068000000e+04, gap 0.7585%
Changed value of parameter SubMIPNodes to 2000
   Prev: 500  Min: 0  Max: 2000000000  Default: 500
Changed value of parameter TimeLimit to 25000.0
   Prev: 1e+100  Min: 0.0  Max: 1e+100  Default: 1e+100
Changed value of parameter MIPFocus to 1
   Prev: 0  Min: 0  Max: 3  Default: 0
Changed value of parameter Heuristics to 0.8
   Prev: 0.05  Min: 0.0  Max: 1.0  Default: 0.05
Optimize a model with 7149 rows, 4212 columns and 21022 nonzeros
Coefficient statistics:
  Matrix range    [1e+00, 8e+02]
  Objective range [1e+00, 4e+01]
  Bounds range    [1e+00, 1e+00]
  RHS range       [2e+00, 8e+02]
Presolve removed 14 rows and 7 columns
Presolve time: 0.05s
Presolved: 7135 rows, 4205 columns, 20980 nonzeros
Variable types: 425 continuous, 3780 integer (3780 binary)

Root relaxation: objective 0.000000e+00, 2785 iterations, 0.06 seconds

    Nodes    |    Current Node    |     Objective Bounds      |     Work
 Expl Unexpl |  Obj  Depth IntInf | Incumbent    BestBd   Gap | It/Node Time

     0     0    0.00000    0  221          -    0.00000      -     -    1s
H    0     0                    6094.6400000    0.00000   100%     -    1s
H    0     0                    5946.6400000    0.00000   100%     -    1s
H    0     0                    4344.4800000    0.00000   100%     -    1s
     0     0    0.00000    0  410 4344.48000    0.00000   100%     -    1s
H    0     0                    4179.4800000    0.00000   100%     -    1s
     0     0    0.00000    0  410 4179.48000    0.00000   100%     -    1s
H    0     0                    4098.4800000    0.00000   100%     -    1s
H    0     0                    4055.4800000    0.00000   100%     -    1s
H    0     0                    3737.4400000    0.00000   100%     -    1s
     0     0    0.00000    0  527 3737.44000    0.00000   100%     -    1s
H    0     0                    3570.4400000    0.00000   100%     -    2s
     0     0    0.00000    0  531 3570.44000    0.00000   100%     -    2s
     0     0    0.00000    0  595 3570.44000    0.00000   100%     -    2s
H    0     0                    3315.4400000    0.00000   100%     -    2s
     0     0    0.00000    0  579 3315.44000    0.00000   100%     -    2s
     0     0    0.00000    0  637 3315.44000    0.00000   100%     -    3s
H    0     0                    3223.4000000    0.00000   100%     -    3s
     0     0    0.00000    0  559 3223.40000    0.00000   100%     -    3s
     0     0    0.00000    0  217 3223.40000    0.00000   100%     -    4s
H    0     0                    2748.0000000    0.00000   100%     -   58s
     0     2    0.00000    0  217 2748.00000    0.00000   100%     -   58s
H    2     4                    2707.0000000    0.00000   100%   841   58s
H    6     9                    2608.0000000    0.00000   100%   338   58s
H    8    11                    2591.0000000    0.00000   100%   256   59s
    11    16    0.00000    4  267 2591.00000    0.00000   100%   271   60s
H  434   437                    2550.0000000    0.00000   100%  25.6   82s
H  439   439                    2492.0000000    0.00000   100%  25.6   82s
   442   438    0.00000   48  303 2492.00000    0.00000   100%  25.4  101s
H  473   469                    2451.0000000    0.00000   100%  24.5  101s
   619   626    0.00000   73  314 2451.00000    0.00000   100%  22.2  109s
H 1236  1155                    2427.0000000    0.00000   100%  17.3  109s
  1237  1233    0.00000  132  338 2427.00000    0.00000   100%  17.3  137s
H 1240  1236                    2369.0000000    0.00000   100%  17.3  137s
  1245  1246    0.00000  133  338 2369.00000    0.00000   100%  17.3  162s
H 1300  1246                    2328.0000000    0.00000   100%  17.0  162s
  2076  2068    0.00000  176  347 2328.00000    0.00000   100%  15.4  207s
H 2225  2190                    2287.0000000    0.00000   100%  15.0  207s
  2876  2856   82.00000  271  333 2287.00000    0.00000   100%  14.3  257s
H 2900  2856                    2246.0000000    0.00000   100%  14.3  257s
  3376  3327   82.00000  290  342 2246.00000    0.00000   100%  13.7  321s
H 3400  3327                    2205.0000000    0.00000   100%  13.7  321s
H 3550  3472                    2140.0000000    0.00000   100%  13.6  321s
H 3625  3543                    2123.0000000    0.00000   100%  13.5  321s
  4276  4141  304.00000  382  414 2123.00000    0.00000   100%  12.7  397s
H 4475  4304                    2082.0000000    0.00000   100%  12.6  397s
H 4500  4326                    2041.0000000    0.00000   100%  12.5  397s
H 5276  5026                    2025.4000000    0.00000   100%  12.2  485s
H 5303  5050                    2000.0000000    0.00000   100%  12.2  485s
H 5328  5071                    1983.0000000    0.00000   100%  12.2  485s
H 5382  5119                    1959.0000000    0.00000   100%  12.2  485s
  5384  5120  363.04000  402  404 1959.00000    0.00000   100%  12.2  555s
H 5400  5100                    1918.0000000    0.00000   100%  12.2  555s
H 5619  5290                    1877.0000000    0.00000   100%  12.2  555s
  5620  5308  304.00000  415  422 1877.00000    0.00000   100%  12.2  646s
H 5700  5301                    1836.0000000    0.00000   100%  12.1  646s
  6268  5916  403.00000  477  425 1836.00000    0.00000   100%  11.9  750s
H 6333  5905                    1819.0000000    0.00000   100%  11.9  750s
H 6432  5992                    1795.0000000    0.00000   100%  11.9  750s
  7232  6749  420.00000  501  411 1795.00000    0.00000   100%  11.6  839s
H 7565  7048                    1771.0000000    0.00000   100%  11.5  839s
H 7634  7111                    1754.0000000    0.00000   100%  11.5  839s
  8166  7614  560.00000  552  415 1754.00000    0.00000   100%  11.4  934s
  8646  8049  611.00000  580  405 1754.00000    0.00000   100%  11.3 1083s
  9686  8996  782.00000  619  410 1754.00000    0.00000   100%  11.0 1185s
 10006  9266  985.00000  629  399 1754.00000    0.00000   100%  10.9 1285s
H10104  9300                    1713.0000000    0.00000   100%  10.9 1285s
 10766  9895 1363.00000  699  383 1713.00000    0.00000   100%  10.8 1399s
H11100  9891                    1706.0000000    0.00000   100%  10.7 1399s
H11605 10532                    1696.0000000    0.00000   100%  10.6 1399s
 12208 11200  468.00000  268  217 1696.00000    0.00000   100%  10.6 1400s
 12220 11208    0.00000  187  215 1696.00000    0.00000   100%  10.6 1480s
 12231 11230    0.00000   19  274 1696.00000    0.00000   100%  12.9 1612s
 12541 11473    0.00000   54  266 1696.00000    0.00000   100%  13.2 1716s
H13340 11372                    1679.0000000    0.00000   100%  13.3 1716s
 13730 11699    0.00000  134  310 1679.00000    0.00000   100%  13.3 1872s
 15085 12506  123.00000  269  338 1679.00000    0.00000   100%  13.4 2031s
 15407 12768  181.00000  308  366 1679.00000    0.00000   100%  13.5 2172s
 17159 13887  429.00000  405  351 1679.00000    0.00000   100%  13.5 2361s
 18895 15022  610.00000  476  362 1679.00000    0.00000   100%  13.4 2526s
 20681 16037  910.00000  548  328 1679.00000    0.00000   100%  13.3 2746s
 22841 17288 1360.04000  608  267 1679.00000    0.00000   100%  13.1 2919s
 23805 17758    0.00000   42  268 1679.00000    0.00000   100%  13.1 2920s
 23821 17828 1492.04000  688  279 1679.00000    0.00000   100%  13.1 3084s
H25020 17937                    1638.0000000    0.00000   100%  13.0 3084s
 26161 18748  761.00000  328  323 1638.00000    0.00000   100%  13.0 3291s
 28181 19775    0.00000  112  335 1638.00000    0.00000   100%  12.9 3451s
 29541 20678  753.00000  332  347 1638.00000    0.00000   100%  12.8 3648s
 31221 21575    0.00000  138  300 1638.00000    0.00000   100%  12.8 3802s
H31402 20922                    1597.0000000    0.00000   100%  12.8 3802s
 32061 21277  673.00000  318  305 1597.00000    0.00000   100%  12.8 3964s
 33581 22109 1431.00000  458  312 1597.00000    0.00000   100%  12.8 4111s
 35422 23105  543.00000  199  297 1597.00000    0.00000   100%  12.7 4261s
 37454 24360   41.00000  206  363 1597.00000    0.00000   100%  12.8 4436s
 39330 25455 1515.04000  453  317 1597.00000    0.00000   100%  12.8 4572s
 40698 26239 1549.04000  518  330 1597.00000    0.00000   100%  12.8 4710s
 41622 26961   82.00000  111  319 1597.00000    0.00000   100%  12.8 4873s
 42454 27745  420.00000  290  382 1597.00000    0.00000   100%  12.8 5064s
 43830 29034   75.00000  268  342 1597.00000    0.00000   100%  12.7 5231s
 45398 30482 1291.00000  439  302 1597.00000    0.00000   100%  12.7 5365s
 45722 30802     cutoff  527      1597.00000    0.00000   100%  12.7 5514s
 47635 32364   58.00000  316  316 1597.00000    0.00000   100%  12.7 5666s
 48963 33518   99.00000  333  322 1597.00000    0.00000   100%  12.6 5821s
 49367 33993   82.00000  356  327 1597.00000    0.00000   100%  12.6 6017s
 50539 35033   82.00000  394  325 1597.00000    0.00000   100%  12.6 6152s
 52335 36670   41.00000  417  329 1597.00000    0.00000   100%  12.6 6315s
 54163 38359   99.00000  454  321 1597.00000    0.00000   100%  12.6 6452s
H54323 38446                    1590.0000000    0.00000   100%  12.6 6452s
 54324 38451   99.00000  456  320 1590.00000    0.00000   100%  12.6 6619s
H54577 38079                    1566.0000000    0.00000   100%  12.6 6619s
 56040 39531  181.00000  511  333 1566.00000    0.00000   100%  12.6 6778s
 57428 40813  379.00000  553  319 1566.00000    0.00000   100%  12.6 6933s
H58919 41139                    1551.0000000    0.00000   100%  12.5 6933s
 59634 42595  471.00000  599  323 1551.00000    0.00000   100%  12.5 7084s
 61770 44567  820.04000  640  310 1551.00000    0.00000   100%  12.5 7248s
H62393 43718                    1510.0000000    0.00000   100%  12.5 7248s
 63018 44363  972.04000  656  315 1510.00000    0.00000   100%  12.5 7398s
 65082 46115  907.04000  672  306 1510.00000    0.00000   100%  12.4 7574s
H65219 45648                    1486.0000000    0.00000   100%  12.4 7574s
 66034 46517  925.44000  672  306 1486.00000    0.00000   100%  12.4 7716s
H67302 47186                    1469.0000000    0.00000   100%  12.3 7716s
 67570 47543  975.44000  695  286 1469.00000    0.00000   100%  12.3 7893s
 67889 47852 1042.04000  696  285 1469.00000    0.00000   100%  12.4 8056s
 68837 48769 1207.44000  706  280 1469.00000    0.00000   100%  12.4 8241s
 70849 50658 1289.44000  736  251 1469.00000    0.00000   100%  12.4 8404s
 72265 51879   58.00000  239  357 1469.00000    0.00000   100%  12.4 8561s
 73553 53028  744.00000  375  329 1469.00000    0.00000   100%  12.3 8704s
 75237 54392  381.00000  314  296 1469.00000    0.00000   100%  12.3 8853s
 77349 56140 1459.40000  536  303 1469.00000    0.00000   100%  12.3 9007s
 77817 56624   58.00000  264  310 1469.00000    0.00000   100%  12.3 9157s
 79589 58011 1015.00000  448  316 1469.00000    0.00000   100%  12.4 9283s
 80785 59152 1056.00000  460  322 1469.00000    0.00000   100%  12.4 9401s
 82013 60265   58.00000  327  354 1469.00000    0.00000   100%  12.5 9539s
 83417 61632   99.00000  408  351 1469.00000    0.00000   100%  12.5 9669s
 85589 63429  240.00000  563  355 1469.00000    0.00000   100%  12.5 9836s
 85803 63639  479.00000  588  343 1469.00000    0.00000   100%  12.5 9991s
 87356 64973  579.04000  591  331 1469.00000    0.00000   100%  12.5 10103s
 88416 65887  630.08000  604  342 1469.00000    0.00000   100%  12.5 10264s
 90196 67442  642.08000  643  335 1469.00000    0.00000   100%  12.5 10413s
 90936 68177  683.08000  642  334 1469.00000    0.00000   100%  12.6 10564s
 92256 69393  741.08000  680  325 1469.00000    0.00000   100%  12.6 10726s
 92728 69860  741.08000  680  331 1469.00000    0.00000   100%  12.6 10892s
 93786 70786  840.08000  695  336 1469.00000    0.00000   100%  12.5 11058s
H94245 70622                    1452.0000000    0.00000   100%  12.5 11058s
 94806 71186  907.08000  731  318 1452.00000    0.00000   100%  12.5 11199s
 97236 73418 1205.12000  756  301 1452.00000    0.00000   100%  12.5 11336s
H99090 73059                    1411.0000000    0.00000   100%  12.6 11336s
 99356 73247 1029.00000  405  333 1411.00000    0.00000   100%  12.6 11461s
 100816 74734 1195.00000  450  315 1411.00000    0.00000   100%  12.6 11618s
 103682 77416   82.00000  354  327 1411.00000    0.00000   100%  12.6 11736s
 105334 78963   76.04000  417  319 1411.00000    0.00000   100%  12.6 11877s
 106073 79646   93.04000  434  318 1411.00000    0.00000   100%  12.6 12004s
 107397 80865  199.04000  493  321 1411.00000    0.00000   100%  12.7 12135s
 109129 82484  412.04000  544  308 1411.00000    0.00000   100%  12.7 12268s
 110531 83806  569.04000  570  300 1411.00000    0.00000   100%  12.7 12390s
 111491 84715  704.44000  602  314 1411.00000    0.00000   100%  12.7 12526s
 111544 84822  702.04000  607  312 1411.00000    0.00000   100%  12.7 12737s
 112500 85637  702.04000  630  319 1411.00000    0.00000   100%  12.7 12884s
 112908 85892  760.04000  642  327 1411.00000    0.00000   100%  12.7 13017s
 114552 87556  866.04000  675  317 1411.00000    0.00000   100%  12.7 13159s
 116301 89071  871.04000  689  328 1411.00000    0.00000   100%  12.7 13258s
 118401 90957 1034.44000  702  315 1411.00000    0.00000   100%  12.8 13396s
 119901 92412 1126.44000  718  281 1411.00000    0.00000   100%  12.8 13550s
 121201 93396 1351.44000  746  263 1411.00000    0.00000   100%  12.8 13673s
 122901 94950  603.00000  317  343 1411.00000    0.00000   100%  12.7 13778s
 125901 97486  643.00000  339  358 1411.00000    0.00000   100%  12.7 13922s
 128301 99636  909.00000  395  355 1411.00000    0.00000   100%  12.7 14044s
 129501 100752 1363.00000  485  371 1411.00000    0.00000   100%  12.7 14212s
H133001 101625                    1387.0000000    0.00000   100%  12.7 14212s
 133002 102049 1070.00000  408  318 1387.00000    0.00000   100%  12.7 14333s
 135094 103772 infeasible  407      1387.00000    0.00000   100%  12.7 14487s
 135441 103980 1344.00000  407  290 1387.00000    0.00000   100%  12.7 14602s
 137021 105334  539.00000  384  357 1387.00000    0.00000   100%  12.7 14758s
 138661 106775 infeasible  482      1387.00000    0.00000   100%  12.7 14893s
 141042 108812  364.00000  288  362 1387.00000    0.00000   100%  12.7 15038s
 142314 109975 1315.00000  433  318 1387.00000    0.00000   100%  12.7 15164s
 143810 111234  864.00000  418  358 1387.00000    0.00000   100%  12.7 15289s
 145638 112816     cutoff  507      1387.00000    0.00000   100%  12.7 15425s
 147142 113948 1348.00000  488  301 1387.00000    0.00000   100%  12.7 15558s
 148358 114975 1063.00000  410  340 1387.00000    0.00000   100%  12.6 15673s
 149802 116116  699.00000  351  358 1387.00000    0.00000   100%  12.6 15808s
 151649 117563 infeasible  479      1387.00000    0.00000   100%  12.6 15953s
 153465 119151  572.00000  363  356 1387.00000    0.00000   100%  12.7 16065s
 154553 120089  753.00000  399  365 1387.00000    0.00000   100%  12.6 16176s
 155837 121206 1043.00000  447  365 1387.00000    0.00000   100%  12.6 16310s
 156749 121806 1315.00000  508  327 1387.00000    0.00000   100%  12.6 16432s
H157556 121705                    1372.0000000    0.00000   100%  12.6 16432s
 158265 122371 1157.00000  399  364 1372.00000    0.00000   100%  12.6 16554s
 159153 123066 1265.00000  407  363 1372.00000    0.00000   100%  12.6 16689s
 160237 124066 infeasible  432      1372.00000    0.00000   100%  12.6 16837s
 161649 124974 1328.00000  446  334 1372.00000    0.00000   100%  12.6 16954s
 162865 126061  991.00000  418  354 1372.00000    0.00000   100%  12.6 17142s
 164753 127489  809.00000  380  362 1372.00000    0.00000   100%  12.6 17265s
 165852 128529 1325.00000  443  346 1372.00000    0.00000   100%  12.5 17397s
 167044 129399  602.00000  375  352 1372.00000    0.00000   100%  12.6 17563s
H167462 128203                    1355.0000000    0.00000   100%  12.6 17563s
 167573 128251 1134.00000  432  336 1355.00000    0.00000   100%  12.6 17692s
 169614 129982  917.00000  410  380 1355.00000    0.00000   100%  12.6 17806s
 171710 131839 1295.00000  488  367 1355.00000    0.00000   100%  12.6 17960s
 173538 133488 1345.00000  495  334 1355.00000    0.00000   100%  12.6 18127s
 175242 135001 1131.00000  453  371 1355.00000    0.00000   100%  12.6 18229s
 176514 136110   50.00000  379  381 1355.00000    0.00000   100%  12.6 18346s
 178510 138021  860.40000  622  341 1355.00000    0.00000   100%  12.6 18440s
 178796 138315  983.40000  668  340 1355.00000    0.00000   100%  12.6 18564s
 180436 139612  574.00000  335  356 1355.00000    0.00000   100%  12.6 18678s
 182456 141489 1307.00000  496  318 1355.00000    0.00000   100%  12.6 18796s
 184216 142758 1095.00000  336  289 1355.00000    0.00000   100%  12.6 18915s
 185546 143915 1300.00000  376  314 1355.00000    0.00000   100%  12.6 19050s
H185955 143511                    1347.0000000    0.00000   100%  12.6 19050s
 187986 145378 1341.00000  411  315 1347.00000    0.00000   100%  12.6 19162s
 189106 146321  328.00000  264  367 1347.00000    0.00000   100%  12.6 19284s
 190966 147830 infeasible  448      1347.00000    0.00000   100%  12.6 19412s
H191875 147365                    1339.0000000    0.00000   100%  12.6 19412s
 192146 147739  890.40000  270  304 1339.00000    0.00000   100%  12.6 19568s
 193486 148954     cutoff  414      1339.00000    0.00000   100%  12.6 19708s
 193806 149127 1293.40000  428  269 1339.00000    0.00000   100%  12.6 19850s
 194478 149712    0.00000   41  325 1339.00000    0.00000   100%  12.6 19984s
 195423 150585    0.00000  164  346 1339.00000    0.00000   100%  12.6 20111s
 197137 151980  940.00000  342  373 1339.00000    0.00000   100%  12.6 20225s
 198914 153362 1188.00000  406  318 1339.00000    0.00000   100%  12.6 20347s
 200710 154852  239.00000  379  342 1339.00000    0.00000   100%  12.6 20487s
 202038 156009  865.00000  470  330 1339.00000    0.00000   100%  12.6 20594s
 203442 157080 1287.00000  524  319 1339.00000    0.00000   100%  12.6 20694s
 204814 158199 infeasible  558      1339.00000    0.00000   100%  12.6 20814s
 206810 159937 1280.04000  451  267 1339.00000    0.00000   100%  12.6 20944s
 207758 160840 1280.04000  452  264 1339.00000    0.00000   100%  12.6 21061s
 209802 162383    0.00000  209  320 1339.00000    0.00000   100%  12.6 21207s
 211694 164140   41.00000  388  338 1339.00000    0.00000   100%  12.6 21311s
 212550 164948  109.04000  470  365 1339.00000    0.00000   100%  12.6 21426s
 213858 166101  359.04000  534  382 1339.00000    0.00000   100%  12.6 21574s
 214602 166660  559.04000  555  346 1339.00000    0.00000   100%  12.6 21687s
 216094 167681  965.04000  570  352 1339.00000    0.00000   100%  12.6 21800s
 217114 168653  834.04000  573  343 1339.00000    0.00000   100%  12.6 21935s
 219763 170793  783.04000  595  347 1339.00000    0.00000   100%  12.7 22105s
 220667 171632  841.04000  612  335 1339.00000    0.00000   100%  12.7 22231s
 221839 172733  882.04000  626  326 1339.00000    0.00000   100%  12.7 22331s
 223035 173634 1014.04000  629  317 1339.00000    0.00000   100%  12.7 22488s
 223634 174272 1098.04000  642  317 1339.00000    0.00000   100%  12.7 22598s
 225384 175887 1149.04000  668  304 1339.00000    0.00000   100%  12.7 22719s
 226120 176414 1154.04000  670  299 1339.00000    0.00000   100%  12.7 22882s
H226843 175879                    1331.0000000    0.00000   100%  12.7 22882s
 228068 177083  502.00000  347  349 1331.00000    0.00000   100%  12.7 23079s
 229432 178398     cutoff  462      1331.00000    0.00000   100%  12.7 23232s
 231384 179982  164.00000  231  378 1331.00000    0.00000   100%  12.7 23388s
 231920 180416  246.00000  258  365 1331.00000    0.00000   100%  12.7 23490s
 233468 181798  304.00000  317  349 1331.00000    0.00000   100%  12.7 23571s
 234432 182732  304.00000  357  350 1331.00000    0.00000   100%  12.7 23695s
 235884 183881  412.00000  435  336 1331.00000    0.00000   100%  12.7 23814s
 236120 184097  470.00000  438  338 1331.00000    0.00000   100%  12.7 23980s
 237768 185500  429.00000  502  314 1331.00000    0.00000   100%  12.7 24083s
 238532 186196  610.00000  543  326 1331.00000    0.00000   100%  12.7 24242s
 239699 187193  701.00000  562  313 1331.00000    0.00000   100%  12.7 24344s
 240315 187748  727.00000  581  307 1331.00000    0.00000   100%  12.7 24455s
 242503 189666  903.00000  625  310 1331.00000    0.00000   100%  12.7 24561s
 244387 191204 1233.00000  685  304 1331.00000    0.00000   100%  12.7 24706s
 245499 192153 1279.00000  688  302 1331.00000    0.00000   100%  12.7 24824s
 246815 193089   41.00000  205  358 1331.00000    0.00000   100%  12.7 24969s
 247803 193922   41.00000  290  358 1331.00000    0.00000   100%  12.7 25000s

Cutting planes:
  Gomory: 15
  Implied bound: 50
  MIR: 519
  Flow cover: 477

Explored 247824 nodes (3183904 simplex iterations) in 25000.03 seconds
Thread count was 16 (of 16 available processors)

Time limit reached
Best objective 1.331000000000e+03, best bound 0.000000000000e+00, gap 100.0000%
