
Gurobi 6.5.0 (linux64) logging started Wed Aug 31 22:56:02 2016

Changed value of parameter Heuristics to 0.8
   Prev: 0.05  Min: 0.0  Max: 1.0  Default: 0.05
Changed value of parameter MIPFocus to 1
   Prev: 0  Min: 0  Max: 3  Default: 0
Changed value of parameter SubMIPNodes to 2000
   Prev: 500  Min: 0  Max: 2000000000  Default: 500
Changed value of parameter TimeLimit to 3000.0
   Prev: 1e+100  Min: 0.0  Max: 1e+100  Default: 1e+100
Changed value of parameter MIPGap to 0.015
   Prev: 0.0001  Min: 0.0  Max: 1e+100  Default: 0.0001
Changed value of parameter Method to 2
   Prev: -1  Min: -1  Max: 4  Default: -1
Optimize a model with 8210 rows, 20866 columns and 73072 nonzeros
Coefficient statistics:
  Matrix range    [1e+00, 4e+01]
  Objective range [1e+00, 4e+01]
  Bounds range    [1e+00, 8e+01]
  RHS range       [0e+00, 0e+00]
Found heuristic solution: objective 0
Presolve removed 1582 rows and 1882 columns
Presolve time: 0.49s
Presolved: 6628 rows, 18984 columns, 69608 nonzeros
Variable types: 0 continuous, 18984 integer (18984 binary)
Optimize a model with 6628 rows, 18984 columns and 69608 nonzeros
Coefficient statistics:
  Matrix range    [1e+00, 4e+01]
  Objective range [1e+00, 4e+01]
  Bounds range    [1e+00, 1e+00]
  RHS range       [8e+01, 8e+01]
Presolve removed 1582 rows and 0 columns
Presolved: 5046 rows, 18984 columns, 63280 nonzeros

Root barrier log...

Ordering time: 0.00s

Barrier statistics:
 AA' NZ     : 4.668e+04
 Factor NZ  : 6.874e+04 (roughly 10 MBytes of memory)
 Factor Ops : 4.528e+06 (less than 1 second per iteration)
 Threads    : 1

                  Objective                Residual
Iter       Primal          Dual         Primal    Dual     Compl     Time
   0  -1.19836138e+05 -5.27432860e+05  1.43e+02 3.55e-15  1.29e+02     1s
   1  -2.92928660e+04 -3.86239996e+05  2.20e+01 2.84e-14  2.42e+01     1s
   2  -1.48534168e+04 -1.40631582e+05  4.72e+00 2.84e-14  5.24e+00     1s
   3  -1.06678295e+04 -3.61112705e+04  5.22e-02 3.11e-14  6.75e-01     1s
   4  -1.09315862e+04 -1.99562299e+04  1.76e-02 3.15e-14  2.37e-01     1s
   5  -1.10341530e+04 -1.66039899e+04  1.40e-02 2.88e-14  1.47e-01     1s
   6  -1.11964333e+04 -1.43020061e+04  7.92e-03 1.45e-14  8.16e-02     1s
   7  -1.14507859e+04 -1.30179967e+04  3.23e-03 1.57e-14  4.11e-02     1s
   8  -1.15462341e+04 -1.21539652e+04  2.15e-03 1.42e-14  1.60e-02     1s
   9  -1.17185279e+04 -1.18498724e+04  6.39e-04 1.42e-14  3.46e-03     1s
  10  -1.18090471e+04 -1.18129237e+04  1.10e-06 1.42e-14  1.01e-04     1s
  11  -1.18098937e+04 -1.18107947e+04  3.76e-07 1.43e-14  2.36e-05     1s
  12  -1.18100420e+04 -1.18105711e+04  2.32e-07 1.52e-14  1.38e-05     1s
  13  -1.18102636e+04 -1.18103543e+04  6.15e-08 1.50e-14  2.38e-06     1s
  14  -1.18103397e+04 -1.18103413e+04  1.74e-10 1.42e-14  4.18e-08     1s
  15  -1.18103400e+04 -1.18103400e+04  6.11e-11 1.85e-14  4.18e-11     1s

Barrier solved model in 15 iterations and 1.27 seconds
Optimal objective -1.18103400e+04


Root relaxation: objective -1.181034e+04, 9097 iterations, 0.97 seconds

    Nodes    |    Current Node    |     Objective Bounds      |     Work
 Expl Unexpl |  Obj  Depth IntInf | Incumbent    BestBd   Gap | It/Node Time

     0     0 -11810.340    0  539    0.00000 -11810.340      -     -    2s
H    0     0                    -10209.28000 -11810.340  15.7%     -    2s
H    0     0                    -10225.40000 -11810.340  15.5%     -    3s
H    0     0                    -10612.16000 -11810.340  11.3%     -    3s
H    0     0                    -10681.00000 -11810.340  10.6%     -    3s
H    0     0                    -10850.96000 -11810.340  8.84%     -    3s
     0     0 -11810.340    0  983 -10850.960 -11810.340  8.84%     -    3s
H    0     0                    -11303.28000 -11810.340  4.49%     -    6s
     0     0 -11810.340    0  851 -11303.280 -11810.340  4.49%     -    6s
     0     0 -11810.340    0 1005 -11303.280 -11810.340  4.49%     -    7s
H    0     0                    -11382.56000 -11810.340  3.76%     -   13s
     0     0 -11810.340    0  876 -11382.560 -11810.340  3.76%     -   14s
     0     0 -11810.340    0  965 -11382.560 -11810.340  3.76%     -   14s
     0     0 -11810.245    0  886 -11382.560 -11810.245  3.76%     -   30s
     0     0 -11810.245    0 1098 -11382.560 -11810.245  3.76%     -   32s
H    0     0                    -11482.96000 -11810.245  2.85%     -   54s
     0     0 -11810.245    0 1002 -11482.960 -11810.245  2.85%     -   54s
     0     0 -11810.245    0  823 -11482.960 -11810.245  2.85%     -   58s
H    0     0                    -11497.00000 -11810.245  2.72%     -   69s
     0     2 -11810.245    0  597 -11497.000 -11810.245  2.72%     -   86s
H    1     3                    -11502.96000 -11810.245  2.67%  2545   87s
     2     4 -11810.245    2  587 -11502.960 -11810.245  2.67%  1282   90s
H    3     4                    -11503.96000 -11810.245  2.66%   855   91s
H    6     9                    -11508.00000 -11810.245  2.63%   483   96s
H    8    10                    -11511.96000 -11810.245  2.59%   538   96s
H   27    32                    -11524.96000 -11810.245  2.48%   356  121s
    83    84 -11810.245   15  718 -11524.960 -11810.245  2.48%   175  126s
H  131   132                    -11537.92000 -11810.245  2.36%   129  186s
H  139   140                    -11543.92000 -11810.245  2.31%   125  191s
   673   674 -11810.078   82  645 -11543.920 -11810.245  2.31%  59.8  218s
H  674   675                    -11556.88000 -11810.245  2.19%  59.7  218s
H  675   676                    -11557.92000 -11810.245  2.18%  59.7  218s
   681   682 -11810.078   83  640 -11557.920 -11810.245  2.18%  59.6  224s
H  843   773                    -11614.16000 -11810.245  1.69%  57.8  224s
  1576  1575 -11809.245  174  637 -11614.160 -11810.245  1.69%  52.0  278s
H 1577  1576                    -11617.80000 -11810.245  1.66%  52.0  278s
  1584  1583 -11809.245  175  628 -11617.800 -11810.245  1.66%  52.1  308s
H 1600  1583                    -11618.84000 -11810.245  1.65%  52.2  308s
H 1951  1932                    -11624.20000 -11810.245  1.60%  52.4  308s
  2207  2204 -11809.245  192  616 -11624.200 -11810.245  1.60%  52.1  334s
H 2224  2204                    -11625.24000 -11810.245  1.59%  52.4  334s
  2786  2779 -11808.721  239  622 -11625.240 -11810.245  1.59%  49.9  367s
  2936  2929 -11808.721  240  624 -11625.240 -11810.245  1.59%  48.9  399s
  3735  3722 -11795.501  405  584 -11625.240 -11810.245  1.59%  46.3  424s
  4169  4152 -11795.501  406  583 -11625.240 -11810.245  1.59%  44.4  447s
H 4430  4382                    -11627.00000 -11810.245  1.58%  43.5  447s
  4431  4415 -11795.501  407  585 -11627.000 -11810.245  1.58%  43.5  486s
H 4572  4555                    -11627.96000 -11810.245  1.57%  43.1  486s
  4988  4970 -11795.501  408  587 -11627.960 -11810.245  1.57%  42.0  529s
  5692  5673 -11793.739  620  586 -11627.960 -11810.245  1.57%  40.4  573s
  5764  5745 -11793.419  645  595 -11627.960 -11810.245  1.57%  40.3  612s
  6386  6367 -11786.706  781  589 -11627.960 -11810.245  1.57%  39.0  670s
  6865  6847 -11784.340  861  571 -11627.960 -11810.245  1.57%  38.3  729s
H 7416  7162                    -11628.96000 -11810.245  1.56%  37.9  729s
  7785  7766 -11778.592  897  581 -11628.960 -11810.245  1.56%  37.6  810s
H 8453  8118                    -11630.00000 -11810.245  1.55%  36.8  810s
H 8653  8118                    -11631.04000 -11810.245  1.54%  36.4  810s
  9255  9201 -11777.283  913  587 -11631.040 -11810.245  1.54%  35.1  872s
 10440 10364 -11774.034  957  570 -11631.040 -11810.245  1.54%  34.1  960s
H10886 10538                    -11632.08000 -11810.245  1.53%  33.5  960s
 11199 11101 -11773.782  958  569 -11632.080 -11810.245  1.53%  33.1 1023s
H11634 11114                    -11633.12000 -11810.245  1.52%  32.8 1023s
 12236 12085 -11773.782  960  574 -11633.120 -11810.245  1.52%  31.6 1101s
 13056 12890 -11767.427 1022  579 -11633.120 -11810.245  1.52%  31.6 1176s
 13716 13549 -11763.047 1064  589 -11633.120 -11810.245  1.52%  31.5 1258s
 14496 14325 -11754.506 1144  591 -11633.120 -11810.245  1.52%  30.9 1350s
 14636 14467 -11754.090 1149  589 -11633.120 -11810.245  1.52%  30.8 1456s
H14830 14597                    -11633.24000 -11810.245  1.52%  30.6 1456s
 15156 14984 -11752.296 1214  599 -11633.240 -11810.245  1.52%  30.3 1573s
 15516 15346 -11747.941 1258  606 -11633.240 -11810.245  1.52%  30.1 1690s
H15517 15319                    -11635.32000 -11810.245  1.50%  30.1 1690s
 15537 15336 -11747.941 1259  606 -11635.320 -11810.245  1.50%  30.1 1801s
 16049 15853 -11745.655 1320  595 -11635.320 -11810.245  1.50%  29.6 1913s
 16465 16265 -11743.964 1371  599 -11635.320 -11810.245  1.50%  29.2 2021s
 16753 16557 -11742.020 1404  604 -11635.320 -11810.245  1.50%  28.9 2147s
 17137 16937 -11739.603 1450  594 -11635.320 -11810.245  1.50%  28.5 2299s
 17649 17448 -11737.008 1506  589 -11635.320 -11810.245  1.50%  27.9 2428s
 18065 17867 -11735.768 1553  593 -11635.320 -11810.245  1.50%  27.5 2563s
 18518 18319 -11734.485 1585  592 -11635.320 -11810.245  1.50%  27.1 2715s
 19982 19754 -11729.765 1660  595 -11635.320 -11810.245  1.50%  26.7 2825s
 20399 20171 -11728.544 1677  599 -11635.320 -11810.245  1.50%  26.6 2999s

Cutting planes:
  Gomory: 2
  Cover: 211
  Clique: 10
  MIR: 181
  GUB cover: 71
  Zero half: 1

Explored 20615 nodes (571795 simplex iterations) in 3000.01 seconds
Thread count was 16 (of 16 available processors)

Time limit reached
Best objective -1.163532000000e+04, best bound -1.181024000000e+04, gap 1.5034%
Changed value of parameter SubMIPNodes to 2000
   Prev: 500  Min: 0  Max: 2000000000  Default: 500
Changed value of parameter TimeLimit to 25000.0
   Prev: 1e+100  Min: 0.0  Max: 1e+100  Default: 1e+100
Changed value of parameter Method to 2
   Prev: -1  Min: -1  Max: 4  Default: -1
Changed value of parameter MIPFocus to 1
   Prev: 0  Min: 0  Max: 3  Default: 0
Changed value of parameter Heuristics to 0.8
   Prev: 0.05  Min: 0.0  Max: 1.0  Default: 0.05
Optimize a model with 10301 rows, 6448 columns and 30038 nonzeros
Coefficient statistics:
  Matrix range    [1e+00, 8e+02]
  Objective range [1e+00, 4e+01]
  Bounds range    [1e+00, 1e+00]
  RHS range       [2e+00, 8e+02]
Presolve removed 4 rows and 2 columns
Presolve time: 0.06s
Presolved: 10297 rows, 6446 columns, 30026 nonzeros
Variable types: 865 continuous, 5581 integer (5581 binary)
Found heuristic solution: objective 11153.760000
Optimize a model with 10297 rows, 6446 columns and 30026 nonzeros
Coefficient statistics:
  Matrix range    [1e+00, 8e+02]
  Objective range [1e+00, 4e+01]
  Bounds range    [1e+00, 9e+02]
  RHS range       [2e+00, 8e+02]
Presolve removed 4716 rows and 0 columns
Presolved: 5581 rows, 11162 columns, 20594 nonzeros

Root barrier log...

Ordering time: 0.11s

Barrier statistics:
 AA' NZ     : 5.968e+04
 Factor NZ  : 1.464e+06 (roughly 20 MBytes of memory)
 Factor Ops : 9.363e+08 (less than 1 second per iteration)
 Threads    : 8

                  Objective                Residual
Iter       Primal          Dual         Primal    Dual     Compl     Time
   0   8.22262234e+03 -3.62119698e+05  3.79e-01 7.19e-01  2.38e+01     1s
   1   4.91471911e+03 -6.86805327e+04  4.55e-04 2.13e-14  3.19e+00     1s
   2   1.13371776e+03 -5.52883225e+03  6.01e-05 3.31e-02  2.88e-01     1s
   3   9.72618265e+01 -2.92769788e+02  6.15e-06 1.42e-14  1.68e-02     1s
   4   8.13503184e-01 -2.34030050e+00  1.33e-08 1.42e-14  1.36e-04     1s
   5   8.28900964e-04 -2.34077278e-03  1.67e-15 1.42e-14  1.37e-07     1s
   6   8.28905400e-07 -2.34076834e-06  1.22e-15 1.42e-14  1.37e-10     1s
   7   8.28905400e-13 -2.34076834e-12  1.11e-15 1.42e-14  1.37e-16     1s

Barrier solved model in 7 iterations and 1.03 seconds
Optimal objective 8.28905400e-13


Root relaxation: objective 0.000000e+00, 5584 iterations, 0.55 seconds

    Nodes    |    Current Node    |     Objective Bounds      |     Work
 Expl Unexpl |  Obj  Depth IntInf | Incumbent    BestBd   Gap | It/Node Time

     0     0    0.00000    0  716 11153.7600    0.00000   100%     -    1s
H    0     0                    5715.7200000    0.00000   100%     -    1s
     0     0    0.00000    0  973 5715.72000    0.00000   100%     -    1s
     0     0    0.00000    0  960 5715.72000    0.00000   100%     -    2s
H    0     0                    5672.7200000    0.00000   100%     -    2s
     0     0    0.00000    0 1146 5672.72000    0.00000   100%     -    2s
H    0     0                    4737.3200000    0.00000   100%     -    3s
     0     0    0.00000    0 1076 4737.32000    0.00000   100%     -    3s
H    0     0                    4336.6800000    0.00000   100%     -    3s
     0     0    0.00000    0 1115 4336.68000    0.00000   100%     -    3s
H    0     0                    3986.2800000    0.00000   100%     -    3s
     0     0    0.00000    0 1041 3986.28000    0.00000   100%     -    4s
H    0     0                    3893.6800000    0.00000   100%     -    4s
     0     0    0.00000    0 1172 3893.68000    0.00000   100%     -    4s
     0     0    0.00000    0 1091 3893.68000    0.00000   100%     -    4s
H    0     0                    3537.6800000    0.00000   100%     -    5s
     0     0    0.00000    0  704 3537.68000    0.00000   100%     -    5s
H    0     0                    3006.8800000    0.00000   100%     -    7s
H    0     0                    2800.8800000    0.00000   100%     -    7s
     0     2    0.00000    0  598 2800.88000    0.00000   100%     -    8s
H    7    10                    2794.8400000    0.00000   100%   343    8s
H    8    10                    2766.8800000    0.00000   100%   434    8s
H    9    13                    2761.8800000    0.00000   100%   499    9s
H   10    14                    2738.8400000    0.00000   100%   488    9s
H   12    14                    2728.8000000    0.00000   100%   486    9s
H   13    17                    2684.8000000    0.00000   100%   531    9s
H   14    18                    2652.7600000    0.00000   100%   501    9s
H   15    19                    2627.8000000    0.00000   100%   474    9s
    18    23    0.00000    8  759 2627.80000    0.00000   100%   479   10s
H   19    24                    2626.8000000    0.00000   100%   454   10s
H   27    34                    2565.7600000    0.00000   100%   430   10s
H   45    49                    2518.8000000    0.00000   100%   278   10s
H   99   100                    2436.7200000    0.00000   100%   146   11s
H  100   101                    2423.6400000    0.00000   100%   145   11s
H  101   102                    2422.7600000    0.00000   100%   144   11s
H  107   111                    2405.7600000    0.00000   100%   136   11s
H  131   132                    2382.7200000    0.00000   100%   114   11s
H  146   145                    2281.0400000    0.00000   100%   104   13s
H  146   145                    2269.4400000    0.00000   100%   104   13s
H  147   146                    2263.5600000    0.00000   100%   103   13s
H  147   146                    2242.5600000    0.00000   100%   103   13s
H  150   151                    2242.5200000    0.00000   100%   101   13s
   154   157    0.00000   25  711 2242.52000    0.00000   100%  99.2   20s
H  180   157                    2032.9200000    0.00000   100%  86.2   20s
H  369   369                    2007.6400000    0.00000   100%  48.7   21s
H  370   370                    1975.8000000    0.00000   100%  48.6   21s
H  384   384                    1967.6400000    0.00000   100%  47.3   21s
H  385   385                    1964.6800000    0.00000   100%  47.2   21s
H  399   400                    1954.6400000    0.00000   100%  46.1   21s
   408   409    0.00000   52  695 1954.64000    0.00000   100%  45.8   26s
H  434   409                    1886.4400000    0.00000   100%  43.7   26s
H  488   465                    1863.0800000    0.00000   100%  40.2   26s
H  623   598                    1854.0800000    0.00000   100%  34.1   26s
H  862   862                    1849.0800000    0.00000   100%  27.5   27s
H 1241  1241                    1816.4800000    0.00000   100%  22.5   34s
H 1242  1242                    1727.9200000    0.00000   100%  22.4   34s
H 1249  1249                    1703.3200000    0.00000   100%  22.4   39s
H 1497  1498                    1671.6000000    0.00000   100%  20.3   39s
  1627  1627   34.00000  252  687 1671.60000    0.00000   100%  19.5   50s
H 1653  1627                    1655.1600000    0.00000   100%  19.3   50s
H 1680  1654                    1648.0800000    0.00000   100%  19.2   50s
H 1788  1763                    1616.4800000    0.00000   100%  18.7   50s
H 1843  1843                    1607.4800000    0.00000   100%  18.5   56s
H 1869  1843                    1604.3600000    0.00000   100%  18.4   56s
H 2027  1999                    1599.0400000    0.00000   100%  17.6   56s
H 2799  2769                    1593.8400000    0.00000   100%  15.5   56s
H 3004  3001                    1578.8000000    0.00000   100%  15.3  149s
H 3010  3006                    1573.3600000    0.00000   100%  15.2  149s
H 3012  3009                    1572.4000000    0.00000   100%  15.2  149s
H 3013  3009                    1553.3600000    0.00000   100%  15.3  149s
  3015  3018  128.00000  401  694 1553.36000    0.00000   100%  15.3  156s
H 3031  3018                    1544.3600000    0.00000   100%  15.2  156s
H 7373  6638                    1529.3600000    0.00000   100%  11.5  156s
  8934  8786  938.44000  921  621 1529.36000    0.00000   100%  11.2  162s
H 9000  8782                    1520.3600000    0.00000   100%  11.1  162s
 13046 12653 1310.54625 1194  520 1520.36000    0.00000   100%  10.8  380s
H13048 12656                    1519.3200000    0.00000   100%  10.8  380s
H13049 12657                    1517.3600000    0.00000   100%  10.8  380s
H13050 12659                    1515.3600000    0.00000   100%  10.8  380s
 13352 13015 1383.44000 1194  526 1515.36000    0.00000   100%  10.9  398s
 20559 19778  751.44000  848  671 1515.36000    0.00000   100%  10.8  400s
 20568 19784 1070.16000 1134  712 1515.36000    0.00000   100%  10.8  405s
 20580 19816    0.00000   14  847 1515.36000    0.00000   100%  13.0  424s
 21817 20684    0.00000  219  676 1515.36000    0.00000   100%  13.5  435s
H23401 20156                    1514.3200000    0.00000   100%  13.3  435s
 29825 24955  299.00000  719  650 1514.32000    0.00000   100%  13.0  462s
H35684 27328                    1510.3200000    0.00000   100%  13.0  463s
H35932 26352                    1507.3200000    0.00000   100%  13.0  463s
H36285 26007                    1490.3200000    0.00000   100%  13.0  508s
H36300 25185                    1486.2800000    0.00000   100%  13.0  508s
 41538 28364  938.04000 1018  533 1486.28000    0.00000   100%  13.1  564s
H41901 27801                    1477.2800000    0.00000   100%  13.1  564s
 44751 29487 1413.08000 1199  494 1477.28000    0.00000   100%  13.0  689s
H44754 28761                    1471.2400000    0.00000   100%  13.0  689s
 45373 29062 1430.08000 1200  493 1471.24000    0.00000   100%  13.0  774s
H45375 28368                    1467.2400000    0.00000   100%  13.0  774s
 47213 29546 1404.08000 1200  495 1467.24000    0.00000   100%  12.9  815s
 49498 30950 infeasible 1208      1467.24000    0.00000   100%  12.9  879s
 51446 32000 infeasible 1209      1467.24000    0.00000   100%  12.8  933s
H53169 31706                    1464.2400000    0.00000   100%  12.8  934s
 54319 32784 infeasible 1210      1464.24000    0.00000   100%  12.8  952s
H55320 32690                    1460.2400000    0.00000   100%  12.9  952s
 58170 35245 1441.16000  675  517 1460.24000    0.00000   100%  12.8  994s
 59708 36723 1450.16000  676  515 1460.24000    0.00000   100%  12.9 1044s
 61698 38669 1301.48000  657  578 1460.24000    0.00000   100%  12.8 1064s
 64741 41314  316.00000  355  678 1460.24000    0.00000   100%  12.8 1092s
 68008 44345 1066.04000  546  600 1460.24000    0.00000   100%  12.7 1106s
H69486 44815                    1457.2400000    0.00000   100%  12.7 1106s
 70568 46649 1456.52000  627  578 1457.24000    0.00000   100%  12.6 1122s
H73074 48347                    1449.2400000    0.00000   100%  12.6 1122s
 75075 50401  643.42085  478  586 1449.24000    0.00000   100%  12.6 1134s
H76491 51423                    1448.2400000    0.00000   100%  12.8 1134s
H77830 52710                    1445.2400000    0.00000   100%  12.8 1134s
 78817 53677 1172.40000  546  588 1445.24000    0.00000   100%  12.8 1146s
 82964 57571   41.00000  351  692 1445.24000    0.00000   100%  12.9 1212s
 84560 59197  144.00000  521  677 1445.24000    0.00000   100%  12.9 1342s
H85421 59961                    1441.2400000    0.00000   100%  12.9 1342s
H86244 60607                    1436.2400000    0.00000   100%  12.9 1342s
 86247 60542  406.00000  729  658 1436.24000    0.00000   100%  12.9 1425s
 87476 61881  423.00000  760  639 1436.24000    0.00000   100%  12.9 1436s
 89217 63552  432.00000  773  636 1436.24000    0.00000   100%  12.9 1519s
H89220 63554                    1435.2000000    0.00000   100%  12.9 1519s
 89232 63651  432.00000  774  639 1435.20000    0.00000   100%  12.9 1596s
H89770 64138                    1431.2000000    0.00000   100%  12.9 1596s
 90946 65179  557.00000  858  608 1431.20000    0.00000   100%  12.9 1651s
H91569 65714                    1426.2000000    0.00000   100%  12.9 1651s
 91570 65743  690.00000  936  575 1426.20000    0.00000   100%  12.9 1765s
H92717 66608                    1414.2000000    0.00000   100%  12.9 1765s
 93021 66895 1088.00000 1064  553 1414.20000    0.00000   100%  12.9 1819s
 94962 68684 1347.04000 1154  503 1414.20000    0.00000   100%  12.9 1919s
 96124 69897 1374.04000 1167  495 1414.20000    0.00000   100%  12.8 2042s
 97028 70567 1370.08000 1168  497 1414.20000    0.00000   100%  12.8 2089s
 97992 71556 1369.04000 1181  501 1414.20000    0.00000   100%  12.8 2102s
 100357 73611  214.00000  583  673 1414.20000    0.00000   100%  12.8 2159s
H100849 74094                    1413.2000000    0.00000   100%  12.8 2159s
 101319 74369  214.00000  583  674 1413.20000    0.00000   100%  12.8 2174s
H101346 73971                    1401.2000000    0.00000   100%  12.8 2174s
 103526 76042  718.04000  864  567 1401.20000    0.00000   100%  12.8 2189s
H106328 78007                    1397.2400000    0.00000   100%  12.9 2189s
 106623 78547 1042.04000 1002  491 1397.24000    0.00000   100%  12.9 2204s
 109163 80942 1081.04000 1005  490 1397.24000    0.00000   100%  12.9 2243s
H109942 81223                    1385.2400000    0.00000   100%  12.9 2243s
 110612 81750 1081.04000 1010  487 1385.24000    0.00000   100%  13.0 2258s
 113545 84389 1301.04000 1105  484 1385.24000    0.00000   100%  13.0 2276s
 116574 87181  147.00000  544  691 1385.24000    0.00000   100%  13.0 2351s
H116900 86982                    1380.2400000    0.00000   100%  13.0 2351s
 118577 88935  191.00000  648  661 1380.24000    0.00000   100%  13.1 2366s
 121031 91243  259.00000  677  641 1380.24000    0.00000   100%  13.0 2383s
 124709 94552  326.04000  800  612 1380.24000    0.00000   100%  13.0 2433s
H125035 94723                    1377.2400000    0.00000   100%  13.0 2433s
 126571 96139  431.08000  849  602 1377.24000    0.00000   100%  13.0 2534s
 127944 97474  490.08000  883  594 1377.24000    0.00000   100%  13.0 2546s
 131269 100353  603.08000  935  577 1377.24000    0.00000   100%  13.0 2705s
H131280 100076                    1369.2400000    0.00000   100%  13.0 2705s
 131294 100125  603.08000  937  576 1369.24000    0.00000   100%  13.0 2986s
H131346 99820                    1359.2400000    0.00000   100%  13.0 2986s
 132598 101044  638.08000  939  571 1359.24000    0.00000   100%  13.0 3049s
 133998 102374  668.08000  976  552 1359.24000    0.00000   100%  13.0 3069s
 135564 103927  770.08000  992  541 1359.24000    0.00000   100%  13.0 3225s
H136574 104688                    1354.2000000    0.00000   100%  13.1 3225s
 136866 105014  719.08000  999  541 1354.20000    0.00000   100%  13.1 3378s
 137635 105805  770.08000 1020  526 1354.20000    0.00000   100%  13.1 3509s
H139148 106867                    1346.2000000    0.00000   100%  13.0 3588s
 140024 107748  974.12000 1070  505 1346.20000    0.00000   100%  13.0 3604s
 142620 110114  952.08000 1106  479 1346.20000    0.00000   100%  13.0 3617s
 145575 113094 1087.16000 1160  439 1346.20000    0.00000   100%  13.0 3629s
 148404 115740 1257.16000 1210  432 1346.20000    0.00000   100%  13.0 3700s
H149179 116299                    1343.6000000    0.00000   100%  13.0 3700s
 149388 116459 1156.21625 1210  433 1343.60000    0.00000   100%  13.0 3714s
H149400 115996                    1335.6000000    0.00000   100%  13.0 3714s
 152160 118572     cutoff 1262      1335.60000    0.00000   100%  13.0 3734s
H154887 120833                    1334.2000000    0.00000   100%  13.0 3734s
 154905 120884  247.00000  397  670 1334.20000    0.00000   100%  13.0 3757s
 158958 124668    0.00000  240  721 1334.20000    0.00000   100%  13.1 3912s
 161929 127410  253.00000  592  623 1334.20000    0.00000   100%  13.1 3925s
 165078 130094  813.04000  878  554 1334.20000    0.00000   100%  13.1 3936s
 169370 134253 1059.04000 1040  533 1334.20000    0.00000   100%  13.2 4185s
 171230 136202 1059.04000 1040  530 1334.20000    0.00000   100%  13.2 4213s
 174405 139036 1163.04000 1126  491 1334.20000    0.00000   100%  13.2 4225s
 178432 142840 infeasible 1174      1334.20000    0.00000   100%  13.2 4235s
 182561 146564   51.04000  251  770 1334.20000    0.00000   100%  13.2 4249s
H184108 147454                    1330.2400000    0.00000   100%  13.2 4249s
 186447 150034  701.12000  401  669 1330.24000    0.00000   100%  13.2 4307s
 188686 151994 1019.20000  474  593 1330.24000    0.00000   100%  13.2 4408s
H188687 151256                    1313.2400000    0.00000   100%  13.2 4408s
 189072 151470 1036.20000  472  593 1313.24000    0.00000   100%  13.2 4492s
H190158 151313                    1305.2400000    0.00000   100%  13.2 4492s
 191760 153520 1268.24000  538  563 1305.24000    0.00000   100%  13.2 4606s
 192361 154107 1268.24000  538  564 1305.24000    0.00000   100%  13.2 4665s
H193432 154940                    1304.2000000    0.00000   100%  13.3 4665s
 193527 155045  733.16000  518  615 1304.20000    0.00000   100%  13.2 4709s
 194560 156041  118.00000  371  671 1304.20000    0.00000   100%  13.3 4720s
 198232 159145 1260.08000  698  585 1304.20000    0.00000   100%  13.3 4734s
H201000 161061                    1296.2000000    0.00000   100%  13.3 4734s
 201071 161175    0.00000  249  692 1296.20000    0.00000   100%  13.3 4906s
 203992 163937  987.00000  539  576 1296.20000    0.00000   100%  13.4 4917s
 208330 168179  198.00000  386  666 1296.20000    0.00000   100%  13.4 5052s
H208760 166746                    1277.6000000    0.00000   100%  13.4 5052s
 209817 167881  198.00000  387  665 1277.60000    0.00000   100%  13.4 5063s
H210951 167963                    1274.6000000    0.00000   100%  13.3 5063s
H211998 168951                    1269.6000000    0.00000   100%  13.3 5063s
 213906 170848  655.04000  452  580 1269.60000    0.00000   100%  13.4 5193s
H213908 170649                    1266.6000000    0.00000   100%  13.4 5193s
H213918 170341                    1263.6000000    0.00000   100%  13.4 5193s
H213920 169487                    1254.6000000    0.00000   100%  13.4 5380s
H216104 170820                    1246.6400000    0.00000   100%  13.4 5380s
 216105 170742  412.04000  316  698 1246.64000    0.00000   100%  13.4 5489s
 218418 173144 1002.12000  411  629 1246.64000    0.00000   100%  13.4 5634s
H218827 173448                    1245.6000000    0.00000   100%  13.4 5634s
 219586 174236 1214.16000  490  586 1245.60000    0.00000   100%  13.4 5810s
H219612 173881                    1241.6400000    0.00000   100%  13.4 5810s
H220016 174159                    1241.6000000    0.00000   100%  13.4 5810s
 222068 176130 1219.16000  547  588 1241.60000    0.00000   100%  13.4 5930s
H222828 176532                    1238.6800000    0.00000   100%  13.5 5930s
 223852 177510  611.04000  497  606 1238.68000    0.00000   100%  13.5 6026s
 225957 179530  713.04000  524  582 1238.68000    0.00000   100%  13.5 6163s
 227836 181144  418.00000  399  619 1238.68000    0.00000   100%  13.5 6221s
H228494 181095                    1233.6800000    0.00000   100%  13.5 6221s
H228657 180790                    1228.6800000    0.00000   100%  13.5 6221s
 229222 181296 1050.04000  518  562 1228.68000    0.00000   100%  13.5 6265s
H229598 181148                    1223.6800000    0.00000   100%  13.5 6265s
 230680 182019   34.00000  343  667 1223.68000    0.00000   100%  13.5 6286s
H231401 182395                    1220.6800000    0.00000   100%  13.6 6286s
 233593 184447  139.00000  488  642 1220.68000    0.00000   100%  13.6 6371s
H234242 184988                    1219.6400000    0.00000   100%  13.6 6371s
 235262 185871  188.00000  662  597 1219.64000    0.00000   100%  13.6 6465s
 235808 186279  188.00000  663  596 1219.64000    0.00000   100%  13.6 6477s
 240543 190368  335.00000  792  592 1219.64000    0.00000   100%  13.6 6490s
 244972 194021  514.08000  928  580 1219.64000    0.00000   100%  13.7 6605s
H245519 193580                    1210.6400000    0.00000   100%  13.7 6605s
 248135 195951  678.04000 1032  555 1210.64000    0.00000   100%  13.7 6782s
H248419 195617                    1205.6400000    0.00000   100%  13.7 6782s
H248420 195099                    1201.6400000    0.00000   100%  13.7 6782s
 249399 195798  794.04000 1084  541 1201.64000    0.00000   100%  13.7 6794s
H252069 197385                    1200.6000000    0.00000   100%  13.7 6794s
 254370 200268  906.12000 1114  521 1200.60000    0.00000   100%  13.7 6806s
 259815 204768 1031.16000 1138  493 1200.60000    0.00000   100%  13.7 6817s
 264559 208912 1059.16000 1146  500 1200.60000    0.00000   100%  13.8 6948s
 267677 211500 1051.16000 1143  497 1200.60000    0.00000   100%  13.8 7074s
H268152 210734                    1191.6000000    0.00000   100%  13.8 7074s
 269680 212089 1092.16000 1144  495 1191.60000    0.00000   100%  13.8 7085s
 274425 216092   75.00000  327  674 1191.60000    0.00000   100%  13.8 7097s
H276816 217169                    1184.6000000    0.00000   100%  13.9 7097s
 279654 219682  371.04000  388  646 1184.60000    0.00000   100%  13.9 7136s
 283034 222523  989.08000  586  576 1184.60000    0.00000   100%  13.9 7306s
 283710 223058  989.08000  587  578 1184.60000    0.00000   100%  13.9 7318s
 289030 227492  232.00000  365  665 1184.60000    0.00000   100%  14.0 7345s
 291950 229984 1091.08000  561  583 1184.60000    0.00000   100%  14.0 7490s
 293943 231702  217.00000  389  643 1184.60000    0.00000   100%  14.0 7501s
 299363 236315  830.08000  529  595 1184.60000    0.00000   100%  14.1 7701s
 301480 238286  830.08000  530  591 1184.60000    0.00000   100%  14.1 7712s
 306797 242842 1142.48000  615  549 1184.60000    0.00000   100%  14.1 7928s
 306809 242790 1142.48000  616  549 1184.60000    0.00000   100%  14.1 7989s
 309134 244855  894.04000  553  562 1184.60000    0.00000   100%  14.0 8107s
 310048 245619 1028.08000  580  562 1184.60000    0.00000   100%  14.1 8135s
H310255 245134                    1180.6000000    0.00000   100%  14.0 8135s
 312161 247076 1028.08000  581  561 1180.60000    0.00000   100%  14.0 8200s
 313804 248605 1028.08000  582  560 1180.60000    0.00000   100%  14.0 8282s
 315462 250169 1028.08000  583  559 1180.60000    0.00000   100%  14.0 8319s
 316608 251326 1123.12000  606  547 1180.60000    0.00000   100%  14.0 8471s
 317797 252316 1123.12000  627  549 1180.60000    0.00000   100%  14.0 8501s
 319899 254068  656.04000  466  603 1180.60000    0.00000   100%  14.1 8538s
 321799 255595  349.00000  341  639 1180.60000    0.00000   100%  14.1 8651s
 323026 256721  745.08000  571  610 1180.60000    0.00000   100%  14.1 8694s
 323892 257457  830.12000  598  594 1180.60000    0.00000   100%  14.1 8807s
 325195 258587 1137.12000  669  525 1180.60000    0.00000   100%  14.1 8840s
 325979 259225 1178.12000  676  527 1180.60000    0.00000   100%  14.1 8883s
 327572 260835   65.00000  372  686 1180.60000    0.00000   100%  14.1 8951s
H328379 260965                    1176.6400000    0.00000   100%  14.1 8951s
 328532 261158  173.00000  527  649 1176.64000    0.00000   100%  14.1 8972s
 329801 262249  340.00000  702  621 1176.64000    0.00000   100%  14.1 8986s
H330453 262162                    1172.6800000    0.00000   100%  14.1 8986s
 331917 263591  421.00000  851  593 1172.68000    0.00000   100%  14.1 9139s
 333593 264921  565.04000  894  555 1172.68000    0.00000   100%  14.1 9168s
 335991 267186  723.08000  942  524 1172.68000    0.00000   100%  14.1 9203s
 337746 268593  850.08000 1018  499 1172.68000    0.00000   100%  14.1 9222s
 338889 269594  937.08000 1079  477 1172.68000    0.00000   100%  14.1 9240s
H340095 270006                    1168.7200000    0.00000   100%  14.1 9240s
 340305 270319  978.08000 1100  476 1168.72000    0.00000   100%  14.1 9419s
H340494 269841                    1163.7200000    0.00000   100%  14.1 9419s
 341785 271054 1062.12000 1133  447 1163.72000    0.00000   100%  14.1 9432s
 344896 273762  951.00000  531  583 1163.72000    0.00000   100%  14.1 9448s
 348533 276737  904.40000  445  600 1163.72000    0.00000   100%  14.1 9462s
 353133 281046 1115.48000  574  551 1163.72000    0.00000   100%  14.1 9572s
 355352 282982 1116.40000  639  535 1163.72000    0.00000   100%  14.1 9584s
H360254 286921                    1160.1200000    0.00000   100%  14.1 9639s
 362987 289411 1117.48000  560  584 1160.12000    0.00000   100%  14.1 9827s
 364892 290874 1117.48000  565  584 1160.12000    0.00000   100%  14.1 9838s
 369733 295156 1118.08000  632  557 1160.12000    0.00000   100%  14.1 9850s
 374490 299032  383.00000  383  645 1160.12000    0.00000   100%  14.2 10010s
 377040 301459  392.00000  382  651 1160.12000    0.00000   100%  14.2 10021s
H380563 304171                    1159.7600000    0.00000   100%  14.2 10021s
 381188 305201 1137.56000  521  594 1159.76000    0.00000   100%  14.2 10275s
 381196 305169 1154.56000  520  592 1159.76000    0.00000   100%  14.2 10287s
 385210 308382  233.08000  378  699 1159.76000    0.00000   100%  14.2 10301s
 389777 312081  715.08000  483  628 1159.76000    0.00000   100%  14.2 10312s
 394335 316021  314.04000  355  646 1159.76000    0.00000   100%  14.2 10324s
 399189 320412  344.00000  384  668 1159.76000    0.00000   100%  14.2 10339s
 403904 324987  728.00000  493  605 1159.76000    0.00000   100%  14.2 10350s
 409563 329666  494.04000  496  590 1159.76000    0.00000   100%  14.3 10366s
H410143 329260                    1155.7600000    0.00000   100%  14.3 10366s
 412904 331761    0.00000  332  653 1155.76000    0.00000   100%  14.3 10389s
 415713 334329 1106.08000  620  592 1155.76000    0.00000   100%  14.3 10539s
 416559 335281     cutoff  636      1155.76000    0.00000   100%  14.3 10550s
 421533 339400     cutoff  584      1155.76000    0.00000   100%  14.3 10632s
 421570 339322 1127.00000  583  579 1155.76000    0.00000   100%  14.3 10733s
 424038 341687     cutoff  674      1155.76000    0.00000   100%  14.2 10936s
 425502 342986     cutoff  675      1155.76000    0.00000   100%  14.3 10983s
 427300 344684 1112.60000  674  560 1155.76000    0.00000   100%  14.2 11085s
 427703 344953 1112.60000  675  558 1155.76000    0.00000   100%  14.2 11097s
 432640 349549   41.00000  328  673 1155.76000    0.00000   100%  14.2 11126s
 435868 352579  221.04000  407  639 1155.76000    0.00000   100%  14.2 11316s
 437340 353865  631.04000  509  586 1155.76000    0.00000   100%  14.2 11327s
 442552 358508  712.12000  509  616 1155.76000    0.00000   100%  14.2 11339s
 447945 363437  297.00000  628  618 1155.76000    0.00000   100%  14.2 11440s
 450045 365398  723.00000  895  554 1155.76000    0.00000   100%  14.2 11627s
 451609 366825  723.00000  895  554 1155.76000    0.00000   100%  14.2 11824s
 452396 367561  723.00000  896  557 1155.76000    0.00000   100%  14.2 11939s
 453490 368616  757.00000  911  556 1155.76000    0.00000   100%  14.2 12063s
 455568 370392  775.00000  924  550 1155.76000    0.00000   100%  14.2 12298s
 457005 371850  766.00000  925  546 1155.76000    0.00000   100%  14.2 12355s
 459280 373976  851.00000  971  549 1155.76000    0.00000   100%  14.2 12585s
 459628 374341  851.00000  972  548 1155.76000    0.00000   100%  14.2 12597s
 464302 378571 1153.08000  730  572 1155.76000    0.00000   100%  14.2 12609s
 467447 381603  344.00000  464  630 1155.76000    0.00000   100%  14.2 12825s
 469959 384076  493.04000  420  628 1155.76000    0.00000   100%  14.3 12842s
 474359 388260 1042.08000  553  565 1155.76000    0.00000   100%  14.2 12854s
 478775 391945  281.00000  434  639 1155.76000    0.00000   100%  14.2 13089s
 481690 394530 1113.12000  740  553 1155.76000    0.00000   100%  14.2 13101s
 486050 398185  348.04000  439  657 1155.76000    0.00000   100%  14.2 13113s
 491225 402636  252.00000  403  645 1155.76000    0.00000   100%  14.3 13297s
 493687 404889  660.00000  497  644 1155.76000    0.00000   100%  14.3 13313s
 498305 408447 1113.12000  619  578 1155.76000    0.00000   100%  14.3 13325s
 502841 412150   82.00000  371  650 1155.76000    0.00000   100%  14.3 13337s
 507234 415765  923.00000  519  592 1155.76000    0.00000   100%  14.3 13440s
 507751 416205  923.00000  520  592 1155.76000    0.00000   100%  14.3 13451s
 512733 420158     cutoff  641      1155.76000    0.00000   100%  14.3 13463s
 517380 424000  801.00000  538  579 1155.76000    0.00000   100%  14.3 13701s
 517955 424463  747.08000  449  560 1155.76000    0.00000   100%  14.3 13713s
 522939 428616 1129.12000  624  545 1155.76000    0.00000   100%  14.3 13868s
 522975 428638     cutoff  625      1155.76000    0.00000   100%  14.3 14072s
 523873 429362 1129.12000  624  547 1155.76000    0.00000   100%  14.3 14232s
 526806 431882  313.00000  461  652 1155.76000    0.00000   100%  14.3 14392s
 527640 432727  313.00000  462  654 1155.76000    0.00000   100%  14.3 14404s
 532827 436996  257.00041  567  625 1155.76000    0.00000   100%  14.3 14416s
 538125 441698  775.00000  889  549 1155.76000    0.00000   100%  14.3 14456s
 539664 443210 1000.00000 1027  523 1155.76000    0.00000   100%  14.3 14591s
 540420 443765 1001.00000 1040  511 1155.76000    0.00000   100%  14.3 14603s
 544641 447806  992.00000 1041  514 1155.76000    0.00000   100%  14.3 14619s
 548558 451500     cutoff 1064      1155.76000    0.00000   100%  14.3 14630s
 552871 455353  244.04000  386  644 1155.76000    0.00000   100%  14.3 14673s
 555455 457651  899.08000  497  637 1155.76000    0.00000   100%  14.3 14801s
 557177 459387  815.08000  497  626 1155.76000    0.00000   100%  14.3 14812s
 561018 462818 1154.12000  590  609 1155.76000    0.00000   100%  14.3 14823s
 565190 466556 infeasible  713      1155.76000    0.00000   100%  14.3 14947s
 565652 466941 infeasible  711      1155.76000    0.00000   100%  14.3 14958s
 569806 470423  677.00000  509  595 1155.76000    0.00000   100%  14.3 15014s
 569834 470423  711.00000  512  588 1155.76000    0.00000   100%  14.3 15075s
 571400 471777  836.00000  496  582 1155.76000    0.00000   100%  14.3 15174s
 572309 472520  836.00000  497  579 1155.76000    0.00000   100%  14.3 15203s
 574562 474362 infeasible  609      1155.76000    0.00000   100%  14.3 15330s
 576031 475739 1133.00000  638  567 1155.76000    0.00000   100%  14.3 15405s
 576900 476568 infeasible  639      1155.76000    0.00000   100%  14.3 15417s
 581362 480191  524.08000  487  657 1155.76000    0.00000   100%  14.3 15433s
 584498 482773 1046.16000  573  578 1155.76000    0.00000   100%  14.3 15599s
 585771 483894 1046.16000  574  574 1155.76000    0.00000   100%  14.3 15611s
H586400 483342                    1153.2000000    0.00000   100%  14.3 15611s
 590320 487214  243.00000  428  646 1153.20000    0.00000   100%  14.3 15700s
H591461 488094                    1152.1600000    0.00000   100%  14.3 15700s
 593088 489706  145.00000  508  655 1152.16000    0.00000   100%  14.3 15711s
 597503 493876  642.04000  833  565 1152.16000    0.00000   100%  14.3 15942s
H598971 495028                    1150.7600000    0.00000   100%  14.3 15942s
 599188 495223  776.04000  913  541 1150.76000    0.00000   100%  14.3 15960s
 604014 499628  238.00000  405  640 1150.76000    0.00000   100%  14.3 16073s
 604029 499635  255.00000  407  641 1150.76000    0.00000   100%  14.3 16356s
 605079 500649  838.04000  491  592 1150.76000    0.00000   100%  14.3 16426s
 606299 501835  838.04000  493  590 1150.76000    0.00000   100%  14.3 16437s
 610256 505512 1091.08000  595  594 1150.76000    0.00000   100%  14.3 16586s
 610526 505773 1108.08000  596  590 1150.76000    0.00000   100%  14.3 16601s
 614492 508927   73.34085  470  647 1150.76000    0.00000   100%  14.4 16613s
 618011 511924  206.00000  649  632 1150.76000    0.00000   100%  14.4 16624s
 621986 515419  344.00000  782  589 1150.76000    0.00000   100%  14.4 16767s
 624009 517212  344.00000  783  590 1150.76000    0.00000   100%  14.4 16781s
 628621 521490  458.04000  884  589 1150.76000    0.00000   100%  14.4 16827s
 631267 523784  547.04000  936  565 1150.76000    0.00000   100%  14.4 16908s
 633145 525636  530.04000  933  558 1150.76000    0.00000   100%  14.4 16920s
 637556 529416  620.04000  959  560 1150.76000    0.00000   100%  14.4 17030s
 638787 530566  637.04000  963  545 1150.76000    0.00000   100%  14.4 17041s
 642362 533815  647.04000  986  556 1150.76000    0.00000   100%  14.4 17157s
 642383 533813  647.04000  986  548 1150.76000    0.00000   100%  14.4 17388s
 643063 534604  688.04000  987  547 1150.76000    0.00000   100%  14.4 17414s
 645380 536562  659.04000  990  556 1150.76000    0.00000   100%  14.4 17550s
 646939 537850  659.04000  990  549 1150.76000    0.00000   100%  14.4 17562s
 649335 539978  702.04000 1014  546 1150.76000    0.00000   100%  14.4 17577s
 651405 541814  711.04000 1023  540 1150.76000    0.00000   100%  14.4 17590s
 654782 544869  871.04000 1097  505 1150.76000    0.00000   100%  14.4 17765s
 656238 545941  854.04000 1094  509 1150.76000    0.00000   100%  14.4 17776s
 660711 549447  970.12000 1169  456 1150.76000    0.00000   100%  14.4 17788s
 665343 553008  750.00000  479  582 1150.76000    0.00000   100%  14.4 17799s
 671278 558080 infeasible  648      1150.76000    0.00000   100%  14.4 17811s
 676727 562921  611.00000  496  602 1150.76000    0.00000   100%  14.4 17840s
 680651 566309  640.44540  479  575 1150.76000    0.00000   100%  14.4 17988s
 682903 568582  258.00000  400  678 1150.76000    0.00000   100%  14.4 18044s
 684881 570530  894.00000  518  618 1150.76000    0.00000   100%  14.4 18379s
 684891 570586  871.04000  518  605 1150.76000    0.00000   100%  14.4 18431s
H686399 571864                    1150.7200000    0.00000   100%  14.4 18431s
 687106 572496   90.00000  373  658 1150.72000    0.00000   100%  14.4 18602s
 688225 573291     cutoff  635      1150.72000    0.00000   100%  14.4 18721s
H688821 566488                    1131.7200000    0.00000   100%  14.4 18721s
 689128 566785   17.00000  369  643 1131.72000    0.00000   100%  14.4 18733s
 691319 568832  150.00000  544  610 1131.72000    0.00000   100%  14.5 18759s
 693964 571149  339.00000  694  557 1131.72000    0.00000   100%  14.5 18852s
 695594 572607  433.00000  791  536 1131.72000    0.00000   100%  14.5 18925s
 697229 574159  548.00000  888  542 1131.72000    0.00000   100%  14.5 18953s
 699177 575852  702.04000  994  538 1131.72000    0.00000   100%  14.5 19192s
 700883 577547  839.08000 1046  510 1131.72000    0.00000   100%  14.5 19302s
 703351 579937  923.04000 1069  493 1131.72000    0.00000   100%  14.5 19354s
H703681 575500                    1118.6800000    0.00000   100%  14.5 19354s
 704821 576539  923.04000 1070  493 1118.68000    0.00000   100%  14.4 19438s
H704928 574223                    1114.6800000    0.00000   100%  14.4 19438s
 706501 575822  882.04000 1069  494 1114.68000    0.00000   100%  14.4 19563s
 707863 577162 1003.04000 1115  483 1114.68000    0.00000   100%  14.4 19579s
 708245 577162  715.04000  529  608 1114.68000    0.00000   100%  14.4 19580s
 709665 578820 infeasible  602      1114.68000    0.00000   100%  14.4 19696s
 711164 580263 infeasible  649      1114.68000    0.00000   100%  14.4 19766s
 713218 581986  311.00000  438  630 1114.68000    0.00000   100%  14.4 19779s
 717187 585265 1092.16000  560  531 1114.68000    0.00000   100%  14.4 19827s
 719265 587193 1113.12000  621  525 1114.68000    0.00000   100%  14.4 19874s
 722224 589414   93.00000  374  680 1114.68000    0.00000   100%  14.4 19888s
 725798 592795  692.00000  499  646 1114.68000    0.00000   100%  14.4 19972s
 728755 595510 1071.04000  586  582 1114.68000    0.00000   100%  14.4 19984s
 733265 599361  586.04000  525  612 1114.68000    0.00000   100%  14.4 20161s
 734855 600758   56.00000  371  663 1114.68000    0.00000   100%  14.4 20173s
 740100 604873  181.00000  580  663 1114.68000    0.00000   100%  14.4 20184s
 744990 608875  781.04000  915  517 1114.68000    0.00000   100%  14.4 20345s
 746578 610013    0.00000  374  660 1114.68000    0.00000   100%  14.4 20356s
 751545 613896  178.00000  548  643 1114.68000    0.00000   100%  14.4 20517s
 754179 616112  300.04500  751  576 1114.68000    0.00000   100%  14.5 20528s
 758975 620205  486.04000  910  538 1114.68000    0.00000   100%  14.5 20715s
 761411 622558  573.04000  966  538 1114.68000    0.00000   100%  14.5 20727s
 767245 627352  765.08000 1066  490 1114.68000    0.00000   100%  14.5 20739s
 772399 632090  850.08000 1091  466 1114.68000    0.00000   100%  14.5 20957s
 773410 633159  908.08000 1092  466 1114.68000    0.00000   100%  14.5 20968s
 778185 637672  869.12000 1096  452 1114.68000    0.00000   100%  14.5 21244s
 779395 638709  877.12000 1098  452 1114.68000    0.00000   100%  14.5 21345s
 780682 640048  901.12000 1098  451 1114.68000    0.00000   100%  14.5 21690s
H780708 638821                    1113.6400000    0.00000   100%  14.5 21690s
H780897 629951                    1105.6800000    0.00000   100%  14.5 21690s
 781257 630337  868.12000 1096  454 1105.68000    0.00000   100%  14.5 21752s
 783471 632675  884.08000 1100  452 1105.68000    0.00000   100%  14.5 21886s
 785153 633911  868.12000 1097  453 1105.68000    0.00000   100%  14.5 21897s
 787578 636188  894.12000 1100  452 1105.68000    0.00000   100%  14.5 22069s
 788744 637136  881.08000 1098  461 1105.68000    0.00000   100%  14.5 22106s
 790352 638557  881.08000 1098  459 1105.68000    0.00000   100%  14.5 22257s
H790432 638170                    1104.6400000    0.00000   100%  14.5 22257s
 791826 639493  901.08000 1106  450 1104.64000    0.00000   100%  14.5 22372s
 793988 641469  975.08000 1131  450 1104.64000    0.00000   100%  14.5 22429s
 795897 643089  958.08000 1131  452 1104.64000    0.00000   100%  14.5 22566s
 796842 643998  975.08000 1132  449 1104.64000    0.00000   100%  14.5 22638s
 798539 645438  975.08000 1130  449 1104.64000    0.00000   100%  14.5 22795s
 799439 646279 1032.08000 1144  452 1104.64000    0.00000   100%  14.5 22909s
 800141 646938  401.04000  444  620 1104.64000    0.00000   100%  14.5 22922s
 804063 650266  343.00000  443  620 1104.64000    0.00000   100%  14.5 22946s
 807163 652897 1057.56000  725  543 1104.64000    0.00000   100%  14.5 23087s
H807356 652280                    1103.6400000    0.00000   100%  14.5 23087s
 808047 652558 1057.56000  726  545 1103.64000    0.00000   100%  14.5 23099s
 813299 657178  129.00000  537  638 1103.64000    0.00000   100%  14.5 23143s
 815557 659295  298.00000  639  604 1103.64000    0.00000   100%  14.5 23154s
 818840 662264  294.00000  744  623 1103.64000    0.00000   100%  14.5 23155s
 820765 664075  405.08000  763  579 1103.64000    0.00000   100%  14.5 23284s
 822313 665732  514.00000  873  557 1103.64000    0.00000   100%  14.5 23295s
 827337 670077  620.00000  917  531 1103.64000    0.00000   100%  14.5 23525s
 829312 671829  649.00000  917  528 1103.64000    0.00000   100%  14.5 23537s
 834141 676115  716.00000 1008  522 1103.64000    0.00000   100%  14.5 23577s
 836499 678251  699.00000 1008  524 1103.64000    0.00000   100%  14.5 23589s
 840332 681623  830.04000 1050  498 1103.64000    0.00000   100%  14.5 23751s
 841537 682541  813.04000 1050  500 1103.64000    0.00000   100%  14.5 23763s
 845821 686255  951.04000 1116  460 1103.64000    0.00000   100%  14.5 23775s
 851078 690405  968.04000  560  579 1103.64000    0.00000   100%  14.5 23786s
 857236 695020  132.04000  475  661 1103.64000    0.00000   100%  14.5 23887s
 858600 696069   83.04000  477  652 1103.64000    0.00000   100%  14.5 23899s
 864836 701384  191.04000  660  613 1103.64000    0.00000   100%  14.5 23936s
 867963 704249  270.04000  754  606 1103.64000    0.00000   100%  14.5 24205s
 868128 704453  270.04000  754  607 1103.64000    0.00000   100%  14.5 24216s
 874131 709333  398.16000  840  584 1103.64000    0.00000   100%  14.5 24228s
 879865 714597  585.08000  962  518 1103.64000    0.00000   100%  14.5 24240s
 885265 719383  838.16000 1021  497 1103.64000    0.00000   100%  14.5 24251s
 890023 723369  981.24000 1100  471 1103.64000    0.00000   100%  14.5 24265s
 894157 726772   39.00000  367  669 1103.64000    0.00000   100%  14.5 24488s
 897195 729394  633.00000  504  568 1103.64000    0.00000   100%  14.5 24500s
 901497 733294  675.00000  494  553 1103.64000    0.00000   100%  14.6 24511s
 906709 737762 infeasible  630      1103.64000    0.00000   100%  14.6 24788s
 906987 738039 1089.08000  630  548 1103.64000    0.00000   100%  14.6 24799s
 912663 742671  652.04000  483  576 1103.64000    0.00000   100%  14.6 24949s
 912690 742695  669.04000  484  572 1103.64000    0.00000   100%  14.6 24960s
 917193 746718     cutoff  631      1103.64000    0.00000   100%  14.5 25000s

Cutting planes:
  Gomory: 44
  Cover: 93
  Implied bound: 263
  MIR: 2048
  Flow cover: 2150

Explored 917534 nodes (13381133 simplex iterations) in 25000.08 seconds
Thread count was 16 (of 16 available processors)

Time limit reached
Best objective 1.103640000000e+03, best bound 0.000000000000e+00, gap 100.0000%
