Changed value of parameter MIPGap to 0.01
   Prev: 0.0001  Min: 0.0  Max: 1e+100  Default: 0.0001
Changed value of parameter TimeLimit to 1000.0
   Prev: 1e+100  Min: 0.0  Max: 1e+100  Default: 1e+100
Changed value of parameter Method to 2
   Prev: -1  Min: -1  Max: 4  Default: -1
Changed value of parameter MIPFocus to 1
   Prev: 0  Min: 0  Max: 3  Default: 0
Optimize a model with 3464 rows, 11074 columns and 22148 nonzeros
Coefficient statistics:
  Matrix range    [1e+00, 4e+01]
  Objective range [1e+00, 1e+00]
  Bounds range    [1e+00, 1e+00]
  RHS range       [8e+01, 8e+01]
Found heuristic solution: objective 0
Presolve time: 0.24s
Presolved: 3464 rows, 11074 columns, 22148 nonzeros
Variable types: 0 continuous, 11074 integer (11074 binary)
Optimize a model with 3464 rows, 11074 columns and 22148 nonzeros
Coefficient statistics:
  Matrix range    [1e+00, 4e+01]
  Objective range [1e+00, 1e+00]
  Bounds range    [1e+00, 1e+00]
  RHS range       [8e+01, 8e+01]
Presolved: 3464 rows, 11074 columns, 22148 nonzeros

Root barrier log...

Ordering time: 0.00s

Barrier statistics:
 AA' NZ     : 1.107e+04
 Factor NZ  : 5.426e+04 (roughly 6 MBytes of memory)
 Factor Ops : 4.349e+06 (less than 1 second per iteration)
 Threads    : 1

                  Objective                Residual
Iter       Primal          Dual         Primal    Dual     Compl     Time
   0  -7.09145098e+03 -8.71942018e+03  4.94e+01 0.00e+00  2.82e+00     1s
   1  -2.60324725e+03 -6.62869398e+03  1.15e+01 6.66e-16  6.79e-01     1s
   2  -1.43878051e+03 -3.52556844e+03  2.08e+00 6.11e-16  1.52e-01     1s
   3  -1.16550525e+03 -1.60704168e+03  8.60e-02 8.88e-16  2.10e-02     1s
   4  -1.17866825e+03 -1.26074824e+03  3.10e-02 4.44e-16  4.02e-03     1s
   5  -1.18422523e+03 -1.21880003e+03  1.64e-02 5.39e-16  1.72e-03     1s
   6  -1.18637223e+03 -1.20261945e+03  1.05e-02 3.20e-16  8.37e-04     1s
   7  -1.18763414e+03 -1.19238174e+03  6.96e-03 4.80e-16  2.85e-04     1s
   8  -1.18956209e+03 -1.19122776e+03  1.58e-03 4.44e-16  9.10e-05     1s
   9  -1.19012416e+03 -1.19047495e+03  3.04e-04 4.44e-16  1.89e-05     1s
  10  -1.19018607e+03 -1.19030194e+03  1.77e-04 4.44e-16  7.05e-06     1s
  11  -1.19027097e+03 -1.19027611e+03  9.09e-06 4.44e-16  3.26e-07     1s
  12  -1.19027547e+03 -1.19027547e+03  1.64e-10 4.44e-16  1.45e-10     1s

Barrier solved model in 12 iterations and 0.97 seconds
Optimal objective -1.19027547e+03


Root relaxation: objective -1.190275e+03, 7055 iterations, 0.73 seconds

    Nodes    |    Current Node    |     Objective Bounds      |     Work
 Expl Unexpl |  Obj  Depth IntInf | Incumbent    BestBd   Gap | It/Node Time

     0     0 -1190.2755    0  273    0.00000 -1190.2755      -     -    1s
H    0     0                    -1159.000000 -1190.2755  2.70%     -    1s
H    0     0                    -1165.000000 -1190.2755  2.17%     -    1s
     0     0 -1189.5917    0  510 -1165.0000 -1189.5917  2.11%     -    1s
H    0     0                    -1167.000000 -1189.5917  1.94%     -    1s
     0     0 -1186.3190    0  480 -1167.0000 -1186.3190  1.66%     -    1s
     0     0 -1186.3190    0  542 -1167.0000 -1186.3190  1.66%     -    2s
     0     0 -1183.8692    0  493 -1167.0000 -1183.8692  1.45%     -    2s
H    0     0                    -1168.000000 -1183.8692  1.36%     -    2s
     0     0 -1183.1454    0  494 -1168.0000 -1183.1454  1.30%     -    2s
H    0     0                    -1169.000000 -1183.1454  1.21%     -    2s
     0     0 -1182.9395    0  484 -1169.0000 -1182.9395  1.19%     -    2s
     0     0 -1182.9395    0  495 -1169.0000 -1182.9395  1.19%     -    2s
     0     0 -1182.6619    0  488 -1169.0000 -1182.6619  1.17%     -    2s
     0     0 -1182.5590    0  258 -1169.0000 -1182.5590  1.16%     -    3s
     0     2 -1182.5590    0  218 -1169.0000 -1182.5590  1.16%     -    3s
H    9    13                    -1170.000000 -1182.5590  1.07%   134    4s
    41    42 -1182.4224   11  265 -1170.0000 -1182.5013  1.07%  73.8    5s
H  144   145                    -1171.000000 -1182.5013  0.98%  41.3    7s

Cutting planes:
  Gomory: 40
  Cover: 142
  MIR: 92

Explored 151 nodes (23139 simplex iterations) in 7.44 seconds
Thread count was 16 (of 16 available processors)

Optimal solution found (tolerance 1.00e-02)
Best objective -1.171000000000e+03, best bound -1.182000000000e+03, gap 0.9394%
Changed value of parameter SubMIPNodes to 2000
   Prev: 500  Min: 0  Max: 2000000000  Default: 500
Changed value of parameter TimeLimit to 10000.0
   Prev: 1e+100  Min: 0.0  Max: 1e+100  Default: 1e+100
Changed value of parameter MIPFocus to 1
   Prev: 0  Min: 0  Max: 3  Default: 0
Parameter Heuristics unchanged
   Value: 0.05  Min: 0.0  Max: 1.0  Default: 0.05
Optimize a model with 19095 rows, 11304 columns and 56114 nonzeros
Coefficient statistics:
  Matrix range    [1e+00, 8e+02]
  Objective range [1e+00, 1e+00]
  Bounds range    [1e+00, 1e+00]
  RHS range       [1e+00, 8e+02]
Presolve removed 20 rows and 10 columns
Presolve time: 0.14s
Presolved: 19075 rows, 11294 columns, 56054 nonzeros
Variable types: 1171 continuous, 10123 integer (10123 binary)
Found heuristic solution: objective 1149.0000000

Root relaxation: objective 0.000000e+00, 7858 iterations, 0.24 seconds

    Nodes    |    Current Node    |     Objective Bounds      |     Work
 Expl Unexpl |  Obj  Depth IntInf | Incumbent    BestBd   Gap | It/Node Time

     0     0    0.00000    0  558 1149.00000    0.00000   100%     -    1s
     0     0    0.00000    0 1112 1149.00000    0.00000   100%     -    2s
     0     0    0.00000    0 1073 1149.00000    0.00000   100%     -    3s
H    0     0                    1032.0000000    0.00000   100%     -    4s
     0     0    0.00000    0 1215 1032.00000    0.00000   100%     -    4s
     0     0    0.00000    0 1162 1032.00000    0.00000   100%     -    5s
     0     0    0.00000    0 1255 1032.00000    0.00000   100%     -    5s
     0     0    0.00000    0 1212 1032.00000    0.00000   100%     -    6s
     0     0    0.00000    0 1208 1032.00000    0.00000   100%     -    7s
     0     0    0.00000    0 1129 1032.00000    0.00000   100%     -    7s
     0     0    0.00000    0  598 1032.00000    0.00000   100%     -    9s
H    0     0                     179.0000000    0.00000   100%     -  175s
     0     2    0.00000    0  597  179.00000    0.00000   100%     -  176s
H    1     3                     177.0000000    0.00000   100%  4187  176s
H    7     9                     175.0000000    0.00000   100%   729  178s
H    8    12                     173.0000000    0.00000   100%   730  179s
H   11    13                     169.0000000    0.00000   100%   723  180s
H   12    15                     166.0000000    0.00000   100%   677  180s
   440   442    0.00000   44  768  166.00000    0.00000   100%  44.8  185s
H  600   584                     164.0000000    0.00000   100%  38.6  186s
H  723   705                     163.0000000    0.00000   100%  35.6  186s
H  918   917                     161.0000000    0.00000   100%  32.4  187s
H  924   925                     158.0000000    0.00000   100%  32.2  187s
H 1046  1043                     153.0000000    0.00000   100%  30.7  190s
H 1047  1043                     151.0000000    0.00000   100%  30.7  190s
  1054  1058    0.00000  103  819  151.00000    0.00000   100%  30.6  195s
H 1080  1058                     144.0000000    0.00000   100%  30.3  195s
H 1803  1806                     141.0000000    0.00000   100%  24.7  220s
H 1804  1808                     139.0000000    0.00000   100%  24.7  220s
H 1805  1809                     137.0000000    0.00000   100%  24.7  220s
  1811  1808    0.00000  192  912  137.00000    0.00000   100%  24.7  231s
H 1837  1808                     134.0000000    0.00000   100%  24.5  231s
  2027  2024    0.00000  213  920  134.00000    0.00000   100%  23.7  236s
H 2053  2024                     133.0000000    0.00000   100%  23.6  236s
H 2107  2080                     132.0000000    0.00000   100%  23.3  236s
H 2178  2151                     131.0000000    0.00000   100%  22.8  236s
  2287  2288    0.00000  233  910  131.00000    0.00000   100%  22.7  244s
H 2313  2288                     129.0000000    0.00000   100%  22.5  244s
H 2394  2367                     128.0000000    0.00000   100%  22.1  244s
H 2448  2421                     126.0000000    0.00000   100%  22.0  244s
  2503  2500    0.00000  254  918  126.00000    0.00000   100%  21.9  252s
H 2529  2500                     124.0000000    0.00000   100%  21.7  252s
H 2610  2583                     123.0000000    0.00000   100%  21.7  252s
  2719  2721    0.00000  274  926  123.00000    0.00000   100%  21.4  261s
H 2745  2721                     121.0000000    0.00000   100%  21.3  261s
  2990  2992    0.00000  296  938  121.00000    0.00000   100%  20.9  286s
H 3016  2992                     120.0000000    0.00000   100%  20.8  286s
H 3097  3071                     119.0000000    0.00000   100%  20.6  286s
  3206  3201    0.00000  315  940  119.00000    0.00000   100%  20.3  305s
H 4317  4289                     118.0000000    0.00000   100%  18.2  305s
  4345  4343    0.00000  468  999  118.00000    0.00000   100%  18.2  332s
H 4371  4343                     116.0000000    0.00000   100%  18.1  332s
  4725  4725    0.00000  489 1006  116.00000    0.00000   100%  17.7  356s
H 4751  4725                     115.0000000    0.00000   100%  17.6  356s
H 4881  4853                     114.0000000    0.00000   100%  17.5  356s
H 5169  5137                     113.0000000    0.00000   100%  17.2  356s
  5322  5309    0.00000  546 1033  113.00000    0.00000   100%  17.1  370s
H 5400  5309                     112.0000000    0.00000   100%  17.0  370s
H 7930  7878                     111.0000000    0.00000   100%  15.2  405s
H 7932  7880                     110.0000000    0.00000   100%  15.2  405s
  8733  8675    7.00000  749 1128  110.00000    0.00000   100%  14.9  426s
H 9336  9101                     109.0000000    0.00000   100%  14.5  426s
 11071 10921   11.00000  945 1213  109.00000    0.00000   100%  13.9  446s
H11262 11077                     108.0000000    0.00000   100%  13.7  446s
H11722 11409                     107.0000000    0.00000   100%  13.5  446s
 12420 12209   15.00500 1069 1189  107.00000    0.00000   100%  13.4  479s
H12781 12380                     106.0000000    0.00000   100%  13.3  479s
 13668 13418   29.00000 1198 1253  106.00000    0.00000   100%  13.1  515s
H13700 13404                     105.0000000    0.00000   100%  13.1  515s
H13999 13675                     104.0000000    0.00000   100%  12.9  515s
 14232 13894   29.00000 1226 1266  104.00000    0.00000   100%  12.9  591s
H14845 14336                     101.0000000    0.00000   100%  12.7  591s
 15484 15020   32.00000 1284 1261  101.00000    0.00000   100%  12.6  687s
 16720 16221   32.00000 1297 1266  101.00000    0.00000   100%  12.4  797s
 17400 16866   36.00000 1356 1262  101.00000    0.00000   100%  12.3  917s
 17408 16864   36.00000 1357 1274  101.00000    0.00000   100%  12.3 1027s
 18791 18166   48.00000 1427 1278  101.00000    0.00000   100%  12.1 1103s
 19071 18324   51.00000 1435 1266  101.00000    0.00000   100%  12.0 1206s
H19135 18331                     100.0000000    0.00000   100%  12.0 1206s
 19211 18389   49.00000 1456 1260  100.00000    0.00000   100%  12.0 1347s
H19300 18381                      99.0000000    0.00000   100%  12.0 1347s
 21857 20787   15.00000 1057 1134   99.00000    0.00000   100%  11.8 1350s
 21862 20790    6.00000  675 1395   99.00000    0.00000   100%  11.8 1356s
H21863 19751                      98.0000000    0.00000   100%  11.8 1362s
 21865 19752   82.00000  943  552   98.00000    0.00000   100%  11.8 1368s
 21866 19753    1.00000  430  552   98.00000    0.00000   100%  11.8 1392s
 21877 19773    0.00000   15  750   98.00000    0.00000   100%  14.9 1464s
 22127 19980    0.00000   77  796   98.00000    0.00000   100%  15.1 1564s
H22944 19426                      97.0000000    0.00000   100%  15.2 1564s
H23044 18453                      96.0000000    0.00000   100%  15.1 1564s
 23319 18792    0.00000  164  825   96.00000    0.00000   100%  15.1 1658s
H23400 17874                      95.0000000    0.00000   100%  15.1 1658s
 25903 19651    1.00000  355  957   95.00000    0.00000   100%  15.5 1774s
 28146 20677    1.00000  281  939   95.00000    0.00000   100%  15.4 1775s
 31496 23262   11.00000  704 1046   95.00000    0.00000   100%  15.6 2014s
 34436 25166   13.00000  758 1071   95.00000    0.00000   100%  15.4 2131s
 36356 26355   14.00000  790 1074   95.00000    0.00000   100%  15.3 2326s
H36545 25447                      94.0000000    0.00000   100%  15.3 2326s
 37787 26347   15.00000  813 1096   94.00000    0.00000   100%  15.2 2432s
 39422 27293   14.00000  820 1095   94.00000    0.00000   100%  15.1 2591s
 40754 28189   17.00000  859 1120   94.00000    0.00000   100%  15.0 2906s
H40757 27359                      93.0000000    0.00000   100%  15.0 2906s
 41055 27476   16.00000  860 1121   93.00000    0.00000   100%  15.0 3135s
H41146 26660                      92.0000000    0.00000   100%  15.0 3135s
 41523 26893   19.00000  883 1117   92.00000    0.00000   100%  15.0 3357s
 42647 27633   26.00000  973 1105   92.00000    0.00000   100%  14.9 3558s
 43579 28172   29.00000 1000 1103   92.00000    0.00000   100%  14.8 3846s
 44055 28481   28.00000 1011 1101   92.00000    0.00000   100%  14.8 4069s
H44338 27873                      91.0000000    0.00000   100%  14.7 4069s
 44823 28230   35.00000 1085 1125   91.00000    0.00000   100%  14.7 4230s
 46247 29061   45.00000 1174 1129   91.00000    0.00000   100%  14.6 4569s
H46408 28398                      90.0000000    0.00000   100%  14.6 4569s
 46979 28832   47.00000 1201 1128   90.00000    0.00000   100%  14.7 4827s
 47455 29216   51.00000 1212 1146   90.00000    0.00000   100%  14.7 5085s
 49078 30193   50.00000 1235 1131   90.00000    0.00000   100%  14.6 5320s
 50262 30973   50.00000 1246 1127   90.00000    0.00000   100%  14.5 5570s
 51836 31962   50.00000 1266 1116   90.00000    0.00000   100%  14.4 5817s
 53592 33066   59.00000 1298 1112   90.00000    0.00000   100%  14.4 6030s
 54856 33924   58.00000 1303 1115   90.00000    0.00000   100%  14.4 6239s
 55916 34595   59.00000 1325 1109   90.00000    0.00000   100%  14.3 6483s
 56796 35226   65.00000 1368 1058   90.00000    0.00000   100%  14.2 6709s
 57136 35439   65.00000 1370 1053   90.00000    0.00000   100%  14.2 6950s
 57756 35830   71.00000 1403 1045   90.00000    0.00000   100%  14.2 7139s
 58916 36545   72.00000 1425 1041   90.00000    0.00000   100%  14.1 7396s
 60196 37319   75.00000 1468 1047   90.00000    0.00000   100%  14.1 7596s
 60336 37351   82.00000 1470 1040   90.00000    0.00000   100%  14.1 7890s
 60856 37771   88.00000 1503 1011   90.00000    0.00000   100%  14.1 8145s
 61216 38019   83.00000 1525  973   90.00000    0.00000   100%  14.0 8336s
 62896 39505   41.00000  576 1014   90.00000    0.00000   100%  13.9 8640s
 63136 39731   56.00000  681 1036   90.00000    0.00000   100%  13.9 8858s
 63656 40210   68.00000  746 1031   90.00000    0.00000   100%  13.9 9144s
 64972 41571   74.00000  791 1056   90.00000    0.00000   100%  13.8 9398s
 66176 42702   81.00000  820 1046   90.00000    0.00000   100%  13.8 9654s
 67352 43795   87.00000  845 1022   90.00000    0.00000   100%  13.9 9905s
 68244 44737   89.00000  891 1010   90.00000    0.00000   100%  13.8 10000s

Cutting planes:
  Gomory: 5
  Implied bound: 65
  MIR: 379
  Flow cover: 385

Explored 70137 nodes (1021541 simplex iterations) in 10000.09 seconds
Thread count was 16 (of 16 available processors)

Time limit reached
Best objective 9.000000000000e+01, best bound 0.000000000000e+00, gap 100.0000%
Changed value of parameter MIPGap to 0.01
   Prev: 0.0001  Min: 0.0  Max: 1e+100  Default: 0.0001
Changed value of parameter TimeLimit to 1000.0
   Prev: 1e+100  Min: 0.0  Max: 1e+100  Default: 1e+100
Changed value of parameter Method to 2
   Prev: -1  Min: -1  Max: 4  Default: -1
Changed value of parameter MIPFocus to 1
   Prev: 0  Min: 0  Max: 3  Default: 0
Optimize a model with 3464 rows, 11074 columns and 22148 nonzeros
Coefficient statistics:
  Matrix range    [1e+00, 4e+01]
  Objective range [1e+00, 4e+01]
  Bounds range    [1e+00, 1e+00]
  RHS range       [8e+01, 8e+01]
Found heuristic solution: objective 0
Presolve time: 0.06s
Presolved: 3464 rows, 11074 columns, 22148 nonzeros
Variable types: 0 continuous, 11074 integer (11074 binary)
Optimize a model with 3464 rows, 11074 columns and 22148 nonzeros
Coefficient statistics:
  Matrix range    [1e+00, 4e+01]
  Objective range [1e+00, 4e+01]
  Bounds range    [1e+00, 1e+00]
  RHS range       [8e+01, 8e+01]
Presolved: 3464 rows, 11074 columns, 22148 nonzeros

Root barrier log...

Ordering time: 0.00s

Barrier statistics:
 AA' NZ     : 1.107e+04
 Factor NZ  : 5.426e+04 (roughly 6 MBytes of memory)
 Factor Ops : 4.349e+06 (less than 1 second per iteration)
 Threads    : 1

                  Objective                Residual
Iter       Primal          Dual         Primal    Dual     Compl     Time
   0  -1.03632971e+05 -2.62817006e+05  4.94e+01 3.55e-15  9.29e+01     0s
   1  -3.24630114e+04 -1.93077184e+05  1.07e+01 2.13e-14  2.15e+01     0s
   2  -1.32872763e+04 -8.19968403e+04  1.04e+00 1.78e-14  3.85e+00     0s
   3  -1.16368323e+04 -4.85080851e+04  9.36e-02 1.55e-14  1.69e+00     0s
   4  -1.17197759e+04 -1.54211130e+04  7.92e-03 1.55e-14  1.66e-01     0s
   5  -1.17909824e+04 -1.27271721e+04  3.93e-03 1.42e-14  4.23e-02     0s
   6  -1.18366400e+04 -1.18776115e+04  6.57e-05 1.42e-14  1.84e-03     0s
   7  -1.18415594e+04 -1.18433833e+04  2.29e-06 1.42e-14  8.20e-05     0s
   8  -1.18417986e+04 -1.18418064e+04  3.19e-10 1.42e-14  3.50e-07     0s
   9  -1.18418000e+04 -1.18418000e+04  7.23e-14 1.42e-14  5.63e-13     0s

Barrier solved model in 9 iterations and 0.17 seconds
Optimal objective -1.18418000e+04


Root relaxation: objective -1.184180e+04, 8907 iterations, 0.20 seconds

    Nodes    |    Current Node    |     Objective Bounds      |     Work
 Expl Unexpl |  Obj  Depth IntInf | Incumbent    BestBd   Gap | It/Node Time

     0     0 -11841.800    0  560    0.00000 -11841.800      -     -    0s
H    0     0                    -10677.80000 -11841.800  10.9%     -    0s
H    0     0                    -11392.96000 -11841.800  3.94%     -    0s
H    0     0                    -11426.00000 -11841.800  3.64%     -    0s
     0     0 -11841.800    0 1009 -11426.000 -11841.800  3.64%     -    1s
H    0     0                    -11470.00000 -11841.800  3.24%     -    1s
     0     0 -11841.680    0  972 -11470.000 -11841.680  3.24%     -    1s
     0     0 -11841.680    0 1118 -11470.000 -11841.680  3.24%     -    1s
     0     0 -11841.680    0 1159 -11470.000 -11841.680  3.24%     -    2s
     0     0 -11841.680    0 1312 -11470.000 -11841.680  3.24%     -    3s
     0     0 -11841.680    0 1315 -11470.000 -11841.680  3.24%     -    3s
H    0     0                    -11476.36000 -11841.680  3.18%     -    4s
H    0     0                    -11477.36000 -11841.680  3.17%     -    4s
     0     0 -11841.680    0 1422 -11477.360 -11841.680  3.17%     -    4s
     0     0 -11841.680    0 1403 -11477.360 -11841.680  3.17%     -    5s
H    0     0                    -11495.48000 -11841.680  3.01%     -    5s
     0     0 -11841.680    0  520 -11495.480 -11841.680  3.01%     -    6s
H    0     0                    -11545.48000 -11841.680  2.57%     -    7s
H    0     0                    -11599.60000 -11841.680  2.09%     -   11s
     0     2 -11841.680    0  451 -11599.600 -11841.680  2.09%     -   12s
    39    42 -11841.680   11  602 -11599.600 -11841.680  2.09%   172   15s
H   48    49                    -11660.32000 -11841.680  1.56%   148   16s
H  103   104                    -11661.32000 -11841.680  1.55%   103   16s
H  104   105                    -11662.40000 -11841.680  1.54%   103   16s
H  108   109                    -11663.40000 -11841.680  1.53%   100   16s
H  174   175                    -11664.40000 -11841.680  1.52%  81.4   17s
H  243   244                    -11669.40000 -11841.680  1.48%  72.5   18s
   321   320 -11841.680   48  587 -11669.400 -11841.680  1.48%  67.3   21s
H  323   322                    -11673.40000 -11841.680  1.44%  67.1   21s
   420   412 -11841.680   60  589 -11673.400 -11841.680  1.44%  64.0   26s
   557   540 -11841.680   76  571 -11673.400 -11841.680  1.44%  61.3   33s
   756   720 -11841.680  100  611 -11673.400 -11841.680  1.44%  62.6   36s
  1016   940 infeasible  124      -11673.400 -11841.680  1.44%  68.1   46s
  1378  1267 -11840.560  164  587 -11673.400 -11841.680  1.44%  67.8   53s
  2024  1805 infeasible  241      -11673.400 -11841.680  1.44%  62.0   58s
  2231  1939 -11825.180  113  987 -11673.400 -11841.680  1.44%  61.7   60s
H 2237  1845                    -11677.40000 -11841.680  1.41%  61.6   64s
H 2237  1753                    -11678.40000 -11841.680  1.40%  61.6   64s
  2239  1754 -11829.893  209  332 -11678.400 -11841.680  1.40%  61.5   66s
  2240  1755 -11841.680   62  332 -11678.400 -11841.680  1.40%  61.5   70s
H 2243  1671                    -11681.40000 -11841.680  1.37%  79.0   71s
  2453  1812 -11840.069   38  440 -11681.400 -11841.680  1.37%  77.5   81s
  2592  1900 -11840.069   48  433 -11681.400 -11841.680  1.37%  77.6   90s
H 2619  1837                    -11688.40000 -11841.680  1.31%  77.4   90s
  2664  1870 -11840.069   52  438 -11688.400 -11841.680  1.31%  77.1   97s
  2797  1955 -11840.069   62  447 -11688.400 -11841.680  1.31%  76.7  109s
  2829  1976 -11840.069   64  451 -11688.400 -11841.680  1.31%  76.8  115s
  3294  2287 -11840.069   85  496 -11688.400 -11841.680  1.31%  75.7  132s
  3717  2562 -11840.069  104  495 -11688.400 -11841.680  1.31%  72.7  143s
  3910  2693 -11839.069  111  497 -11688.400 -11841.680  1.31%  71.1  151s
  4443  3004 -11830.569  131  509 -11688.400 -11841.680  1.31%  67.5  159s
H 4485  2950                    -11689.40000 -11841.680  1.30%  67.6  159s
  4679  3059 -11830.569  143  525 -11689.400 -11841.680  1.30%  66.6  168s
  4983  3258 -11830.569  154  531 -11689.400 -11841.680  1.30%  65.7  184s
  5174  3397 -11830.569  163  515 -11689.400 -11841.680  1.30%  65.3  193s
  5666  3700 -11812.569  192  500 -11689.400 -11841.680  1.30%  63.1  208s
  5999  3884 -11812.569  209  495 -11689.400 -11841.680  1.30%  61.6  224s
  6586  4230 -11812.569  238  505 -11689.400 -11841.680  1.30%  59.9  242s
  7074  4585 -11808.069  253  479 -11689.400 -11841.680  1.30%  58.5  261s
  7426  4899 -11812.569  267  504 -11689.400 -11841.680  1.30%  57.4  273s
H 8107  5428                    -11690.44000 -11841.680  1.29%  56.1  273s
  8332  5653 -11812.569  325  497 -11690.440 -11841.680  1.29%  55.8  290s
  9129  6282 -11811.069  365  521 -11690.440 -11841.680  1.29%  54.6  306s
H 9338  6409                    -11691.44000 -11841.680  1.29%  55.0  306s
H 9779  6790                    -11694.44000 -11841.680  1.26%  54.2  306s
 10260  7130 -11811.240  434  495 -11694.440 -11841.680  1.26%  53.2  325s
H10760  7285                    -11703.44000 -11841.680  1.18%  52.9  325s
 10966  7522 -11809.220  490  503 -11703.440 -11841.680  1.18%  52.9  346s
 11988  8455 -11797.400  558  486 -11703.440 -11841.680  1.18%  52.2  369s
H12332  8591                    -11707.48000 -11841.680  1.15%  51.6  369s
 12843  9204 -11783.520  618  491 -11707.480 -11841.680  1.15%  50.9  387s
 14215 10404 -11758.900  703  447 -11707.480 -11841.680  1.15%  49.3  410s
 15303 11370 -11828.280   63  444 -11707.480 -11841.680  1.15%  48.3  429s
H15403 11447                    -11708.52000 -11841.680  1.14%  48.3  429s
 16533 12549 -11838.780  112  488 -11708.520 -11841.680  1.14%  47.3  447s
 17577 13454 -11832.780  146  499 -11708.520 -11841.680  1.14%  46.6  468s
 18668 14437 -11832.180  195  478 -11708.520 -11841.680  1.14%  46.1  494s
 19300 15022 -11829.180  222  487 -11708.520 -11841.680  1.14%  45.5  517s
 20328 15936 -11829.180  273  475 -11708.520 -11841.680  1.14%  44.8  536s
H21228 16398                    -11712.48000 -11841.680  1.10%  44.4  536s
 21399 16652 -11828.620  326  481 -11712.480 -11841.680  1.10%  44.3  558s
 22244 17414 -11828.380  380  503 -11712.480 -11841.680  1.10%  44.6  578s
 23010 18014 -11821.100  426  501 -11712.480 -11841.680  1.10%  44.5  596s
 24315 19204 -11801.780  509  489 -11712.480 -11841.680  1.10%  44.1  615s
 25267 19970 -11792.920  565  456 -11712.480 -11841.680  1.10%  44.1  633s
 26237 20929 -11782.400  632  463 -11712.480 -11841.680  1.10%  44.1  649s
 27058 21685 -11782.280  687  447 -11712.480 -11841.680  1.10%  43.9  670s
 27917 22421 -11768.120  753  435 -11712.480 -11841.680  1.10%  43.9  691s
 28703 23118 -11727.800  811  437 -11712.480 -11841.680  1.10%  43.9  709s
 29770 24095     cutoff  883      -11712.480 -11841.680  1.10%  43.7  728s
 30559 24819 -11838.780   45  504 -11712.480 -11841.680  1.10%  43.7  747s
 31584 25810 -11769.780   98  562 -11712.480 -11841.680  1.10%  43.8  768s
 32254 26375 -11714.680  139  536 -11712.480 -11841.680  1.10%  44.0  787s
 33308 27384 -11714.560  286  518 -11712.480 -11841.680  1.10%  44.0  810s
 33951 27950 -11839.597   43  467 -11712.480 -11841.680  1.10%  44.1  830s
 34942 28735 -11798.597  104  554 -11712.480 -11841.680  1.10%  44.0  850s
 35829 29417 -11716.597  193  561 -11712.480 -11841.680  1.10%  43.6  866s
 36984 30349 -11712.897  351  532 -11712.480 -11841.680  1.10%  43.5  885s
 37519 30786 -11838.780   46  494 -11712.480 -11841.680  1.10%  43.5  905s
 38572 31743 -11771.180  125  565 -11712.480 -11841.680  1.10%  43.6  924s
 39220 32291 -11756.680  176  527 -11712.480 -11841.680  1.10%  43.6  938s
 40258 33231     cutoff  332      -11712.480 -11841.680  1.10%  43.6  959s
 40924 33751 -11721.080  396  510 -11712.480 -11841.680  1.10%  43.6  980s
H41180 33297                    -11713.48000 -11841.680  1.09%  43.6  980s
 42061 34150 -11831.280  100  542 -11713.480 -11841.680  1.09%  43.6 1000s

Cutting planes:
  Gomory: 4
  Cover: 123
  Clique: 14
  MIR: 49
  Flow cover: 15

Explored 42770 nodes (1898429 simplex iterations) in 1000.03 seconds
Thread count was 16 (of 16 available processors)

Time limit reached
Best objective -1.171348000000e+04, best bound -1.184168000000e+04, gap 1.0945%
Changed value of parameter SubMIPNodes to 2000
   Prev: 500  Min: 0  Max: 2000000000  Default: 500
Changed value of parameter TimeLimit to 10000.0
   Prev: 1e+100  Min: 0.0  Max: 1e+100  Default: 1e+100
Changed value of parameter MIPFocus to 1
   Prev: 0  Min: 0  Max: 3  Default: 0
Parameter Heuristics unchanged
   Value: 0.05  Min: 0.0  Max: 1.0  Default: 0.05
Optimize a model with 15490 rows, 9335 columns and 45410 nonzeros
Coefficient statistics:
  Matrix range    [1e+00, 8e+02]
  Objective range [1e+00, 4e+01]
  Bounds range    [1e+00, 1e+00]
  RHS range       [1e+00, 8e+02]
Presolve removed 16 rows and 8 columns
Presolve time: 0.10s
Presolved: 15474 rows, 9327 columns, 45362 nonzeros
Variable types: 1060 continuous, 8267 integer (8267 binary)
Found heuristic solution: objective 11436.920000

Root relaxation: objective 0.000000e+00, 6083 iterations, 0.13 seconds

    Nodes    |    Current Node    |     Objective Bounds      |     Work
 Expl Unexpl |  Obj  Depth IntInf | Incumbent    BestBd   Gap | It/Node Time

     0     0    0.00000    0  616 11436.9200    0.00000   100%     -    1s
     0     0    0.00000    0 1127 11436.9200    0.00000   100%     -    1s
H    0     0                    11198.840000    0.00000   100%     -    2s
     0     0    0.00000    0 1067 11198.8400    0.00000   100%     -    2s
H    0     0                    4980.6400000    0.00000   100%     -    2s
H    0     0                    4830.5600000    0.00000   100%     -    3s
     0     0    0.00000    0 1230 4830.56000    0.00000   100%     -    3s
H    0     0                    4635.4800000    0.00000   100%     -    3s
     0     0    0.00000    0 1182 4635.48000    0.00000   100%     -    3s
H    0     0                    4528.4400000    0.00000   100%     -    4s
H    0     0                    4397.4400000    0.00000   100%     -    4s
     0     0    0.00000    0 1310 4397.44000    0.00000   100%     -    4s
H    0     0                    4296.4400000    0.00000   100%     -    5s
     0     0    0.00000    0 1249 4296.44000    0.00000   100%     -    5s
     0     0    0.00000    0 1268 4296.44000    0.00000   100%     -    7s
H    0     0                    4161.4400000    0.00000   100%     -    7s
     0     0    0.00000    0 1260 4161.44000    0.00000   100%     -    7s
     0     0    0.00000    0  639 4161.44000    0.00000   100%     -   10s
     0     2    0.00000    0  633 4161.44000    0.00000   100%     -   71s
H    1     3                    4142.0400000    0.00000   100%  3620   71s
H    2     4                    4083.0400000    0.00000   100%  1813   72s
H    3     4                    4048.0400000    0.00000   100%  1213   72s
H    4     6                    4038.0400000    0.00000   100%   928   72s
H    6     9                    4020.0400000    0.00000   100%   630   72s
H    8    10                    3998.0400000    0.00000   100%   624   72s
H   11    14                    3964.0400000    0.00000   100%   551   73s
H   12    14                    3955.0400000    0.00000   100%   522   73s
H   13    17                    3889.0000000    0.00000   100%   535   75s
H   17    19                    3868.0000000    0.00000   100%   420   75s
    25    34    0.00000    9  831 3868.00000    0.00000   100%   383   96s
H   27    34                    3692.0000000    0.00000   100%   354   96s
H   30    37                    3660.0000000    0.00000   100%   321   96s
H   42    48                    3631.0000000    0.00000   100%   237   96s
H  200   188                    3614.0000000    0.00000   100%  67.6   99s
H  213   200                    3609.0000000    0.00000   100%  64.3   99s
H  291   280                    3554.0000000    0.00000   100%  51.8   99s
   292   292    0.00000   34  833 3554.00000    0.00000   100%  51.6  101s
H  606   609                    3513.0000000    0.00000   100%  33.7  103s
   745   748    0.00000   84  898 3513.00000    0.00000   100%  30.4  105s
H  752   748                    3491.0000000    0.00000   100%  30.3  105s
H  760   755                    3474.0000000    0.00000   100%  30.2  105s
H  810   805                    3450.0000000    0.00000   100%  29.4  105s
H  819   813                    3433.0000000    0.00000   100%  29.3  105s
   828   826    0.00000   90  917 3433.00000    0.00000   100%  29.1  110s
H  854   826                    3416.0000000    0.00000   100%  28.5  110s
H  935   905                    3399.0000000    0.00000   100%  27.4  110s
  1044  1042    0.00000  113  922 3399.00000    0.00000   100%  25.9  117s
H 1070  1042                    3324.0000000    0.00000   100%  25.6  117s
H 1495  1481                    3307.0000000    0.00000   100%  21.7  119s
H 1687  1672                    3302.0000000    0.00000   100%  20.7  119s
H 1701  1686                    3298.0000000    0.00000   100%  20.8  119s
  1745  1743    0.00000  197  940 3298.00000    0.00000   100%  20.6  125s
H 1771  1743                    3257.0000000    0.00000   100%  20.4  125s
H 1908  1880                    3240.0000000    0.00000   100%  19.7  125s
H 1990  1988                    3190.0000000    0.00000   100%  19.4  130s
  2103  2101   17.00000  218  964 3190.00000    0.00000   100%  19.0  137s
H 2201  2200                    3173.0000000    0.00000   100%  18.6  137s
H 2229  2227                    3144.0000000    0.00000   100%  18.5  137s
  2235  2232   17.00000  291 1025 3144.00000    0.00000   100%  18.5  148s
H 2261  2232                    3139.0000000    0.00000   100%  18.4  148s
H 2288  2258                    3130.0000000    0.00000   100%  18.3  148s
H 2342  2313                    3127.0000000    0.00000   100%  18.1  148s
H 2396  2367                    3113.0000000    0.00000   100%  17.9  148s
H 2450  2421                    3105.0000000    0.00000   100%  17.8  148s
  2451  2453   17.00000  316 1019 3105.00000    0.00000   100%  17.8  152s
H 2477  2453                    3088.0000000    0.00000   100%  17.8  152s
  3129  3115   34.00000  352 1041 3088.00000    0.00000   100%  16.5  158s
H 3301  3286                    3071.0000000    0.00000   100%  16.2  158s
  4002  3991  144.00000  476 1122 3071.00000    0.00000   100%  15.1  171s
H 4028  3991                    3030.0000000    0.00000   100%  15.1  171s
  4362  4340  144.00000  497 1126 3030.00000    0.00000   100%  14.7  181s
H 4539  4481                    3020.0000000    0.00000   100%  14.5  181s
H 4639  4481                    2967.0000000    0.00000   100%  14.4  181s
  5938  5905  196.00000  608 1189 2967.00000    0.00000   100%  13.4  195s
H 6100  5905                    2962.0000000    0.00000   100%  13.3  195s
H 6163  6036                    2926.0000000    0.00000   100%  13.2  195s
  7548  7466  305.00000  734 1261 2926.00000    0.00000   100%  12.7  214s
H 7600  7466                    2912.0000000    0.00000   100%  12.6  214s
H 8100  7947                    2910.0000000    0.00000   100%  12.4  214s
H 8253  8092                    2909.0000000    0.00000   100%  12.3  214s
H 9112  8901                    2901.0000000    0.00000   100%  12.0  214s
  9113  8948  424.08000  803 1257 2901.00000    0.00000   100%  12.0  235s
H 9200  8928                    2842.0400000    0.00000   100%  12.0  235s
 10433 10225  493.08000  874 1293 2842.04000    0.00000   100%  11.6  277s
H10768 10487                    2824.0400000    0.00000   100%  11.5  277s
H10972 10682                    2823.0400000    0.00000   100%  11.5  277s
H11072 10682                    2818.0400000    0.00000   100%  11.4  277s
 11477 11233  774.16000 1078 1287 2818.04000    0.00000   100%  11.3  312s
H11548 11269                    2794.0400000    0.00000   100%  11.3  312s
H11572 11284                    2790.0400000    0.00000   100%  11.3  312s
H11844 11548                    2785.0400000    0.00000   100%  11.3  312s
 11869 11598  784.20000 1096 1278 2785.04000    0.00000   100%  11.3  354s
H11996 11691                    2757.0400000    0.00000   100%  11.2  354s
 12309 12015  810.20000 1120 1277 2757.04000    0.00000   100%  11.2  415s
H12492 12077                    2737.0400000    0.00000   100%  11.1  415s
H12584 12130                    2703.0000000    0.00000   100%  11.1  415s
H13045 12640                    2687.0400000    0.00000   100%  11.0  467s
 13112 12712  856.20000 1187 1255 2687.04000    0.00000   100%  10.9  515s
H13200 12712                    2672.0400000    0.00000   100%  10.9  515s
H13563 13136                    2668.0400000    0.00000   100%  10.8  515s
 13654 13221 1160.20000 1327 1151 2668.04000    0.00000   100%  10.8  583s
H13700 13221                    2663.0400000    0.00000   100%  10.8  583s
H13747 13243                    2646.0400000    0.00000   100%  10.8  583s
H13841 13307                    2629.0400000    0.00000   100%  10.8  583s
 14130 13616 1191.24000 1364 1077 2629.04000    0.00000   100%  10.7  658s
H14271 13678                    2621.0400000    0.00000   100%  10.7  658s
 16298 15668 1300.28000 1419  993 2621.04000    0.00000   100%  10.4  738s
H16306 15670                    2613.0400000    0.00000   100%  10.4  738s
 16522 15866 1265.24000 1420  993 2613.04000    0.00000   100%  10.4  815s
H16600 15859                    2606.0400000    0.00000   100%  10.4  815s
 17154 16445 1408.28000 1483  961 2606.04000    0.00000   100%  10.3  891s
H17582 16776                    2582.0800000    0.00000   100%  10.2  891s
H17629 16820                    2580.0400000    0.00000   100%  10.2  891s
H18329 16820                    2579.0400000    0.00000   100%  10.2  891s
 18530 17709 1498.24000 1587  894 2579.04000    0.00000   100%  10.2  986s
H18671 17766                    2570.0400000    0.00000   100%  10.1  986s
H19026 18095                    2565.0400000    0.00000   100%  10.1  986s
 19298 18389 1668.44000 1641  854 2565.04000    0.00000   100%  10.1 1081s
H19303 18391                    2556.0400000    0.00000   100%  10.1 1081s
H19312 18400                    2553.0400000    0.00000   100%  10.1 1081s
 20420 19474 1668.46250 1644  857 2553.04000    0.00000   100%  10.0 1175s
H20581 19472                    2527.0400000    0.00000   100%  10.0 1175s
 21368 20296 1800.48000 1704  833 2527.04000    0.00000   100%   9.9 1259s
 21732 20645 1856.64000 1728  821 2527.04000    0.00000   100%   9.9 1344s
 22384 21259 2019.64000 1774  792 2527.04000    0.00000   100%   9.8 1427s
H22502 21342                    2520.0400000    0.00000   100%   9.8 1427s
 22620 21460 2004.64000 1785  780 2520.04000    0.00000   100%   9.7 1527s
H22700 21458                    2513.0400000    0.00000   100%   9.7 1527s
 23468 22238 2088.64000 1847  696 2513.04000    0.00000   100%   9.6 1630s
 23832 22579 2186.64000 1868  689 2513.04000    0.00000   100%   9.6 1765s
 24384 23080 2266.64000 1920  671 2513.04000    0.00000   100%   9.5 1877s
 24520 23203 2284.68000 1932  664 2513.04000    0.00000   100%   9.5 1976s
H24843 23377                    2496.0400000    0.00000   100%   9.5 1977s
 25168 23754 2490.76000 1994  635 2496.04000    0.00000   100%   9.4 2073s
H26234 24624                    2487.0800000    0.00000   100%   9.5 2073s
 27003 25362 1416.50000 1274  616 2487.08000    0.00000   100%   9.4 2075s
 27009 25366   92.00000  167 1407 2487.08000    0.00000   100%   9.4 2080s
H27010 24098                    2481.0400000    0.00000   100%   9.4 2095s
 27012 24099  636.04000 1082  724 2481.04000    0.00000   100%   9.4 2100s
 27024 24135    0.00000   16  908 2481.04000    0.00000   100%  12.1 2200s
H27100 22905                    2472.0400000    0.00000   100%  12.1 2200s
H27600 21593                    2447.0400000    0.00000   100%  12.1 2200s
 29653 23563  102.00000  467 1105 2447.04000    0.00000   100%  12.4 2359s
H29700 22459                    2430.0400000    0.00000   100%  12.4 2359s
H31596 22534                    2423.0400000    0.00000   100%  12.2 2359s
H31996 21419                    2414.0400000    0.00000   100%  12.2 2359s
H32096 20454                    2402.0400000    0.00000   100%  12.1 2359s
H37049 23449                    2385.0400000    0.00000   100%  12.2 2550s
H37556 22920                    2378.0400000    0.00000   100%  12.2 2550s
 42161 25752  915.20000 1074 1261 2378.04000    0.00000   100%  12.2 2678s
H42201 24934                    2356.0400000    0.00000   100%  12.2 2678s
 46186 27381 1025.24000 1094 1250 2356.04000    0.00000   100%  12.1 2790s
H46330 26692                    2338.0400000    0.00000   100%  12.1 2790s
H47675 26735                    2338.0000000    0.00000   100%  12.0 2790s
H48690 26090                    2315.0400000    0.00000   100%  12.0 2790s
 48992 26924 1034.24000 1103 1239 2315.04000    0.00000   100%  12.0 2925s
H49527 26057                    2305.0400000    0.00000   100%  12.0 2925s
H49628 26005                    2303.0400000    0.00000   100%  12.0 2925s
 50187 26272 1034.24000 1107 1239 2303.04000    0.00000   100%  12.0 3041s
H50314 25654                    2297.0400000    0.00000   100%  12.0 3041s
H52598 26055                    2296.0400000    0.00000   100%  11.9 3041s
 52799 26766 1084.24000 1114 1242 2296.04000    0.00000   100%  11.8 3138s
H52906 26257                    2289.0400000    0.00000   100%  11.8 3138s
H53108 25781                    2284.0400000    0.00000   100%  11.8 3138s
 53515 26144 1034.26250 1115 1246 2284.04000    0.00000   100%  11.8 3229s
H55016 26065                    2268.0400000    0.00000   100%  11.8 3229s
 55603 27225 1208.24000 1159 1238 2268.04000    0.00000   100%  11.8 3330s
H55898 27306                    2260.0400000    0.00000   100%  11.8 3330s
 56987 28498 1314.24000 1208 1206 2260.04000    0.00000   100%  11.8 3461s
H57056 28571                    2259.0000000    0.00000   100%  11.8 3461s
H57698 28666                    2245.0400000    0.00000   100%  11.8 3461s
 57699 29217 1264.24000 1215 1203 2245.04000    0.00000   100%  11.8 3560s
H57700 29216                    2236.0400000    0.00000   100%  11.8 3560s
H57808 29260                    2228.0400000    0.00000   100%  11.8 3560s
 58515 29922 1264.24000 1216 1202 2228.04000    0.00000   100%  11.8 3678s
H58686 29969                    2221.0400000    0.00000   100%  11.7 3678s
 59403 30763 1394.28000 1260 1190 2221.04000    0.00000   100%  11.7 3811s
H59696 30940                    2220.0000000    0.00000   100%  11.7 3811s
 61290 32521 1451.32000 1309 1145 2220.00000    0.00000   100%  11.7 3926s
H63167 33618                    2212.0000000    0.00000   100%  11.9 3926s
 63458 34638 1612.36000 1315 1121 2212.00000    0.00000   100%  11.9 4034s
H64558 34847                    2207.0000000    0.00000   100%  12.1 4034s
 65718 36787 1655.36000 1336 1116 2207.00000    0.00000   100%  12.1 4129s
H65883 36834                    2195.0400000    0.00000   100%  12.1 4129s
H66398 37222                    2167.0400000    0.00000   100%  12.1 4129s
 67900 38917 1795.36000 1378 1068 2167.04000    0.00000   100%  12.1 4208s
H67901 38919                    2166.0000000    0.00000   100%  12.1 4208s
 69162 40185 1778.36000 1378 1068 2166.00000    0.00000   100%  12.1 4362s
 69874 40954 1821.36000 1398 1050 2166.00000    0.00000   100%  12.0 4491s
 70290 41260 1839.40000 1411 1037 2166.00000    0.00000   100%  12.0 4591s
H70303 41224                    2158.0400000    0.00000   100%  12.0 4591s
H70327 41243                    2156.0000000    0.00000   100%  12.0 4591s
 70578 41602 1821.36000 1417 1033 2156.00000    0.00000   100%  12.0 4719s
H71061 41854                    2151.0000000    0.00000   100%  12.0 4719s
 71062 41938 1887.36000 1428 1006 2151.00000    0.00000   100%  12.0 4819s
H71739 41904                    2142.0000000    0.00000   100%  12.0 4819s
 72274 43019 1965.40000 1448  954 2142.00000    0.00000   100%  12.0 4925s
H72827 42969                    2125.0000000    0.00000   100%  12.0 4925s
 73664 44249 1939.36000 1461  958 2125.00000    0.00000   100%  12.0 5041s
H74501 44180                    2113.0000000    0.00000   100%  12.0 5041s
H74603 45116                    2110.0000000    0.00000   100%  12.0 5041s
 74716 45295 1939.36000 1462  954 2110.00000    0.00000   100%  12.0 5153s
H74885 45377                    2098.0000000    0.00000   100%  12.0 5153s
 75796 46229 2093.40000 1504  912 2098.00000    0.00000   100%  12.0 5251s
H75805 46212                    2097.0000000    0.00000   100%  12.0 5251s
H76810 46305                    2089.0000000    0.00000   100%  12.0 5251s
 77232 47705 2087.40000 1507  914 2089.00000    0.00000   100%  11.9 5321s
H78646 48930                    2084.0000000    0.00000   100%  12.0 5321s
 78716 49056 2046.44000 1534  884 2084.00000    0.00000   100%  12.0 5457s
H80786 50072                    2076.0000000    0.00000   100%  12.0 5457s
 81228 51407 1399.00000  991  950 2076.00000    0.00000   100%  12.0 5591s
 83668 53890    0.00000  213  968 2076.00000    0.00000   100%  11.9 5697s
 85868 56011   77.00000  470 1063 2076.00000    0.00000   100%  12.0 5835s
 88168 58333  162.00000  683 1136 2076.00000    0.00000   100%  11.9 5937s
H88900 58309                    2073.0000000    0.00000   100%  11.9 5937s
 90468 60609  470.04000  910 1128 2073.00000    0.00000   100%  11.9 6049s
H92233 62140                    2056.0000000    0.00000   100%  11.9 6050s
 92300 62304  663.08000 1124 1103 2056.00000    0.00000   100%  11.9 6161s
 93308 63413  844.48000 1221 1048 2056.00000    0.00000   100%  11.9 6269s
H93400 63346                    2047.0000000    0.00000   100%  11.9 6269s
H94079 64009                    2046.0000000    0.00000   100%  11.9 6269s
 94452 64066  920.48000 1307  989 2046.00000    0.00000   100%  11.9 6384s
H94600 64009                    2037.0000000    0.00000   100%  11.9 6384s
H95343 64995                    2032.0000000    0.00000   100%  11.8 6384s
 95344 65045  952.48000 1382  905 2032.00000    0.00000   100%  11.8 6491s
H95828 65349                    2027.0000000    0.00000   100%  11.8 6491s
H95942 65445                    2024.0000000    0.00000   100%  11.8 6491s
 96000 65624 1024.48000 1405  890 2024.00000    0.00000   100%  11.8 6596s
H96101 65658                    2015.0000000    0.00000   100%  11.8 6596s
 96208 65820 1051.48000 1432  876 2015.00000    0.00000   100%  11.8 6712s
H96300 65678                    2006.0000000    0.00000   100%  11.8 6712s
 97052 66448 1080.52000 1474  842 2006.00000    0.00000   100%  11.9 6836s
 97644 66986 1141.92000 1493  823 2006.00000    0.00000   100%  11.9 6948s
 98300 67643 1165.92000 1502  817 2006.00000    0.00000   100%  11.8 7064s
 98508 67716 1148.92000 1502  818 2006.00000    0.00000   100%  11.8 7169s
 100360 69577 1220.92000 1529  786 2006.00000    0.00000   100%  11.8 7285s
H101405 70472                    2005.4400000    0.00000   100%  11.8 7285s
 101688 70886 1215.96000 1562  748 2005.44000    0.00000   100%  11.8 7417s
H102013 71004                    2004.4000000    0.00000   100%  11.8 7417s
H102840 71691                    1984.0400000    0.00000   100%  11.8 7417s
 103180 72185 1220.96000 1599  715 1984.04000    0.00000   100%  11.8 7537s
H103421 72363                    1983.0000000    0.00000   100%  11.8 7537s
 104628 73431 1323.00000 1629  712 1983.00000    0.00000   100%  11.8 7711s
 106140 74799 1319.96000 1639  711 1983.00000    0.00000   100%  11.8 7839s
 107568 76149 1281.96000 1639  713 1983.00000    0.00000   100%  11.8 8020s
H108866 77411                    1968.0000000    0.00000   100%  11.8 8020s
 108900 77390 1324.96000 1640  708 1968.00000    0.00000   100%  11.8 8128s
H108901 77336                    1963.0000000    0.00000   100%  11.8 8128s
 110008 78425 1324.96000 1641  713 1963.00000    0.00000   100%  11.8 8220s
 111960 80399 1442.00000 1655  702 1963.00000    0.00000   100%  11.8 8357s
 113458 81411 1399.00000 1655  694 1963.00000    0.00000   100%  11.8 8470s
H113500 81285                    1956.4000000    0.00000   100%  11.8 8470s
 114940 82954 1448.40000 1660  689 1956.40000    0.00000   100%  11.8 8580s
H115861 82969                    1951.4000000    0.00000   100%  11.8 8580s
 116368 84190 1433.00000 1662  691 1951.40000    0.00000   100%  11.8 8728s
 117600 85337 1450.00000 1666  688 1951.40000    0.00000   100%  11.8 8840s
H117901 85200                    1944.4400000    0.00000   100%  11.8 8840s
 118608 86128 1451.04000 1667  687 1944.44000    0.00000   100%  11.8 8971s
H120428 87296                    1941.4400000    0.00000   100%  11.8 8972s
 121209 88740 1484.00000 1678  683 1941.44000    0.00000   100%  11.8 9079s
H121300 88647                    1936.8400000    0.00000   100%  11.8 9079s
 123654 90762 1524.40000 1695  666 1936.84000    0.00000   100%  11.8 9217s
H123794 90701                    1927.4400000    0.00000   100%  11.8 9217s
 124430 91424 1526.08000 1709  663 1927.44000    0.00000   100%  11.8 9376s
H124813 91547                    1918.4400000    0.00000   100%  11.8 9376s
 126028 92681 1592.16000 1756  657 1918.44000    0.00000   100%  11.8 9527s
H126100 92156                    1901.4400000    0.00000   100%  11.8 9527s
 128468 94577 1600.67000 1757  661 1901.44000    0.00000   100%  11.9 9643s
H130667 96195                    1891.0400000    0.00000   100%  11.9 9643s
 130668 96110 1622.16000 1758  653 1891.04000    0.00000   100%  11.9 9730s
H132267 97153                    1890.0000000    0.00000   100%  11.9 9730s
 134904 99894 1669.16000 1774  651 1890.00000    0.00000   100%  11.9 9842s
H136100 101048                    1888.0000000    0.00000   100%  11.9 9842s
H137714 102490                    1886.0400000    0.00000   100%  11.9 9842s
 138741 103421 1712.16000 1779  649 1886.04000    0.00000   100%  11.9 9962s
H139921 104082                    1872.0400000    0.00000   100%  11.9 9962s
 142203 106459 1758.16000 1786  643 1872.04000    0.00000   100%  11.9 10000s
H144186 108268                    1871.0000000    0.00000   100%  11.9 10000s
H144386 107805                    1859.0000000    0.00000   100%  11.9 10000s

Cutting planes:
  Gomory: 17
  Cover: 40
  Implied bound: 120
  MIR: 843
  Flow cover: 955

Explored 144739 nodes (1779515 simplex iterations) in 10000.09 seconds
Thread count was 16 (of 16 available processors)

Time limit reached
Best objective 1.859000000000e+03, best bound 0.000000000000e+00, gap 100.0000%
Changed value of parameter MIPGap to 0.01
   Prev: 0.0001  Min: 0.0  Max: 1e+100  Default: 0.0001
Changed value of parameter TimeLimit to 1000.0
   Prev: 1e+100  Min: 0.0  Max: 1e+100  Default: 1e+100
Changed value of parameter Method to 2
   Prev: -1  Min: -1  Max: 4  Default: -1
Changed value of parameter MIPFocus to 1
   Prev: 0  Min: 0  Max: 3  Default: 0
Optimize a model with 3464 rows, 11074 columns and 22148 nonzeros
Coefficient statistics:
  Matrix range    [1e+00, 4e+01]
  Objective range [1e+00, 2e+02]
  Bounds range    [1e+00, 1e+00]
  RHS range       [8e+01, 8e+01]
Found heuristic solution: objective 0
Presolve time: 0.06s
Presolved: 3464 rows, 11074 columns, 22148 nonzeros
Variable types: 0 continuous, 11074 integer (11074 binary)
Optimize a model with 3464 rows, 11074 columns and 22148 nonzeros
Coefficient statistics:
  Matrix range    [1e+00, 4e+01]
  Objective range [1e+00, 2e+02]
  Bounds range    [1e+00, 1e+00]
  RHS range       [8e+01, 8e+01]
Presolved: 3464 rows, 11074 columns, 22148 nonzeros

Root barrier log...

Ordering time: 0.00s

Barrier statistics:
 AA' NZ     : 1.107e+04
 Factor NZ  : 5.426e+04 (roughly 6 MBytes of memory)
 Factor Ops : 4.349e+06 (less than 1 second per iteration)
 Threads    : 1

                  Objective                Residual
Iter       Primal          Dual         Primal    Dual     Compl     Time
   0  -4.89798872e+05 -1.29021775e+06  4.94e+01 1.71e-14  4.57e+02     0s
   1  -1.52601732e+05 -9.46932148e+05  1.07e+01 9.95e-14  1.06e+02     0s
   2  -6.13830976e+04 -4.00935247e+05  9.94e-01 8.53e-14  1.88e+01     0s
   3  -5.44758448e+04 -2.54106625e+05  1.54e-01 5.68e-14  9.28e+00     0s
   4  -5.44186720e+04 -8.23429912e+04  6.50e-03 8.53e-14  1.25e+00     0s
   5  -5.49944174e+04 -6.26050358e+04  3.11e-03 5.68e-14  3.42e-01     0s
   6  -5.58164657e+04 -5.96963567e+04  1.18e-03 5.68e-14  1.74e-01     0s
   7  -5.61423626e+04 -5.87848207e+04  7.86e-04 3.32e-14  1.18e-01     0s
   8  -5.64657708e+04 -5.80669182e+04  4.63e-04 5.68e-14  7.17e-02     0s
   9  -5.66202861e+04 -5.76302830e+04  3.39e-04 5.68e-14  4.53e-02     0s
  10  -5.67789724e+04 -5.73893233e+04  2.18e-04 2.84e-14  2.74e-02     0s
  11  -5.68531142e+04 -5.72682969e+04  1.65e-04 5.68e-14  1.86e-02     0s
  12  -5.69240632e+04 -5.71965605e+04  1.14e-04 2.84e-14  1.22e-02     0s
  13  -5.70049517e+04 -5.71525545e+04  5.91e-05 2.84e-14  6.63e-03     0s
  14  -5.70534875e+04 -5.71317560e+04  2.36e-05 5.68e-14  3.51e-03     0s
  15  -5.70759307e+04 -5.71029135e+04  1.14e-05 5.68e-14  1.21e-03     0s
  16  -5.70945079e+04 -5.70999881e+04  1.76e-06 5.68e-14  2.46e-04     0s
  17  -5.70980168e+04 -5.70986872e+04  1.75e-07 5.68e-14  3.01e-05     0s
  18  -5.70985424e+04 -5.70985476e+04  2.72e-11 5.68e-14  2.29e-07     0s
  19  -5.70985449e+04 -5.70985449e+04  3.02e-12 5.68e-14  8.04e-13     0s

Barrier solved model in 19 iterations and 0.25 seconds
Optimal objective -5.70985449e+04


Root relaxation: objective -5.709854e+04, 4775 iterations, 0.22 seconds

    Nodes    |    Current Node    |     Objective Bounds      |     Work
 Expl Unexpl |  Obj  Depth IntInf | Incumbent    BestBd   Gap | It/Node Time

     0     0 -57098.545    0  554    0.00000 -57098.545      -     -    0s
H    0     0                    -51650.60000 -57098.545  10.5%     -    0s
H    0     0                    -52261.60000 -57098.545  9.26%     -    0s
H    0     0                    -53028.60000 -57098.545  7.67%     -    0s
H    0     0                    -53050.60000 -57098.545  7.63%     -    0s
     0     0 -56863.894    0  805 -53050.600 -56863.894  7.19%     -    0s
     0     0 -56829.671    0  878 -53050.600 -56829.671  7.12%     -    0s
H    0     0                    -53505.40000 -56829.671  6.21%     -    1s
     0     0 -56736.285    0  949 -53505.400 -56736.285  6.04%     -    1s
     0     0 -56692.970    0 1272 -53505.400 -56692.970  5.96%     -    1s
H    0     0                    -53593.00000 -56692.970  5.78%     -    1s
     0     0 -56668.064    0 1288 -53593.000 -56668.064  5.74%     -    1s
     0     0 -56615.901    0 1222 -53593.000 -56615.901  5.64%     -    2s
H    0     0                    -53719.00000 -56615.901  5.39%     -    2s
     0     0 -56576.837    0 1291 -53719.000 -56576.837  5.32%     -    2s
     0     0 -56539.804    0 1244 -53719.000 -56539.804  5.25%     -    2s
H    0     0                    -53902.00000 -56539.804  4.89%     -    3s
H    0     0                    -53982.00000 -56539.804  4.74%     -    3s
     0     0 -56517.829    0  768 -53982.000 -56517.829  4.70%     -    3s
H    0     0                    -54766.80000 -56517.829  3.20%     -    7s
H    0     0                    -55232.00000 -56517.829  2.33%     -   10s
     0     2 -56517.829    0  704 -55232.000 -56517.829  2.33%     -   10s
H    2     4                    -55251.80000 -56517.829  2.29%   986   11s
H   18    21                    -55268.60000 -56517.058  2.26%   736   12s
H  138   139                    -55362.00000 -56448.782  1.96%   149   19s
H  142   143                    -55431.20000 -56448.782  1.84%   146   19s
   319   319 -56426.591   43 1018 -55431.200 -56448.782  1.84%  85.9   20s
  1685  1615 -56176.358  216  850 -55431.200 -56448.782  1.84%  46.4   27s
H 1700  1615                    -55448.00000 -56448.782  1.80%  46.4   27s
H 1716  1627                    -55598.00000 -56448.782  1.53%  46.5   27s
  1813  1736 -56147.431  229  788 -55598.000 -56448.782  1.53%  47.1   30s
H 1815  1738                    -55678.00000 -56448.782  1.38%  47.1   30s
H 2100  1978                    -55700.20000 -56447.358  1.34%  48.1   34s
  2277  2155 -56428.278   15 1081 -55700.200 -56447.358  1.34%  49.3   36s
H 2378  2229                    -55714.00000 -56447.358  1.32%  49.1   36s
  3353  3107 -56228.378  177  812 -55714.000 -56447.358  1.32%  48.4   40s
H 3448  3141                    -55749.20000 -56447.358  1.25%  48.5   40s
  4192  3877 -56074.942  267  705 -55749.200 -56447.358  1.25%  48.2   45s
H 4200  3868                    -55771.40000 -56447.358  1.21%  48.2   45s
H 5072  4620                    -55790.00000 -56432.117  1.15%  48.4   47s
  5158  4739 -56345.184  261  977 -55790.000 -56432.117  1.15%  48.4   50s
  5166  4744 -56308.500  326  649 -55790.000 -56357.402  1.02%  48.3   56s
H 5167  4509                    -55808.60000 -56357.402  0.98%  53.1   56s

Cutting planes:
  Gomory: 14
  Cover: 307
  Clique: 8
  MIR: 290
  Flow cover: 25

Explored 5168 nodes (297232 simplex iterations) in 56.52 seconds
Thread count was 16 (of 16 available processors)

Optimal solution found (tolerance 1.00e-02)
Best objective -5.580860000000e+04, best bound -5.635740000000e+04, gap 0.9834%
Changed value of parameter SubMIPNodes to 2000
   Prev: 500  Min: 0  Max: 2000000000  Default: 500
Changed value of parameter TimeLimit to 10000.0
   Prev: 1e+100  Min: 0.0  Max: 1e+100  Default: 1e+100
Changed value of parameter MIPFocus to 1
   Prev: 0  Min: 0  Max: 3  Default: 0
Parameter Heuristics unchanged
   Value: 0.05  Min: 0.0  Max: 1.0  Default: 0.05
Optimize a model with 7513 rows, 4877 columns and 21792 nonzeros
Coefficient statistics:
  Matrix range    [1e+00, 8e+02]
  Objective range [1e+00, 2e+02]
  Bounds range    [1e+00, 1e+00]
  RHS range       [1e+00, 8e+02]
Found heuristic solution: objective 26219
Presolve removed 2 rows and 1 columns
Presolve time: 0.05s
Presolved: 7511 rows, 4876 columns, 21786 nonzeros
Variable types: 747 continuous, 4129 integer (4129 binary)

Root relaxation: objective 0.000000e+00, 3060 iterations, 0.04 seconds

    Nodes    |    Current Node    |     Objective Bounds      |     Work
 Expl Unexpl |  Obj  Depth IntInf | Incumbent    BestBd   Gap | It/Node Time

     0     0    0.00000    0  376 26219.0000    0.00000   100%     -    0s
H    0     0                    23498.400000    0.00000   100%     -    0s
     0     0    0.00000    0  621 23498.4000    0.00000   100%     -    0s
     0     0    0.00000    0  602 23498.4000    0.00000   100%     -    0s
H    0     0                    15587.400000    0.00000   100%     -    0s
H    0     0                    15344.400000    0.00000   100%     -    0s
H    0     0                    15261.000000    0.00000   100%     -    0s
     0     0    0.00000    0  738 15261.0000    0.00000   100%     -    1s
     0     0    0.00000    0  712 15261.0000    0.00000   100%     -    1s
H    0     0                    15180.000000    0.00000   100%     -    1s
H    0     0                    15078.000000    0.00000   100%     -    1s
H    0     0                    14705.200000    0.00000   100%     -    1s
     0     0    0.00000    0  748 14705.2000    0.00000   100%     -    1s
H    0     0                    13446.600000    0.00000   100%     -    1s
     0     0    0.00000    0  728 13446.6000    0.00000   100%     -    1s
H    0     0                    12627.600000    0.00000   100%     -    1s
     0     0    0.00000    0  781 12627.6000    0.00000   100%     -    1s
H    0     0                    11512.600000    0.00000   100%     -    2s
     0     0    0.00000    0  794 11512.6000    0.00000   100%     -    2s
     0     0    0.00000    0  414 11512.6000    0.00000   100%     -    2s
H    0     0                    10345.200000    0.00000   100%     -    3s
H    0     0                    10183.200000    0.00000   100%     -    3s
     0     2    0.00000    0  408 10183.2000    0.00000   100%     -    4s
H   30    36                    10101.000000    0.00000   100%   124    4s
H  137   137                    10080.000000    0.00000   100%  44.6    4s
H  140   140                    10039.000000    0.00000   100%  43.7    4s
H  225   225                    10016.800000    0.00000   100%  30.9    4s
H  226   226                    9670.4000000    0.00000   100%  30.7    4s
H  228   228                    9593.0000000    0.00000   100%  30.5    4s
   233   234    0.00000   31  476 9593.00000    0.00000   100%  30.0    5s
H  313   314                    9267.6000000    0.00000   100%  24.6    9s
H  313   314                    8517.4000000    0.00000   100%  24.6    9s
   321   323    0.00000   39  481 8517.40000    0.00000   100%  24.2   10s
H  416   389                    7709.2000000    0.00000   100%  20.6   10s
   523   522    0.00000   60  467 7709.20000    0.00000   100%  18.0   16s
H  549   522                    7303.0000000    0.00000   100%  17.5   16s
H  603   577                    7015.8000000    0.00000   100%  16.6   16s
H  765   743                    6913.8000000    0.00000   100%  14.7   17s
H  819   797                    6912.6000000    0.00000   100%  14.4   17s
H  927   902                    6853.8000000    0.00000   100%  13.9   17s
   955   950  201.00000  101  481 6853.80000    0.00000   100%  13.7   21s
H  981   950                    6406.6000000    0.00000   100%  13.5   21s
H 1143  1118                    6145.8000000    0.00000   100%  12.8   21s
H 1197  1176                    5983.8000000    0.00000   100%  12.6   23s
H 1224  1202                    5942.6000000    0.00000   100%  12.5   23s
H 1359  1334                    5879.8000000    0.00000   100%  12.0   23s
  1387  1387    0.00000  143  507 5879.80000    0.00000   100%  11.9   26s
H 1413  1387                    5857.6000000    0.00000   100%  11.8   26s
H 1467  1440                    5797.6000000    0.00000   100%  11.6   26s
H 1521  1492                    5717.8000000    0.00000   100%  11.5   26s
H 1629  1600                    5635.6000000    0.00000   100%  11.2   28s
H 1777  1749                    5614.6000000    0.00000   100%  10.8   28s
H 1862  1834                    5533.6000000    0.00000   100%  10.7   28s
  1917  1916   82.20000  192  506 5533.60000    0.00000   100%  10.6   80s
H 1943  1916                    5309.6000000    0.00000   100%  10.5   80s
H 2024  1996                    5269.6000000    0.00000   100%  10.3   80s
  2133  2155  163.20000  213  511 5269.60000    0.00000   100%  10.2   87s
H 6103  5081                    5230.6000000    0.00000   100%   8.0   87s
H 7104  6040                    5209.6000000    0.00000   100%   7.8   87s
 10151  9844 1291.20000  227 1020 5209.60000    0.00000   100%   7.5   90s
H10151  9351                    5208.4000000    0.00000   100%   7.5   92s
 10165  9378    0.00000   18  498 5208.40000    0.00000   100%  11.0   99s
 10868  9908  203.00000  136  498 5208.40000    0.00000   100%  11.3  105s
H12501  9879                    5168.4000000    0.00000   100%  10.8  105s
H13502 10086                    5148.4000000    0.00000   100%  10.6  105s
H18876 13594                    5108.4000000    0.00000   100%  10.2  111s
H19800 12883                    5067.4000000    0.00000   100%  10.1  111s
H21002 13904                    5048.4000000    0.00000   100%  10.0  111s
H26007 16549                    5010.4000000    0.00000   100%   9.9  111s
H26884 16665                    4929.4000000    0.00000   100%   9.9  116s
 34026 22296 1818.00000  532  525 4929.40000    0.00000   100%   9.8  120s
H35293 23419                    4910.4000000    0.00000   100%   9.7  120s
H36372 24308                    4850.4000000    0.00000   100%   9.7  120s
H38614 26309                    4771.4000000    0.00000   100%   9.7  123s
H39184 26797                    4769.4000000    0.00000   100%   9.8  123s
H42626 29546                    4688.4000000    0.00000   100%   9.8  126s
 46469 33152 infeasible  740      4688.40000    0.00000   100%   9.8  172s
H46470 32618                    4546.4000000    0.00000   100%   9.8  172s
H46574 32710                    4545.4000000    0.00000   100%   9.8  172s
 46859 33020 4188.00000  741  505 4545.40000    0.00000   100%   9.8  197s
H46885 32984                    4524.4000000    0.00000   100%   9.8  197s
H48459 34366                    4505.4000000    0.00000   100%   9.8  197s
H48585 34021                    4384.4000000    0.00000   100%   9.8  197s
 48588 34039 4227.02285  741  503 4384.40000    0.00000   100%   9.8  315s
H48612 33997                    4363.4000000    0.00000   100%   9.8  315s
H48737 33984                    4342.4000000    0.00000   100%   9.9  315s
 48803 34086 4290.02285  742  499 4342.40000    0.00000   100%   9.9  420s
H48852 33517                    4180.4000000    0.00000   100%   9.9  420s
 48866 33496     cutoff  740      4180.40000    0.00000   100%   9.9  637s
H49027 33456                    4140.4000000    0.00000   100%   9.9  637s
 49082 33571  765.00000  153  501 4140.40000    0.00000   100%   9.9  642s
 50448 34721 3903.00000  337  460 4140.40000    0.00000   100%  10.0  650s
 57272 40746  687.00000  336  518 4140.40000    0.00000   100%  10.1  657s
H61170 44159                    4121.4000000    0.00000   100%  10.2  657s
H62967 45435                    4100.4000000    0.00000   100%  10.2  657s
 63459 46178 3218.20000  661  524 4100.40000    0.00000   100%  10.2  663s
H63500 45299                    3940.4000000    0.00000   100%  10.2  663s
 68950 49943     cutoff  396      3940.40000    0.00000   100%  10.3  669s
H68951 49154                    3862.4000000    0.00000   100%  10.3  669s
 74745 53983 infeasible  351      3862.40000    0.00000   100%  10.3  715s
 75943 55066 3621.40000  379  440 3862.40000    0.00000   100%  10.3  858s
H75945 54156                    3781.4000000    0.00000   100%  10.3  858s
H76767 54339                    3741.4000000    0.00000   100%  10.4  858s
 76770 54320 3621.40000  380  437 3741.40000    0.00000   100%  10.4  864s
 82816 59761  324.00000  361  520 3741.40000    0.00000   100%  10.6  870s
H83600 59044                    3621.4000000    0.00000   100%  10.6  870s
 88388 63194  932.00000  507  526 3621.40000    0.00000   100%  10.7  876s
 96396 70563 3488.20000  720  485 3621.40000    0.00000   100%  10.7  882s
 104364 77629  243.29171  164  494 3621.40000    0.00000   100%  10.7  945s
H106751 78985                    3582.4000000    0.00000   100%  10.8  945s
 107828 79910  705.00000  152  533 3582.40000    0.00000   100%  10.8 1119s
H108213 79730                    3541.4000000    0.00000   100%  10.8 1119s
H108812 80298                    3540.4000000    0.00000   100%  10.8 1119s
 109014 80401 2962.00000  242  522 3540.40000    0.00000   100%  10.8 1124s
H111326 81310                    3499.4000000    0.00000   100%  10.8 1124s
 113377 83228 3379.20000  371  468 3499.40000    0.00000   100%  10.8 1129s
 118195 87344 3208.00000  370  459 3499.40000    0.00000   100%  10.9 1134s
H119501 87397                    3459.4000000    0.00000   100%  10.9 1134s
 126075 93537   81.00000   82  491 3459.40000    0.00000   100%  10.9 1139s
 133092 99424  282.00000  145  533 3459.40000    0.00000   100%  10.9 1140s
 133928 100354  364.20000  236  542 3459.40000    0.00000   100%  10.9 1190s
H134541 100019                    3418.4000000    0.00000   100%  10.9 1190s
 138944 104075 1375.20000  537  490 3418.40000    0.00000   100%  11.0 1343s
 138952 104118 1336.20000  540  494 3418.40000    0.00000   100%  11.0 1348s
 143231 107832 2656.60000  670  438 3418.40000    0.00000   100%  11.0 1353s
 147187 111525 1718.00000  270  502 3418.40000    0.00000   100%  11.1 1357s
 151284 115074 infeasible  304      3418.40000    0.00000   100%  11.1 1362s
 158871 121275 infeasible  350      3418.40000    0.00000   100%  11.1 1367s
 166644 128322   81.00000  223  536 3418.40000    0.00000   100%  11.1 1372s
 170442 131537  447.20281  369  548 3418.40000    0.00000   100%  11.1 1377s
 177972 138221 1869.20000  588  522 3418.40000    0.00000   100%  11.1 1382s
H182701 140626                    3378.4000000    0.00000   100%  11.1 1382s
 184814 142821  323.00000  225  531 3378.40000    0.00000   100%  11.1 1437s
 186238 144204  526.00000  354  505 3378.40000    0.00000   100%  11.1 1441s
 189686 147138 2615.40000  549  456 3378.40000    0.00000   100%  11.2 1543s
H189692 146522                    3359.4000000    0.00000   100%  11.2 1543s
 189694 146465 2615.40000  550  455 3359.40000    0.00000   100%  11.2 1547s
 193348 149452 1937.20000  266  560 3359.40000    0.00000   100%  11.2 1551s
 197057 152464 3132.73125  346  559 3359.40000    0.00000   100%  11.2 1556s
 203910 158358  684.00000  164  522 3359.40000    0.00000   100%  11.2 1560s
 211244 164837 2101.20000  238  510 3359.40000    0.00000   100%  11.3 1565s
 215354 168645 3136.20000  272  481 3359.40000    0.00000   100%  11.3 1806s
H215441 167745                    3338.4000000    0.00000   100%  11.3 1806s
 215445 167809     cutoff  274      3338.40000    0.00000   100%  11.3 1810s
 218860 170776 1088.00000  203  515 3338.40000    0.00000   100%  11.3 1815s
 225554 176651  545.00000  184  548 3338.40000    0.00000   100%  11.3 1822s
 229281 179958 3078.40000  356  478 3338.40000    0.00000   100%  11.4 1827s
 236537 186412 infeasible  347      3338.40000    0.00000   100%  11.4 1832s
 243831 192923  203.00000  274  530 3338.40000    0.00000   100%  11.4 1836s
 250808 198985 1318.00000  443  533 3338.40000    0.00000   100%  11.4 1882s
 251044 199140 1399.00000  455  515 3338.40000    0.00000   100%  11.4 1886s
 254113 201955 1925.20000  528  499 3338.40000    0.00000   100%  11.4 2039s
 254121 201966 2006.20000  529  496 3338.40000    0.00000   100%  11.4 2042s
 257129 204680 2960.40000  595  467 3338.40000    0.00000   100%  11.4 2046s
 260169 207465 3109.20000  389  506 3338.40000    0.00000   100%  11.4 2051s
 266484 213189 2345.20000  509  484 3338.40000    0.00000   100%  11.4 2055s
 276347 221673 2235.00000  281  555 3338.40000    0.00000   100%  11.4 2295s
 279730 224690  201.00000  234  525 3338.40000    0.00000   100%  11.4 2401s
 279755 224626  402.00000  237  524 3338.40000    0.00000   100%  11.4 2406s
 283326 227754 3191.40000  312  484 3338.40000    0.00000   100%  11.5 2410s
 284380 228556     cutoff  342      3338.40000    0.00000   100%  11.5 2545s
 288255 231915 2021.00000  329  501 3338.40000    0.00000   100%  11.5 2554s
 291860 234743 1192.00000  272  535 3338.40000    0.00000   100%  11.5 2558s
 295411 237825  405.00000  327  523 3338.40000    0.00000   100%  11.5 2563s
 299095 241018  992.00000  469  512 3338.40000    0.00000   100%  11.5 2567s
 302687 243952 1684.20000  575  528 3338.40000    0.00000   100%  11.5 2571s
 306148 246892 2757.20000  654  489 3338.40000    0.00000   100%  11.5 2576s
 307389 248093 2757.20000  654  491 3338.40000    0.00000   100%  11.5 2824s
H307393 246009                    3298.4000000    0.00000   100%  11.5 2824s
 307397 245977 2757.20000  654  490 3298.40000    0.00000   100%  11.5 2829s
H310877 247728                    3279.4000000    0.00000   100%  11.5 2829s
 311208 248167   21.00000  314  547 3279.40000    0.00000   100%  11.5 2834s
 315054 251493  569.26659  468  506 3279.40000    0.00000   100%  11.5 2839s
 318825 254392 1421.31625  563  494 3279.40000    0.00000   100%  11.5 2844s
 322534 257431 2354.00000  642  486 3279.40000    0.00000   100%  11.5 2848s
 326140 260816 3246.00000  722  465 3279.40000    0.00000   100%  11.5 2853s
 329740 263818 2399.00000  331  544 3279.40000    0.00000   100%  11.5 2858s
 333432 266704 3065.00000  395  551 3279.40000    0.00000   100%  11.5 2862s
 337165 269440  402.00000  271  528 3279.40000    0.00000   100%  11.5 2866s
 341493 272407 3188.20000  400  476 3279.40000    0.00000   100%  11.5 2870s
H345392 274142                    3258.4000000    0.00000   100%  11.6 2875s
 349997 278085  525.00000  255  514 3258.40000    0.00000   100%  11.6 3145s
 354017 281458 3032.40000  303  468 3258.40000    0.00000   100%  11.6 3154s
 357961 284634 2622.00000  206  493 3258.40000    0.00000   100%  11.6 3159s
 362186 288253 infeasible  319      3258.40000    0.00000   100%  11.6 3163s
 366041 291616 2929.20000  319  479 3258.40000    0.00000   100%  11.6 3168s
 369766 294818  525.00000  285  540 3258.40000    0.00000   100%  11.6 3174s
 377175 301456 1562.20000  522  507 3258.40000    0.00000   100%  11.6 3179s
 379034 302336 1031.00000  316  542 3258.40000    0.00000   100%  11.6 3180s
 384572 308255 2761.20000  277  518 3258.40000    0.00000   100%  11.6 3185s
 395358 317855 1410.00000  212  532 3258.40000    0.00000   100%  11.7 3279s
 395862 318295 1410.00000  213  531 3258.40000    0.00000   100%  11.7 3283s
 400016 321635 2930.00000  262  503 3258.40000    0.00000   100%  11.7 3288s
 407506 328095  669.21500  359  533 3258.40000    0.00000   100%  11.7 3293s
 414399 334350 2333.21500  560  482 3258.40000    0.00000   100%  11.7 3429s
 414598 334553 infeasible  561      3258.40000    0.00000   100%  11.7 3434s
 418104 337583    0.00000  112  506 3258.40000    0.00000   100%  11.8 3438s
 421654 340754  242.00000  203  503 3258.40000    0.00000   100%  11.8 3443s
 428795 347161  892.00000  510  496 3258.40000    0.00000   100%  11.8 3448s
 435954 353641 infeasible  672      3258.40000    0.00000   100%  11.8 3658s
 435968 353594 2922.60000  672  463 3258.40000    0.00000   100%  11.8 3663s
 439559 356663 2278.00000  283  475 3258.40000    0.00000   100%  11.8 3667s
 443169 359663 infeasible  318      3258.40000    0.00000   100%  11.9 3671s
 446776 362723  243.70875  290  529 3258.40000    0.00000   100%  11.9 3676s
H447853 360436                    3218.4000000    0.00000   100%  11.9 3676s
 450417 362667  507.00000  415  528 3218.40000    0.00000   100%  11.9 3680s
 453749 365780 1357.00000  516  507 3218.40000    0.00000   100%  11.9 3685s
 460780 371834  201.00000  166  550 3218.40000    0.00000   100%  11.9 3693s
 464422 375089  929.00000  373  553 3218.40000    0.00000   100%  11.9 3698s
 471678 381289  162.00000  308  523 3218.40000    0.00000   100%  11.9 3704s
 478484 387292 1864.40000  503  511 3218.40000    0.00000   100%  11.9 3709s
 485762 393641  948.00000  258  519 3218.40000    0.00000   100%  12.0 3713s
 490249 397409  948.00000  226  508 3218.40000    0.00000   100%  12.0 3718s
 497468 403451 3156.00000  358  507 3218.40000    0.00000   100%  12.0 3784s
 497880 403830 infeasible  359      3218.40000    0.00000   100%  12.0 3788s
 501650 406776 3094.00000  345  519 3218.40000    0.00000   100%  12.0 3793s
 508722 412685  647.00000  213  527 3218.40000    0.00000   100%  12.0 4012s
 508731 412740  728.00000  214  528 3218.40000    0.00000   100%  12.0 4017s
 512181 415539 1374.20000  223  534 3218.40000    0.00000   100%  12.0 4021s
 515619 418429 infeasible  322      3218.40000    0.00000   100%  12.0 4025s
 519089 421169 2784.00000  343  512 3218.40000    0.00000   100%  12.0 4030s
 525673 426580     cutoff  415      3218.40000    0.00000   100%  12.0 4038s
 529145 429253    0.27866  313  519 3218.40000    0.00000   100%  12.0 4042s
 532642 432044  184.20000  430  508 3218.40000    0.00000   100%  12.0 4047s
 539747 437746 1873.40000  622  466 3218.40000    0.00000   100%  12.0 4052s
 546704 443715 3136.40000  708  420 3218.40000    0.00000   100%  12.0 4057s
 553693 449535  366.00000  348  548 3218.40000    0.00000   100%  12.0 4062s
 561019 454875 1660.00000  517  546 3218.40000    0.00000   100%  12.0 4067s
 567839 460599 2726.00000  368  558 3218.40000    0.00000   100%  12.0 4135s
 571250 463717 infeasible  376      3218.40000    0.00000   100%  12.0 4143s
 577728 469278  282.00000  286  534 3218.40000    0.00000   100%  12.0 4495s
 581113 472125 1463.00000  473  524 3218.40000    0.00000   100%  12.0 4504s
 584381 475012 3009.20000  656  495 3218.40000    0.00000   100%  12.0 4508s
 587571 477844  282.00000  364  555 3218.40000    0.00000   100%  12.0 4512s
 590775 480545  590.61500  451  570 3218.40000    0.00000   100%  12.0 4516s
 594103 483162 1300.40000  555  563 3218.40000    0.00000   100%  12.0 4521s
 597475 485900 1969.40000  633  527 3218.40000    0.00000   100%  12.0 4525s
 603720 491409 2845.60000  757  504 3218.40000    0.00000   100%  12.0 4533s
 607188 494192  483.00000  280  547 3218.40000    0.00000   100%  12.0 4538s
 614162 500064 1664.00000  468  532 3218.40000    0.00000   100%  12.0 4543s
 620642 505419 infeasible  394      3218.40000    0.00000   100%  12.0 4547s
 627657 510794 1680.20000  287  510 3218.40000    0.00000   100%  12.0 4551s
 631170 513357 2934.20000  329  502 3218.40000    0.00000   100%  12.0 4556s
 638424 519104   81.02638  274  583 3218.40000    0.00000   100%  12.0 4561s
 645294 524515 1215.20000  507  531 3218.40000    0.00000   100%  12.0 4566s
 651840 529722 2925.20000  649  481 3218.40000    0.00000   100%  12.0 4570s
 658744 535305  504.00000  267  571 3218.40000    0.00000   100%  12.0 4575s
 661667 537757   81.00000  217  567 3218.40000    0.00000   100%  12.0 4910s
 661675 537820   81.00000  218  572 3218.40000    0.00000   100%  12.0 4915s
 667600 543272 2983.20000  569  505 3218.40000    0.00000   100%  12.0 4923s
 670626 545774 1433.00000  276  518 3218.40000    0.00000   100%  12.0 4927s
 673915 548398   81.00000  220  559 3218.40000    0.00000   100%  12.0 4931s
 677284 550899 3193.00000  430  499 3218.40000    0.00000   100%  12.0 4935s
 684155 556214  952.00000  446  550 3218.40000    0.00000   100%  12.0 4943s
 687572 559037 1317.00000  537  523 3218.40000    0.00000   100%  12.0 4947s
 691051 561939 2013.40000  644  489 3218.40000    0.00000   100%  12.0 4952s
 697669 567976 2442.20000  305  502 3218.40000    0.00000   100%  12.0 4956s
 704110 573776     cutoff  317      3218.40000    0.00000   100%  12.0 4960s
 707355 576536   81.00000  314  545 3218.40000    0.00000   100%  12.1 4965s
H713840 579432                    3198.4000000    0.00000   100%  12.1 4965s
 714278 580049 1092.00000  531  492 3198.40000    0.00000   100%  12.1 4970s
 727566 591226  201.00000  178  522 3198.40000    0.00000   100%  12.1 4979s
 734055 596986  728.00000  437  516 3198.40000    0.00000   100%  12.1 4983s
 741045 602839 1843.00000  632  465 3198.40000    0.00000   100%  12.1 4987s
 744897 606184     cutoff  718      3198.40000    0.00000   100%  12.1 4995s
 744957 606251    0.00000   90  497 3198.40000    0.00000   100%  12.1 5190s
 748353 609241 3168.20000  284  516 3198.40000    0.00000   100%  12.1 5198s
 751386 611910  483.00000  122  493 3198.40000    0.00000   100%  12.1 5202s
 754470 614680 2710.00000  324  447 3198.40000    0.00000   100%  12.1 5394s
H754472 614513                    3195.4000000    0.00000   100%  12.1 5394s
 754478 614500 2710.00000  325  448 3195.40000    0.00000   100%  12.1 5398s
 756180 615966 2991.00000  325  465 3195.40000    0.00000   100%  12.1 5813s
 756215 615978 3072.00000  326  464 3195.40000    0.00000   100%  12.1 5831s
 757430 617081 3072.00000  331  470 3195.40000    0.00000   100%  12.1 5890s
 757495 617185     cutoff  332      3195.40000    0.00000   100%  12.1 6005s
 757768 617337 2824.20000  419  454 3195.40000    0.00000   100%  12.1 6313s
 757987 617530 2947.40000  434  455 3195.40000    0.00000   100%  12.1 6318s
 761888 620937  162.00000  250  526 3195.40000    0.00000   100%  12.1 6323s
 765812 624200  729.00000  360  542 3195.40000    0.00000   100%  12.1 6328s
 769509 627205  995.00000  485  514 3195.40000    0.00000   100%  12.1 6332s
 773514 630735 1709.01500  593  498 3195.40000    0.00000   100%  12.2 6337s
 777014 633628 2461.00000  682  452 3195.40000    0.00000   100%  12.2 6342s
 781015 636670 2562.20000  295  467 3195.40000    0.00000   100%  12.2 6347s
 784790 639874 2948.20000  318  468 3195.40000    0.00000   100%  12.2 6391s
 785255 640321 3029.20000  319  465 3195.40000    0.00000   100%  12.2 6463s
 785551 640577  624.00000  151  502 3195.40000    0.00000   100%  12.2 6468s
 789334 643768 1350.00000  156  517 3195.40000    0.00000   100%  12.2 6473s
 793040 646807    0.00000  188  555 3195.40000    0.00000   100%  12.2 6683s
 793048 646816    0.19059  188  564 3195.40000    0.00000   100%  12.2 6688s
 796991 650049  587.00000  341  516 3195.40000    0.00000   100%  12.3 6693s
 800864 653524 1075.00000  461  527 3195.40000    0.00000   100%  12.3 6698s
 804727 656807 2412.00000  520  503 3195.40000    0.00000   100%  12.3 6703s
 808543 660289  483.00000  111  515 3195.40000    0.00000   100%  12.3 6708s
 812336 663346 2988.00000  354  524 3195.40000    0.00000   100%  12.3 6713s
 816265 666432 1614.00000  187  554 3195.40000    0.00000   100%  12.3 6717s
 820165 669665 2948.00000  319  499 3195.40000    0.00000   100%  12.3 6722s
 824020 672576    0.00000  123  507 3195.40000    0.00000   100%  12.4 6727s
 827835 676083     cutoff  301      3195.40000    0.00000   100%  12.4 6732s
 831610 678967  162.00000  250  544 3195.40000    0.00000   100%  12.4 6736s
 833046 680329  486.00000  314  536 3195.40000    0.00000   100%  12.4 7170s
 833056 680373  486.00000  315  537 3195.40000    0.00000   100%  12.4 7175s
 836834 683596  729.00000  449  513 3195.40000    0.00000   100%  12.4 7180s
 843967 689378 3026.20000  375  477 3195.40000    0.00000   100%  12.4 7185s
 848259 693483 2898.40000  685  445 3195.40000    0.00000   100%  12.4 7194s
 852136 696717  162.00000  253  512 3195.40000    0.00000   100%  12.4 7199s
 855969 699741  730.00000  392  476 3195.40000    0.00000   100%  12.4 7204s
 860024 702793 1319.00000  483  464 3195.40000    0.00000   100%  12.4 7209s
 864084 705834 2493.00000  578  477 3195.40000    0.00000   100%  12.4 7214s
 868073 709208 3074.20000  387  463 3195.40000    0.00000   100%  12.5 7219s
 871825 712146 1047.00000  180  503 3195.40000    0.00000   100%  12.5 7224s
 875686 715186 2140.00000  270  489 3195.40000    0.00000   100%  12.5 7228s
 879651 718279  645.00000  183  500 3195.40000    0.00000   100%  12.5 7233s
 883451 721395 1028.00000  245  523 3195.40000    0.00000   100%  12.5 7238s
 886972 724477 2381.41500  293  466 3195.40000    0.00000   100%  12.5 7242s
 889133 726325 2397.00000  235  508 3195.40000    0.00000   100%  12.5 7256s
 889250 726443 2277.00000  237  523 3195.40000    0.00000   100%  12.5 7575s
 889442 726676 2358.00000  241  527 3195.40000    0.00000   100%  12.5 7580s
 893201 729928  603.00000  193  528 3195.40000    0.00000   100%  12.5 7585s
 896873 732929 1128.00000  191  493 3195.40000    0.00000   100%  12.5 7590s
 900718 736245 3189.20000  291  493 3195.40000    0.00000   100%  12.5 7595s
 904641 739215  927.00000  226  480 3195.40000    0.00000   100%  12.5 7600s
 908309 742548  647.00000  228  509 3195.40000    0.00000   100%  12.5 7605s
 912115 745733     cutoff  327      3195.40000    0.00000   100%  12.6 7610s
 919469 752249 1621.40000  243  470 3195.40000    0.00000   100%  12.6 7619s
 923341 755539 1774.20000  261  495 3195.40000    0.00000   100%  12.6 7624s
 927293 758576 1614.00000  202  503 3195.40000    0.00000   100%  12.6 7629s
 930894 761648 infeasible  291      3195.40000    0.00000   100%  12.6 7634s
 934372 764458     cutoff  359      3195.40000    0.00000   100%  12.6 7739s
 934416 764467 2971.63261  358  511 3195.40000    0.00000   100%  12.6 7744s
 938110 767582 1475.00000  215  470 3195.40000    0.00000   100%  12.6 7749s
 941692 770726 infeasible  301      3195.40000    0.00000   100%  12.6 7753s
 945566 774151  807.00000  185  462 3195.40000    0.00000   100%  12.6 7940s
 945574 774116  807.00000  186  462 3195.40000    0.00000   100%  12.6 7945s
 949482 777413 2707.00000  297  458 3195.40000    0.00000   100%  12.6 7950s
 953388 780632   21.00000  214  511 3195.40000    0.00000   100%  12.6 7955s
 957107 783942 1178.00000  430  495 3195.40000    0.00000   100%  12.6 7960s
 960691 786857    0.00000  206  524 3195.40000    0.00000   100%  12.6 7965s
 964302 789979  506.00000  373  536 3195.40000    0.00000   100%  12.6 7970s
 972559 796556 1989.20000  608  475 3195.40000    0.00000   100%  12.6 7979s
 976633 799670 2820.00000  706  477 3195.40000    0.00000   100%  12.6 7983s
 980694 802629  162.00000  298  543 3195.40000    0.00000   100%  12.6 7988s
 984482 805832  490.00000  459  516 3195.40000    0.00000   100%  12.6 7992s
 988283 809057 1566.00000  555  492 3195.40000    0.00000   100%  12.7 7997s
 989978 810276 1566.00000  563  496 3195.40000    0.00000   100%  12.7 8212s
 989986 810244 1566.00000  564  495 3195.40000    0.00000   100%  12.7 8217s
 993667 813195 2257.00000  674  472 3195.40000    0.00000   100%  12.7 8221s
 997254 816276 3028.00000  358  504 3195.40000    0.00000   100%  12.7 8226s
 1000928 819179  243.00000  346  546 3195.40000    0.00000   100%  12.7 8231s
 1004854 822337  893.20000  439  527 3195.40000    0.00000   100%  12.7 8236s
 1012353 828601 2581.80000  665  507 3195.40000    0.00000   100%  12.7 8242s
 1019629 834717    0.00000  203  526 3195.40000    0.00000   100%  12.7 8332s
 1019828 834854    0.00000  202  524 3195.40000    0.00000   100%  12.7 8337s
 1023734 838110 2950.20000  298  495 3195.40000    0.00000   100%  12.7 8656s
 1023742 838100 2989.20000  296  497 3195.40000    0.00000   100%  12.7 8661s
 1027543 840846  303.00000  220  525 3195.40000    0.00000   100%  12.7 8666s
 1031411 843810 2952.20000  333  526 3195.40000    0.00000   100%  12.7 8671s
 1035328 846975 1734.00000  337  534 3195.40000    0.00000   100%  12.7 8675s
 1039117 849994  726.00000  305  543 3195.40000    0.00000   100%  12.7 8680s
 1042748 853215 1677.00000  349  542 3195.40000    0.00000   100%  12.7 8685s
 1050060 859298 1940.00000  323  498 3195.40000    0.00000   100%  12.7 8694s
 1053639 862349 3050.20000  322  486 3195.40000    0.00000   100%  12.7 8699s
 1054424 862349  648.00000  351  503 3195.40000    0.00000   100%  12.7 8700s
 1061131 868747 1098.00000  459  498 3195.40000    0.00000   100%  12.7 8705s
H1061200 859784                    3135.4000000    0.00000   100%  12.7 8705s
 1068210 866170 2341.20000  289  512 3135.40000    0.00000   100%  12.7 8711s
 1075974 872647 1096.00000  478  504 3135.40000    0.00000   100%  12.7 8716s
 1083510 878842 2352.00000  661  474 3135.40000    0.00000   100%  12.7 8721s
 1090613 885024 2060.00000  363  544 3135.40000    0.00000   100%  12.7 8727s
 1098240 890855    0.00000  236  540 3135.40000    0.00000   100%  12.7 8731s
 1102856 894341 2483.00000  334  496 3135.40000    0.00000   100%  12.7 8736s
 1106091 896739 3084.00000  300  507 3135.40000    0.00000   100%  12.7 8741s
 1108333 898608 2927.20000  390  502 3135.40000    0.00000   100%  12.7 8813s
 1108869 899160     cutoff  391      3135.40000    0.00000   100%  12.7 8817s
 1112429 902073  228.27125  318  540 3135.40000    0.00000   100%  12.7 9120s
 1115877 904865  749.00000  404  516 3135.40000    0.00000   100%  12.7 9129s
 1119303 907386 1195.00000  504  505 3135.40000    0.00000   100%  12.7 9133s
 1122679 910014 2230.00000  567  489 3135.40000    0.00000   100%  12.8 9138s
 1126256 912784 2881.24138  660  468 3135.40000    0.00000   100%  12.8 9142s
 1130124 915674 1295.00000  458  509 3135.40000    0.00000   100%  12.8 9146s
 1133759 918731 2919.00000  648  479 3135.40000    0.00000   100%  12.8 9150s
 1137730 921999 2647.00000  376  493 3135.40000    0.00000   100%  12.8 9156s
 1144982 928080 1136.00000  486  541 3135.40000    0.00000   100%  12.8 9161s
 1152064 933740 2979.00000  643  486 3135.40000    0.00000   100%  12.8 9558s
 1152072 933692     cutoff  643      3135.40000    0.00000   100%  12.8 9562s
 1155572 936631 2908.00000  382  504 3135.40000    0.00000   100%  12.8 9567s
 1159228 939038  710.20000  352  503 3135.40000    0.00000   100%  12.8 9571s
 1162689 941966  874.20000  489  481 3135.40000    0.00000   100%  12.8 9576s
 1166127 944704 1603.20000  558  493 3135.40000    0.00000   100%  12.8 9580s
 1169563 947608 2331.20000  644  455 3135.40000    0.00000   100%  12.8 9585s
 1176964 953546  811.00000  340  525 3135.40000    0.00000   100%  12.8 9593s
 1180658 956730 2718.50625  555  459 3135.40000    0.00000   100%  12.8 9599s
 1187790 962837  932.00000  442  525 3135.40000    0.00000   100%  12.8 9604s
 1195179 968808 2880.80000  661  485 3135.40000    0.00000   100%  12.8 9609s
 1202558 974808 infeasible  409      3135.40000    0.00000   100%  12.8 9614s
 1207155 978514 1172.00000  371  544 3135.40000    0.00000   100%  12.8 9620s
 1209328 980377 1739.00000  434  541 3135.40000    0.00000   100%  12.8 9826s
 1209847 980800 1679.00000  487  521 3135.40000    0.00000   100%  12.8 9830s
 1217282 986104  201.00000  313  545 3135.40000    0.00000   100%  12.8 9838s
 1221193 988940  789.00000  426  536 3135.40000    0.00000   100%  12.8 9844s
 1227842 994843 2410.00000  608  490 3135.40000    0.00000   100%  12.8 9924s
 1228347 995222 2572.00000  607  492 3135.40000    0.00000   100%  12.8 9928s
 1231620 998042 2904.00000  371  512 3135.40000    0.00000   100%  12.8 9932s
 1235229 1000749 2624.00000  336  506 3135.40000    0.00000   100%  12.9 9938s
 1241920 1006557 infeasible  398      3135.40000    0.00000   100%  12.8 10000s

Cutting planes:
  Gomory: 40
  Cover: 195
  Implied bound: 280
  MIR: 1755
  Flow cover: 2078

Explored 1241924 nodes (15986091 simplex iterations) in 10000.20 seconds
Thread count was 16 (of 16 available processors)

Time limit reached
Best objective 3.135400000000e+03, best bound 0.000000000000e+00, gap 100.0000%
