
Gurobi 6.5.0 (linux64) logging started Thu Sep  1 22:49:55 2016

Changed value of parameter MIPGap to 0.01
   Prev: 0.0001  Min: 0.0  Max: 1e+100  Default: 0.0001
Changed value of parameter TimeLimit to 3000.0
   Prev: 1e+100  Min: 0.0  Max: 1e+100  Default: 1e+100
Changed value of parameter Method to 2
   Prev: -1  Min: -1  Max: 4  Default: -1
Changed value of parameter MIPFocus to 1
   Prev: 0  Min: 0  Max: 3  Default: 0
Optimize a model with 2078 rows, 2967 columns and 5934 nonzeros
Coefficient statistics:
  Matrix range    [1e+00, 1e+01]
  Objective range [1e+00, 1e+00]
  Bounds range    [1e+00, 1e+00]
  RHS range       [8e+01, 8e+01]
Found heuristic solution: objective 0
Presolve removed 2019 rows and 2104 columns
Presolve time: 0.06s
Presolved: 59 rows, 863 columns, 1370 nonzeros
Found heuristic solution: objective -786.7160000
Variable types: 0 continuous, 863 integer (825 binary)
Optimize a model with 59 rows, 863 columns and 1370 nonzeros
Coefficient statistics:
  Matrix range    [1e+00, 1e+01]
  Objective range [1e+00, 1e+00]
  Bounds range    [1e+00, 4e+00]
  RHS range       [1e+01, 8e+01]
Presolved: 59 rows, 863 columns, 1370 nonzeros

Root barrier log...

Ordering time: 0.00s

Barrier statistics:
 AA' NZ     : 4.660e+02
 Factor NZ  : 1.544e+03
 Factor Ops : 5.234e+04 (less than 1 second per iteration)
 Threads    : 1

                  Objective                Residual
Iter       Primal          Dual         Primal    Dual     Compl     Time
   0  -2.73914739e+03 -3.54693433e+03  1.75e+01 1.78e-15  6.20e+00     0s
   1  -8.95306643e+02 -2.38954113e+03  1.27e+00 8.22e-01  1.25e+00     0s
   2  -7.62131032e+02 -9.37125717e+02  0.00e+00 3.22e-02  9.85e-02     0s
   3  -8.18347379e+02 -8.70508614e+02  0.00e+00 3.02e-14  2.93e-02     0s
   4  -8.39930570e+02 -8.55070031e+02  0.00e+00 7.11e-15  8.48e-03     0s
   5  -8.46514221e+02 -8.53077397e+02  0.00e+00 1.78e-15  3.68e-03     0s
   6  -8.48800043e+02 -8.52286631e+02  0.00e+00 1.78e-15  1.95e-03     0s
   7  -8.50725946e+02 -8.52026319e+02  0.00e+00 1.78e-15  7.29e-04     0s
   8  -8.51580826e+02 -8.51880009e+02  0.00e+00 1.78e-15  1.68e-04     0s
   9  -8.51675733e+02 -8.51743592e+02  0.00e+00 1.78e-15  3.80e-05     0s
  10  -8.51693465e+02 -8.51712545e+02  0.00e+00 1.78e-15  1.07e-05     0s
  11  -8.51697670e+02 -8.51698833e+02  0.00e+00 3.55e-15  6.52e-07     0s
  12  -8.51697906e+02 -8.51697937e+02  0.00e+00 1.78e-15  1.77e-08     0s
  13  -8.51697910e+02 -8.51697910e+02  0.00e+00 3.55e-15  1.77e-11     0s

Barrier solved model in 13 iterations and 0.20 seconds
Optimal objective -8.51697910e+02


Root relaxation: objective -8.516979e+02, 10 iterations, 0.12 seconds

    Nodes    |    Current Node    |     Objective Bounds      |     Work
 Expl Unexpl |  Obj  Depth IntInf | Incumbent    BestBd   Gap | It/Node Time

     0     0 -851.69791    0   48 -786.71600 -851.69791  8.26%     -    0s
H    0     0                    -837.6255000 -851.69791  1.68%     -    0s
H    0     0                    -839.6377000 -851.69791  1.44%     -    0s
H    0     0                    -840.6530000 -851.69791  1.31%     -    0s
     0     0 -848.75602    0   66 -840.65300 -848.75602  0.96%     -    0s

Cutting planes:
  Cover: 13
  MIR: 33

Explored 0 nodes (131 simplex iterations) in 0.31 seconds
Thread count was 16 (of 16 available processors)

Optimal solution found (tolerance 1.00e-02)
Best objective -8.406530000000e+02, best bound -8.487560186845e+02, gap 0.9639%
Changed value of parameter SubMIPNodes to 2000
   Prev: 500  Min: 0  Max: 2000000000  Default: 500
Changed value of parameter TimeLimit to 25000.0
   Prev: 1e+100  Min: 0.0  Max: 1e+100  Default: 1e+100
Changed value of parameter MIPFocus to 1
   Prev: 0  Min: 0  Max: 3  Default: 0
Changed value of parameter Heuristics to 0.8
   Prev: 0.05  Min: 0.0  Max: 1.0  Default: 0.05
Optimize a model with 28905 rows, 15711 columns and 85876 nonzeros
Coefficient statistics:
  Matrix range    [1e+00, 8e+02]
  Objective range [1e+00, 1e+00]
  Bounds range    [1e+00, 1e+00]
  RHS range       [2e+00, 8e+02]
Presolve removed 32 rows and 16 columns
Presolve time: 0.25s
Presolved: 28873 rows, 15695 columns, 85780 nonzeros
Variable types: 839 continuous, 14856 integer (14856 binary)

Root relaxation: objective 0.000000e+00, 13111 iterations, 1.23 seconds
Total elapsed time = 5.02s

    Nodes    |    Current Node    |     Objective Bounds      |     Work
 Expl Unexpl |  Obj  Depth IntInf | Incumbent    BestBd   Gap | It/Node Time

     0     0    0.00000    0  327          -    0.00000      -     -    6s
     0     0    0.00000    0  618          -    0.00000      -     -    9s
     0     0    0.00000    0  563          -    0.00000      -     -   11s
     0     0    0.00000    0  713          -    0.00000      -     -   11s
     0     0    0.00000    0  642          -    0.00000      -     -   13s
     0     0    0.00000    0  695          -    0.00000      -     -   14s
     0     0    0.00000    0  724          -    0.00000      -     -   16s
     0     0    0.00000    0  748          -    0.00000      -     -   17s
     0     0    0.00000    0  700          -    0.00000      -     -   19s
     0     0    0.00000    0  312          -    0.00000      -     -   24s
H    0     0                     822.6308000    0.00000   100%     -   44s
H    0     0                     197.6326000    0.00000   100%     -  250s
     0     2    0.00000    0  299  197.63260    0.00000   100%     -  253s
H    1     3                     195.6251000    0.00000   100%  4207  253s
H    2     4                     172.5649000    0.00000   100%  2179  279s
     9    11    0.00000    4  434  172.56490    0.00000   100%   707  282s
    12    22    0.00000    4  429  172.56490    0.00000   100%   570  290s
    37    50    0.00000    8  488  172.56490    0.00000   100%   226  297s
H   69    69                     164.5384000    0.00000   100%   134  307s
    69    69    0.00000   10  487  164.53840    0.00000   100%   134  313s
H   71    72                     161.5398000    0.00000   100%   130  313s
    82    87    0.00000   11  574  161.53980    0.00000   100%   122  328s
H  138   138                     144.4962000    0.00000   100%  91.1  609s
H  139   140                     138.4737000    0.00000   100%  91.0  609s
H  143   145                     137.4673000    0.00000   100%  89.8  609s
H  145   146                     130.4650000    0.00000   100%   157  609s
   146   146    0.00000   15  483  130.46500    0.00000   100%   157 1023s
H  200   146                     123.4397000    0.00000   100%   127 1023s
H  530   477                     118.4243000    0.00000   100%   198 1023s
H  586   589                     117.4212000    0.00000   100%   206 1280s
H  589   589                     116.4185000    0.00000   100%   206 1280s
H  595   592                     115.4160000    0.00000   100%   204 1280s
H  596   592                     115.4155000    0.00000   100%   204 1280s
H  598   592                     114.4118000    0.00000   100%   203 1280s
   664   663    0.00000   54  569  114.41180    0.00000   100%   208 1714s
H  665   663                     113.4088000    0.00000   100%   208 1714s
H  666   663                     113.4087000    0.00000   100%   208 1714s
H  700   663                     111.4034000    0.00000   100%   199 1714s
H  852   814                     108.3970000    0.00000   100%   173 1714s
   927   929    0.00000   76  570  108.39700    0.00000   100%   204 2144s
H 1000   929                     106.3916000    0.00000   100%   191 2144s
H 1074  1004                     104.3842000    0.00000   100%   181 2144s
H 1296  1226                     103.3744000    0.00000   100%   172 2144s
H 1444  1372                     101.3814000    0.00000   100%   180 2144s
  1519  1519    0.00000  125  607  101.38140    0.00000   100%   183 2582s
H 1764  1682                      97.3657000    0.00000   100%   179 2582s
  2175  2174    0.00000  173  392   97.36570    0.00000   100%   217 2952s
H 2179  2174                      95.3566000    0.00000   100%   217 2952s
H 2194  2193                      93.3533000    0.00000   100%   215 2952s
H 2299  2275                      92.3534000    0.00000   100%   212 2952s
H 2351  2327                      91.3471000    0.00000   100%   208 2952s
  2352  2354    0.00000  186  382   91.34710    0.00000   100%   207 3276s
H 2449  2401                      89.3434000    0.00000   100%   201 3276s
H 2498  2451                      88.3366000    0.00000   100%   199 3276s
  2744  2748    0.00000  215  441   88.33660    0.00000   100%   196 3644s
H 2800  2748                      87.3336000    0.00000   100%   193 3644s
H 2914  2862                      86.3335000    0.00000   100%   187 3644s
H 2971  2918                      83.3250000    0.00000   100%   184 3644s
  3200  3202    0.00000  250  495   83.32500    0.00000   100%   185 4011s
H 3202  3205                      81.3191000    0.00000   100%   185 4011s
H 3205  3207                      81.3181000    0.00000   100%   185 4011s
H 3207  3208                      81.3161000    0.00000   100%   185 4011s
  3208  3205    0.00000  250  502   81.31610    0.00000   100%   185 4476s
H 3215  3205                      80.3142000    0.00000   100%   184 4476s
H 3300  3205                      78.3099000    0.00000   100%   180 4476s
H 3858  3762                      77.3052000    0.00000   100%   168 4476s
  3952  3950    0.00000  310  529   77.30520    0.00000   100%   168 4973s
H 4001  3999                      76.3028000    0.00000   100%   166 4973s
H 4050  4047                      74.2981000    0.00000   100%   165 4973s
  4344  4336    0.00000  339  532   74.29810    0.00000   100%   161 5562s
H 4400  4336                      73.2953000    0.00000   100%   160 5562s
H 4814  4648                      72.2927000    0.00000   100%   149 5562s
H 4871  4803                      72.2924000    0.00000   100%   147 5562s
H 5242  5171                      72.2920000    0.00000   100%   146 5562s
  5500  5483    0.00000  446  522   72.29200    0.00000   100%   143 6177s
H 5702  5682                      71.2894000    0.00000   100%   141 6177s
H 5904  5881                      71.2866000    0.00000   100%   137 6177s
H 6007  5984                      70.2863000    0.00000   100%   135 6177s
  6008  5983    1.00240  447  519   70.28630    0.00000   100%   135 6696s
H 6293  6162                      69.2837000    0.00000   100%   130 6696s
H 7451  7286                      69.2833000    0.00000   100%   115 6696s
  7452  7368    3.00520  570  579   69.28330    0.00000   100%   115 7431s
H 7594  7445                      68.2817000    0.00000   100%   113 7431s
  8375  8226    3.00520  621  672   68.28170    0.00000   100%   106 7981s
H 8504  8318                      67.2766000    0.00000   100%   105 7981s
  8683  8496    3.00520  638  784   67.27660    0.00000   100%   103 8771s
H 9054  8808                      66.2712000    0.00000   100%   100 8771s
  9827  9564    6.01640  720  751   66.27120    0.00000   100%  93.8 9515s
H10422 10000                      65.2668000    0.00000   100%  89.8 9515s
 11419 11012   10.02990  840  712   65.26680    0.00000   100%  83.7 10162s
H11782 11239                      64.2622000    0.00000   100%  81.6 10162s
 13575 12855   27.08200 1029  688   64.26220    0.00000   100%  75.0 10774s
 14783 13849   59.16420 1119  641   64.26220    0.00000   100%  70.6 11297s
 14971 14003   59.16420 1141  631   64.26220    0.00000   100%  69.9 11985s
H16010 14674                      63.2599000    0.00000   100%  66.4 11985s
 16011 14750   60.17076 1233  602   63.25990    0.00000   100%  66.4 12699s
H16390 14851                      62.2591000    0.00000   100%  68.7 12699s
H16680 14978                      62.2567000    0.00000   100%  68.6 12699s
 16709 15195   11.03100  862  543   62.25670    0.00000   100%  68.5 12700s
 17631 15951    0.00000  543  513   62.25670    0.00000   100%  66.7 13326s
H17632 15943                      61.2555000    0.00000   100%  66.7 13326s
 18291 16510    2.00790  613  625   61.25550    0.00000   100%  67.5 14073s
 19171 17280    2.00790  723  795   61.25550    0.00000   100%  67.9 14802s
 20114 18076    0.00000  365  327   61.25550    0.00000   100%  66.1 14879s
 20115 18077    0.00000  448  696   61.25550    0.00000   100%  66.1 14881s
 20118 18079    2.00550  538  793   61.25550    0.00000   100%  66.1 14885s
 20122 18082   21.06130  953  783   61.25550    0.00000   100%  66.1 14890s
 20123 18082   28.07680  772  336   61.25550    0.00000   100%  66.1 14897s
 20124 18083    1.00500  596  336   61.25550    0.00000   100%  66.1 15038s
 20125 18086    0.00000   11  447   61.25550    0.00000   100%  69.6 15041s
 20135 18114    0.00000   15  374   61.25550    0.00000   100%  69.6 16095s
 21464 19057    0.00000  198  562   61.25550    0.00000   100%  72.1 17301s
H21500 18140                      60.2523000    0.00000   100%  72.0 17301s
 24760 20240    0.00000  316  440   60.25230    0.00000   100%  75.9 18846s
H25100 19267                      59.2481000    0.00000   100%  75.2 18846s
 27988 21485    0.00000  487  527   59.24810    0.00000   100%  72.5 20366s
H28426 20951                      58.2442000    0.00000   100%  71.8 20366s
 29892 21870    2.00420  593  642   58.24420    0.00000   100%  69.8 21860s
H30209 21238                      57.2416000    0.00000   100%  69.2 21860s
 33571 23270    2.00420  748  712   57.24160    0.00000   100%  66.7 23172s
H33576 22489                      56.2383000    0.00000   100%  66.7 23172s
 35511 23617    3.00690  863  671   56.23830    0.00000   100%  65.2 24505s
 37931 24868    9.02500  961  763   56.23830    0.00000   100%  63.2 25000s

Cutting planes:
  Learned: 1
  Gomory: 1
  Implied bound: 3
  MIR: 36
  Flow cover: 21

Explored 39683 nodes (2507897 simplex iterations) in 25000.74 seconds
Thread count was 16 (of 16 available processors)

Time limit reached
Best objective 5.623830000000e+01, best bound 0.000000000000e+00, gap 100.0000%
